=========================================
Experiment Parameters:
=========================================
datasets: FGNET
losses: UnimodalNet
models: resnet18
lrs: 1e-3 5e-4 1e-4
lamdas: 1 10 100
fc_layer_name: FlexibleSingleGaussianFC
=========================================
Starting experiments at: Wed Aug 27 19:18:11 WEST 2025
=========================================
Running: dataset=FGNET, loss=UnimodalNet, model=resnet18, lr=1e-3, lamda=1,fc_layer_name=FlexibleSingleGaussianFC
FGNET train: 802 images, 62 age classes
FGNET test: 200 images, 45 age classes
* Epoch 1/300
- 3s - train_Loss: 5.4275 - train_Acc: 4.24%
- 1s - test_Loss: 7.1116 - test_Acc: 6.50%
* Epoch 31/300
- 2s - train_Loss: 3.5343 - train_Acc: 4.49%
- 1s - test_Loss: 3.5764 - test_Acc: 7.00%
* Epoch 61/300
- 2s - train_Loss: 3.1703 - train_Acc: 6.23%
- 1s - test_Loss: 3.3003 - test_Acc: 9.00%
Early stopping at epoch 80
dataset: FGNET, loss_fn: UnimodalNet, non_pre_weighted
batch_size: 32, lr: 0.001, epochs: 300
time: 212.41s, model: resnet18
lamda: 1.0
fc_layer_name: GaussianFC, use_leaky_gaussianfc:2
batch_size: 32,Best_test_acc: 11.0, Best_test_acc_index: 41

Running: dataset=FGNET, loss=UnimodalNet, model=resnet18, lr=5e-4, lamda=1,fc_layer_name=FlexibleSingleGaussianFC
FGNET train: 802 images, 62 age classes
FGNET test: 200 images, 45 age classes
* Epoch 1/300
- 3s - train_Loss: 6.3911 - train_Acc: 3.37%
- 1s - test_Loss: 3.9841 - test_Acc: 7.00%
* Epoch 31/300
- 2s - train_Loss: 3.3666 - train_Acc: 5.24%
- 1s - test_Loss: 3.4298 - test_Acc: 8.50%
* Epoch 61/300
- 2s - train_Loss: 2.8679 - train_Acc: 8.23%
- 1s - test_Loss: 3.0366 - test_Acc: 8.50%
Early stopping at epoch 81
dataset: FGNET, loss_fn: UnimodalNet, non_pre_weighted
batch_size: 32, lr: 0.0005, epochs: 300
time: 215.85s, model: resnet18
lamda: 1.0
fc_layer_name: GaussianFC, use_leaky_gaussianfc:2
batch_size: 32,Best_test_acc: 11.0, Best_test_acc_index: 57

Running: dataset=FGNET, loss=UnimodalNet, model=resnet18, lr=1e-4, lamda=1,fc_layer_name=FlexibleSingleGaussianFC
FGNET train: 802 images, 62 age classes
FGNET test: 200 images, 45 age classes
* Epoch 1/300
- 3s - train_Loss: 9.5107 - train_Acc: 3.87%
- 1s - test_Loss: 5.8694 - test_Acc: 6.50%
* Epoch 31/300
- 2s - train_Loss: 3.1074 - train_Acc: 4.24%
- 1s - test_Loss: 3.5703 - test_Acc: 7.50%
* Epoch 61/300
- 2s - train_Loss: 2.5637 - train_Acc: 8.35%
- 1s - test_Loss: 3.3760 - test_Acc: 9.00%
Early stopping at epoch 74
dataset: FGNET, loss_fn: UnimodalNet, non_pre_weighted
batch_size: 32, lr: 0.0001, epochs: 300
time: 199.28s, model: resnet18
lamda: 1.0
fc_layer_name: GaussianFC, use_leaky_gaussianfc:2
batch_size: 32,Best_test_acc: 11.0, Best_test_acc_index: 47

Running: dataset=FGNET, loss=UnimodalNet, model=resnet18, lr=1e-3, lamda=10,fc_layer_name=FlexibleSingleGaussianFC
FGNET train: 802 images, 62 age classes
FGNET test: 200 images, 45 age classes
* Epoch 1/300
- 3s - train_Loss: 5.3656 - train_Acc: 2.99%
- 1s - test_Loss: 4.1764 - test_Acc: 4.00%
* Epoch 31/300
- 2s - train_Loss: 3.5028 - train_Acc: 5.11%
- 1s - test_Loss: 3.5193 - test_Acc: 7.50%
* Epoch 61/300
- 2s - train_Loss: 3.1060 - train_Acc: 6.86%
- 1s - test_Loss: 3.2741 - test_Acc: 10.50%
* Epoch 91/300
- 2s - train_Loss: 2.7407 - train_Acc: 8.60%
- 1s - test_Loss: 3.4847 - test_Acc: 9.00%
Early stopping at epoch 105
dataset: FGNET, loss_fn: UnimodalNet, non_pre_weighted
batch_size: 32, lr: 0.001, epochs: 300
time: 283.35s, model: resnet18
lamda: 10.0
fc_layer_name: GaussianFC, use_leaky_gaussianfc:2
batch_size: 32,Best_test_acc: 11.0, Best_test_acc_index: 52

Running: dataset=FGNET, loss=UnimodalNet, model=resnet18, lr=5e-4, lamda=10,fc_layer_name=FlexibleSingleGaussianFC
FGNET train: 802 images, 62 age classes
FGNET test: 200 images, 45 age classes
* Epoch 1/300
- 3s - train_Loss: 6.2583 - train_Acc: 2.37%
- 1s - test_Loss: 4.4303 - test_Acc: 4.50%
* Epoch 31/300
- 2s - train_Loss: 3.3524 - train_Acc: 5.11%
- 1s - test_Loss: 3.4764 - test_Acc: 9.50%
* Epoch 61/300
- 2s - train_Loss: 2.9679 - train_Acc: 7.11%
- 1s - test_Loss: 3.2702 - test_Acc: 8.50%
Early stopping at epoch 78
dataset: FGNET, loss_fn: UnimodalNet, non_pre_weighted
batch_size: 32, lr: 0.0005, epochs: 300
time: 211.45s, model: resnet18
lamda: 10.0
fc_layer_name: GaussianFC, use_leaky_gaussianfc:2
batch_size: 32,Best_test_acc: 11.0, Best_test_acc_index: 73

Running: dataset=FGNET, loss=UnimodalNet, model=resnet18, lr=1e-4, lamda=10,fc_layer_name=FlexibleSingleGaussianFC
FGNET train: 802 images, 62 age classes
FGNET test: 200 images, 45 age classes
* Epoch 1/300
- 3s - train_Loss: 9.5390 - train_Acc: 3.37%
- 1s - test_Loss: 6.2176 - test_Acc: 6.00%
* Epoch 31/300
- 2s - train_Loss: 3.0728 - train_Acc: 4.61%
- 1s - test_Loss: 3.3319 - test_Acc: 8.50%
Early stopping at epoch 50
dataset: FGNET, loss_fn: UnimodalNet, non_pre_weighted
batch_size: 32, lr: 0.0001, epochs: 300
time: 134.17s, model: resnet18
lamda: 10.0
fc_layer_name: GaussianFC, use_leaky_gaussianfc:2
batch_size: 32,Best_test_acc: 10.0, Best_test_acc_index: 43

Running: dataset=FGNET, loss=UnimodalNet, model=resnet18, lr=1e-3, lamda=100,fc_layer_name=FlexibleSingleGaussianFC
FGNET train: 802 images, 62 age classes
FGNET test: 200 images, 45 age classes
* Epoch 1/300
- 3s - train_Loss: 5.2647 - train_Acc: 3.49%
- 1s - test_Loss: 5.4819 - test_Acc: 6.50%
* Epoch 31/300
- 2s - train_Loss: 3.4363 - train_Acc: 4.99%
- 1s - test_Loss: 3.5839 - test_Acc: 7.00%
* Epoch 61/300
- 2s - train_Loss: 3.1379 - train_Acc: 7.11%
- 1s - test_Loss: 3.2710 - test_Acc: 9.50%
* Epoch 91/300
- 2s - train_Loss: 2.7708 - train_Acc: 8.23%
- 1s - test_Loss: 3.3463 - test_Acc: 8.50%
Early stopping at epoch 98
dataset: FGNET, loss_fn: UnimodalNet, non_pre_weighted
batch_size: 32, lr: 0.001, epochs: 300
time: 265.19s, model: resnet18
lamda: 100.0
fc_layer_name: GaussianFC, use_leaky_gaussianfc:2
batch_size: 32,Best_test_acc: 10.0, Best_test_acc_index: 66

Running: dataset=FGNET, loss=UnimodalNet, model=resnet18, lr=5e-4, lamda=100,fc_layer_name=FlexibleSingleGaussianFC
FGNET train: 802 images, 62 age classes
FGNET test: 200 images, 45 age classes
* Epoch 1/300
- 3s - train_Loss: 6.2212 - train_Acc: 3.99%
- 1s - test_Loss: 4.5012 - test_Acc: 3.00%
* Epoch 31/300
- 2s - train_Loss: 3.2983 - train_Acc: 4.74%
- 1s - test_Loss: 3.6387 - test_Acc: 7.00%
* Epoch 61/300
- 2s - train_Loss: 3.1021 - train_Acc: 5.86%
- 1s - test_Loss: 3.7933 - test_Acc: 7.50%
Early stopping at epoch 73
dataset: FGNET, loss_fn: UnimodalNet, non_pre_weighted
batch_size: 32, lr: 0.0005, epochs: 300
time: 197.41s, model: resnet18
lamda: 100.0
fc_layer_name: GaussianFC, use_leaky_gaussianfc:2
batch_size: 32,Best_test_acc: 10.0, Best_test_acc_index: 39

Running: dataset=FGNET, loss=UnimodalNet, model=resnet18, lr=1e-4, lamda=100,fc_layer_name=FlexibleSingleGaussianFC
FGNET train: 802 images, 62 age classes
FGNET test: 200 images, 45 age classes
* Epoch 1/300
- 3s - train_Loss: 10.8066 - train_Acc: 3.37%
- 1s - test_Loss: 7.4180 - test_Acc: 2.50%
* Epoch 31/300
- 2s - train_Loss: 3.0794 - train_Acc: 4.61%
- 1s - test_Loss: 3.3122 - test_Acc: 7.50%
* Epoch 61/300
- 2s - train_Loss: 2.5418 - train_Acc: 8.35%
- 1s - test_Loss: 3.2706 - test_Acc: 9.50%
Early stopping at epoch 62
dataset: FGNET, loss_fn: UnimodalNet, non_pre_weighted
batch_size: 32, lr: 0.0001, epochs: 300
time: 167.51s, model: resnet18
lamda: 100.0
fc_layer_name: GaussianFC, use_leaky_gaussianfc:2
batch_size: 32,Best_test_acc: 10.5, Best_test_acc_index: 55

