=========================================
Experiment Parameters:
=========================================
datasets: FGNET
losses: UnimodalNet_absdistance UnimodalNet
models: snn_resnet18_GaussianFC resnet18 resnet18_GaussianFC
lrs: 1e-3 5e-4 1e-4
lamdas: 1 10 100
=========================================
Starting experiments at: Wed Aug 27 01:36:46 WEST 2025
=========================================
Running: dataset=FGNET, loss=UnimodalNet_absdistance, model=snn_resnet18_GaussianFC, lr=1e-3, lamda=1
FGNET train: 802 images, 62 age classes
FGNET test: 200 images, 45 age classes
* Epoch 1/300
- 18s - train_Loss: 4588.3364 - train_Acc: 1.87%
- 2s - test_Loss: 1030.5880 - test_Acc: 3.50%
* Epoch 31/300
- 17s - train_Loss: 31.4335 - train_Acc: 3.74%
- 2s - test_Loss: 32.6145 - test_Acc: 6.50%
* Epoch 61/300
- 17s - train_Loss: 27.6483 - train_Acc: 3.74%
- 2s - test_Loss: 28.2751 - test_Acc: 6.50%
* Epoch 91/300
- 17s - train_Loss: 25.6360 - train_Acc: 3.74%
- 2s - test_Loss: 26.7426 - test_Acc: 6.50%
* Epoch 121/300
- 17s - train_Loss: 24.7537 - train_Acc: 3.74%
- 2s - test_Loss: 25.6520 - test_Acc: 6.50%
* Epoch 151/300
- 17s - train_Loss: 22.7299 - train_Acc: 3.74%
- 2s - test_Loss: 24.0883 - test_Acc: 6.50%
* Epoch 181/300
- 17s - train_Loss: 21.3265 - train_Acc: 3.74%
- 2s - test_Loss: 22.1684 - test_Acc: 6.50%
* Epoch 211/300
- 17s - train_Loss: 19.3474 - train_Acc: 3.74%
- 2s - test_Loss: 27.2741 - test_Acc: 6.50%
* Epoch 241/300
- 17s - train_Loss: 18.7030 - train_Acc: 3.74%
- 2s - test_Loss: 21.4014 - test_Acc: 6.50%
* Epoch 271/300
- 17s - train_Loss: 16.7817 - train_Acc: 3.74%
- 2s - test_Loss: 21.1520 - test_Acc: 6.50%
dataset: FGNET, loss_fn: UnimodalNet_absdistance, non_pre_weighted
batch_size: 16, lr: 0.001, epochs: 300
time: 5838.43s, model: snn_resnet18_GaussianFC
lamda: 1.0
batch_size: 16,Best_test_acc: 6.5

Running: dataset=FGNET, loss=UnimodalNet_absdistance, model=snn_resnet18_GaussianFC, lr=5e-4, lamda=1
FGNET train: 802 images, 62 age classes
FGNET test: 200 images, 45 age classes
Running: dataset=FGNET, loss=UnimodalNet_absdistance, model=snn_resnet18_GaussianFC, lr=1e-4, lamda=1
FGNET train: 802 images, 62 age classes
FGNET test: 200 images, 45 age classes
Running: dataset=FGNET, loss=UnimodalNet_absdistance, model=snn_resnet18_GaussianFC, lr=1e-3, lamda=10
FGNET train: 802 images, 62 age classes
FGNET test: 200 images, 45 age classes
Running: dataset=FGNET, loss=UnimodalNet_absdistance, model=snn_resnet18_GaussianFC, lr=5e-4, lamda=10
FGNET train: 802 images, 62 age classes
FGNET test: 200 images, 45 age classes
Running: dataset=FGNET, loss=UnimodalNet_absdistance, model=snn_resnet18_GaussianFC, lr=1e-4, lamda=10
FGNET train: 802 images, 62 age classes
FGNET test: 200 images, 45 age classes
Running: dataset=FGNET, loss=UnimodalNet_absdistance, model=snn_resnet18_GaussianFC, lr=1e-3, lamda=100
FGNET train: 802 images, 62 age classes
FGNET test: 200 images, 45 age classes
Running: dataset=FGNET, loss=UnimodalNet_absdistance, model=snn_resnet18_GaussianFC, lr=5e-4, lamda=100
FGNET train: 802 images, 62 age classes
FGNET test: 200 images, 45 age classes
Running: dataset=FGNET, loss=UnimodalNet_absdistance, model=snn_resnet18_GaussianFC, lr=1e-4, lamda=100
FGNET train: 802 images, 62 age classes
FGNET test: 200 images, 45 age classes
Running: dataset=FGNET, loss=UnimodalNet, model=snn_resnet18_GaussianFC, lr=1e-3, lamda=1
FGNET train: 802 images, 62 age classes
FGNET test: 200 images, 45 age classes
Running: dataset=FGNET, loss=UnimodalNet, model=snn_resnet18_GaussianFC, lr=5e-4, lamda=1
FGNET train: 802 images, 62 age classes
FGNET test: 200 images, 45 age classes
Running: dataset=FGNET, loss=UnimodalNet, model=snn_resnet18_GaussianFC, lr=1e-4, lamda=1
FGNET train: 802 images, 62 age classes
FGNET test: 200 images, 45 age classes
Running: dataset=FGNET, loss=UnimodalNet, model=snn_resnet18_GaussianFC, lr=1e-3, lamda=10
FGNET train: 802 images, 62 age classes
FGNET test: 200 images, 45 age classes
Running: dataset=FGNET, loss=UnimodalNet, model=snn_resnet18_GaussianFC, lr=5e-4, lamda=10
FGNET train: 802 images, 62 age classes
FGNET test: 200 images, 45 age classes
Running: dataset=FGNET, loss=UnimodalNet, model=snn_resnet18_GaussianFC, lr=1e-4, lamda=10
FGNET train: 802 images, 62 age classes
FGNET test: 200 images, 45 age classes
Running: dataset=FGNET, loss=UnimodalNet, model=snn_resnet18_GaussianFC, lr=1e-3, lamda=100
FGNET train: 802 images, 62 age classes
FGNET test: 200 images, 45 age classes
Running: dataset=FGNET, loss=UnimodalNet, model=snn_resnet18_GaussianFC, lr=5e-4, lamda=100
FGNET train: 802 images, 62 age classes
FGNET test: 200 images, 45 age classes
Running: dataset=FGNET, loss=UnimodalNet, model=snn_resnet18_GaussianFC, lr=1e-4, lamda=100
FGNET train: 802 images, 62 age classes
FGNET test: 200 images, 45 age classes
Running: dataset=FGNET, loss=UnimodalNet_absdistance, model=resnet18, lr=1e-3, lamda=1
FGNET train: 802 images, 62 age classes
FGNET test: 200 images, 45 age classes
Running: dataset=FGNET, loss=UnimodalNet_absdistance, model=resnet18, lr=5e-4, lamda=1
FGNET train: 802 images, 62 age classes
FGNET test: 200 images, 45 age classes
Running: dataset=FGNET, loss=UnimodalNet_absdistance, model=resnet18, lr=1e-4, lamda=1
FGNET train: 802 images, 62 age classes
FGNET test: 200 images, 45 age classes
Running: dataset=FGNET, loss=UnimodalNet_absdistance, model=resnet18, lr=1e-3, lamda=10
FGNET train: 802 images, 62 age classes
FGNET test: 200 images, 45 age classes
Running: dataset=FGNET, loss=UnimodalNet_absdistance, model=resnet18, lr=5e-4, lamda=10
FGNET train: 802 images, 62 age classes
FGNET test: 200 images, 45 age classes
Running: dataset=FGNET, loss=UnimodalNet_absdistance, model=resnet18, lr=1e-4, lamda=10
FGNET train: 802 images, 62 age classes
FGNET test: 200 images, 45 age classes
Running: dataset=FGNET, loss=UnimodalNet_absdistance, model=resnet18, lr=1e-3, lamda=100
FGNET train: 802 images, 62 age classes
FGNET test: 200 images, 45 age classes
Running: dataset=FGNET, loss=UnimodalNet_absdistance, model=resnet18, lr=5e-4, lamda=100
FGNET train: 802 images, 62 age classes
FGNET test: 200 images, 45 age classes
Running: dataset=FGNET, loss=UnimodalNet_absdistance, model=resnet18, lr=1e-4, lamda=100
FGNET train: 802 images, 62 age classes
FGNET test: 200 images, 45 age classes
Running: dataset=FGNET, loss=UnimodalNet, model=resnet18, lr=1e-3, lamda=1
FGNET train: 802 images, 62 age classes
FGNET test: 200 images, 45 age classes
Running: dataset=FGNET, loss=UnimodalNet, model=resnet18, lr=5e-4, lamda=1
FGNET train: 802 images, 62 age classes
FGNET test: 200 images, 45 age classes
Running: dataset=FGNET, loss=UnimodalNet, model=resnet18, lr=1e-4, lamda=1
FGNET train: 802 images, 62 age classes
FGNET test: 200 images, 45 age classes
Running: dataset=FGNET, loss=UnimodalNet, model=resnet18, lr=1e-3, lamda=10
FGNET train: 802 images, 62 age classes
FGNET test: 200 images, 45 age classes
Running: dataset=FGNET, loss=UnimodalNet, model=resnet18, lr=5e-4, lamda=10
FGNET train: 802 images, 62 age classes
FGNET test: 200 images, 45 age classes
Running: dataset=FGNET, loss=UnimodalNet, model=resnet18, lr=1e-4, lamda=10
FGNET train: 802 images, 62 age classes
FGNET test: 200 images, 45 age classes
Running: dataset=FGNET, loss=UnimodalNet, model=resnet18, lr=1e-3, lamda=100
FGNET train: 802 images, 62 age classes
FGNET test: 200 images, 45 age classes
Running: dataset=FGNET, loss=UnimodalNet, model=resnet18, lr=5e-4, lamda=100
FGNET train: 802 images, 62 age classes
FGNET test: 200 images, 45 age classes
Running: dataset=FGNET, loss=UnimodalNet, model=resnet18, lr=1e-4, lamda=100
FGNET train: 802 images, 62 age classes
FGNET test: 200 images, 45 age classes
Running: dataset=FGNET, loss=UnimodalNet_absdistance, model=resnet18_GaussianFC, lr=1e-3, lamda=1
FGNET train: 802 images, 62 age classes
FGNET test: 200 images, 45 age classes
Running: dataset=FGNET, loss=UnimodalNet_absdistance, model=resnet18_GaussianFC, lr=5e-4, lamda=1
FGNET train: 802 images, 62 age classes
FGNET test: 200 images, 45 age classes
Running: dataset=FGNET, loss=UnimodalNet_absdistance, model=resnet18_GaussianFC, lr=1e-4, lamda=1
FGNET train: 802 images, 62 age classes
FGNET test: 200 images, 45 age classes
Running: dataset=FGNET, loss=UnimodalNet_absdistance, model=resnet18_GaussianFC, lr=1e-3, lamda=10
FGNET train: 802 images, 62 age classes
FGNET test: 200 images, 45 age classes
Running: dataset=FGNET, loss=UnimodalNet_absdistance, model=resnet18_GaussianFC, lr=5e-4, lamda=10
FGNET train: 802 images, 62 age classes
FGNET test: 200 images, 45 age classes
Running: dataset=FGNET, loss=UnimodalNet_absdistance, model=resnet18_GaussianFC, lr=1e-4, lamda=10
FGNET train: 802 images, 62 age classes
FGNET test: 200 images, 45 age classes
Running: dataset=FGNET, loss=UnimodalNet_absdistance, model=resnet18_GaussianFC, lr=1e-3, lamda=100
