=========================================
Experiment Parameters:
=========================================
datasets: FGNET
losses: UnimodalNet
models: resnet18_GaussianFC
lrs: 1e-3 5e-4 1e-4
lamdas: 1 10 100
fc_layer_name: GaussianFC GaussianFC_uni FlexibleSingleGaussianFC MultiModalSingleGaussianFC PeakedGaussianFC AdvancedSmoothedGaussianFC
=========================================
Starting experiments at: Wed Aug 27 17:47:42 WEST 2025
=========================================
FGNET train: 802 images, 62 age classes
FGNET test: 200 images, 45 age classes
* Epoch 1/300
- 3s - train_Loss: 10.6775 - train_Acc: 3.49%
- 1s - test_Loss: 9.5041 - test_Acc: 2.00%
* Epoch 31/300
- 2s - train_Loss: 7.6776 - train_Acc: 5.36%
- 1s - test_Loss: 7.4403 - test_Acc: 4.00%
* Epoch 61/300
- 2s - train_Loss: 6.3389 - train_Acc: 7.48%
- 1s - test_Loss: 6.2273 - test_Acc: 5.00%
* Epoch 91/300
- 2s - train_Loss: 5.8907 - train_Acc: 9.48%
- 1s - test_Loss: 8.7435 - test_Acc: 6.00%
* Epoch 121/300
- 2s - train_Loss: 5.1286 - train_Acc: 9.85%
- 1s - test_Loss: 5.3724 - test_Acc: 9.00%
* Epoch 151/300
- 2s - train_Loss: 8.9229 - train_Acc: 4.74%
- 1s - test_Loss: 8.1484 - test_Acc: 4.00%
Early stopping at epoch 154
dataset: FGNET, loss_fn: UnimodalNet, non_pre_weighted
batch_size: 32, lr: 0.001, epochs: 300
time: 470.49s, model: resnet18_GaussianFC
lamda: 1.0
fc_layer_name: GaussianFC, use_leaky_gaussianfc:2
batch_size: 32,Best_test_acc: 15.5, Best_test_acc_index: 93

FGNET train: 802 images, 62 age classes
FGNET test: 200 images, 45 age classes
* Epoch 1/300
- 3s - train_Loss: 9.8059 - train_Acc: 2.99%
- 1s - test_Loss: 9.8712 - test_Acc: 2.50%
* Epoch 31/300
- 2s - train_Loss: 6.8986 - train_Acc: 5.74%
- 1s - test_Loss: 7.0051 - test_Acc: 7.00%
Early stopping at epoch 53
dataset: FGNET, loss_fn: UnimodalNet, non_pre_weighted
batch_size: 32, lr: 0.001, epochs: 300
time: 162.63s, model: resnet18_GaussianFC
lamda: 1.0
fc_layer_name: GaussianFC, use_leaky_gaussianfc:2
batch_size: 32,Best_test_acc: 10.0, Best_test_acc_index: 33

FGNET train: 802 images, 62 age classes
FGNET test: 200 images, 45 age classes
* Epoch 1/300
- 3s - train_Loss: 20.4084 - train_Acc: 2.00%
- 1s - test_Loss: 20.6930 - test_Acc: 1.00%
* Epoch 31/300
- 2s - train_Loss: 15.5535 - train_Acc: 3.74%
- 1s - test_Loss: 15.9636 - test_Acc: 6.50%
* Epoch 61/300
- 2s - train_Loss: 11.9813 - train_Acc: 3.74%
- 1s - test_Loss: 12.5397 - test_Acc: 6.50%
* Epoch 91/300
- 2s - train_Loss: 10.3092 - train_Acc: 3.74%
- 1s - test_Loss: 10.4884 - test_Acc: 6.50%
* Epoch 121/300
- 2s - train_Loss: 9.7762 - train_Acc: 3.74%
- 1s - test_Loss: 9.8179 - test_Acc: 6.50%
* Epoch 151/300
- 2s - train_Loss: 9.7670 - train_Acc: 3.74%
- 1s - test_Loss: 9.6391 - test_Acc: 6.50%
* Epoch 181/300
- 2s - train_Loss: 9.7034 - train_Acc: 3.74%
- 1s - test_Loss: 9.6176 - test_Acc: 6.50%
* Epoch 211/300
- 2s - train_Loss: 9.7214 - train_Acc: 3.74%
- 1s - test_Loss: 9.6116 - test_Acc: 6.50%
Early stopping at epoch 231
dataset: FGNET, loss_fn: UnimodalNet, non_pre_weighted
batch_size: 32, lr: 0.001, epochs: 300
time: 714.57s, model: resnet18_GaussianFC
lamda: 1.0
fc_layer_name: GaussianFC_uni, use_leaky_gaussianfc:2
batch_size: 32,Best_test_acc: 6.5, Best_test_acc_index: 1

FGNET train: 802 images, 62 age classes
FGNET test: 200 images, 45 age classes
* Epoch 1/300
- 3s - train_Loss: 21.2346 - train_Acc: 1.37%
- 1s - test_Loss: 20.6955 - test_Acc: 1.00%
* Epoch 31/300
- 2s - train_Loss: 15.6438 - train_Acc: 3.74%
- 1s - test_Loss: 15.9660 - test_Acc: 6.50%
* Epoch 61/300
- 2s - train_Loss: 12.3572 - train_Acc: 3.74%
- 1s - test_Loss: 12.5255 - test_Acc: 6.50%
* Epoch 91/300
- 2s - train_Loss: 10.3732 - train_Acc: 3.74%
- 1s - test_Loss: 10.4785 - test_Acc: 6.50%
* Epoch 121/300
- 2s - train_Loss: 9.8986 - train_Acc: 3.74%
- 1s - test_Loss: 9.8138 - test_Acc: 6.50%
* Epoch 151/300
- 2s - train_Loss: 10.2913 - train_Acc: 3.74%
- 1s - test_Loss: 9.6419 - test_Acc: 6.50%
* Epoch 181/300
- 2s - train_Loss: 9.6625 - train_Acc: 3.74%
- 1s - test_Loss: 9.6160 - test_Acc: 6.50%
* Epoch 211/300
- 2s - train_Loss: 9.4875 - train_Acc: 3.74%
- 1s - test_Loss: 9.6116 - test_Acc: 6.50%
Early stopping at epoch 234
dataset: FGNET, loss_fn: UnimodalNet, non_pre_weighted
batch_size: 32, lr: 0.001, epochs: 300
time: 722.37s, model: resnet18_GaussianFC
lamda: 1.0
fc_layer_name: GaussianFC_uni, use_leaky_gaussianfc:2
batch_size: 32,Best_test_acc: 6.5, Best_test_acc_index: 1

FGNET train: 802 images, 62 age classes
FGNET test: 200 images, 45 age classes
* Epoch 1/300
FGNET train: 802 images, 62 age classes
FGNET test: 200 images, 45 age classes
* Epoch 1/300
FGNET train: 802 images, 62 age classes
FGNET test: 200 images, 45 age classes
* Epoch 1/300
- 3s - train_Loss: nan - train_Acc: 2.62%
- 1s - test_Loss: nan - test_Acc: 6.50%
Early stopping at epoch 20
dataset: FGNET, loss_fn: UnimodalNet, non_pre_weighted
batch_size: 32, lr: 0.001, epochs: 300
time: 63.67s, model: resnet18_GaussianFC
lamda: 1.0
fc_layer_name: MultiModalSingleGaussianFC, use_leaky_gaussianfc:2
batch_size: 32,Best_test_acc: 6.5, Best_test_acc_index: 0

FGNET train: 802 images, 62 age classes
FGNET test: 200 images, 45 age classes
* Epoch 1/300
- 3s - train_Loss: nan - train_Acc: 2.62%
- 1s - test_Loss: nan - test_Acc: 6.50%
Early stopping at epoch 20
dataset: FGNET, loss_fn: UnimodalNet, non_pre_weighted
batch_size: 32, lr: 0.001, epochs: 300
time: 62.39s, model: resnet18_GaussianFC
lamda: 1.0
fc_layer_name: MultiModalSingleGaussianFC, use_leaky_gaussianfc:2
batch_size: 32,Best_test_acc: 6.5, Best_test_acc_index: 0

FGNET train: 802 images, 62 age classes
FGNET test: 200 images, 45 age classes
* Epoch 1/300
- 3s - train_Loss: 11.7160 - train_Acc: 3.37%
- 1s - test_Loss: 13.1875 - test_Acc: 2.00%
Early stopping at epoch 23
dataset: FGNET, loss_fn: UnimodalNet, non_pre_weighted
batch_size: 32, lr: 0.001, epochs: 300
time: 73.41s, model: resnet18_GaussianFC
lamda: 1.0
fc_layer_name: PeakedGaussianFC, use_leaky_gaussianfc:2
batch_size: 32,Best_test_acc: 5.5, Best_test_acc_index: 16

FGNET train: 802 images, 62 age classes
FGNET test: 200 images, 45 age classes
* Epoch 1/300
- 3s - train_Loss: 10.7068 - train_Acc: 2.87%
- 1s - test_Loss: 9.5268 - test_Acc: 5.00%
Early stopping at epoch 23
dataset: FGNET, loss_fn: UnimodalNet, non_pre_weighted
batch_size: 32, lr: 0.001, epochs: 300
time: 73.13s, model: resnet18_GaussianFC
lamda: 1.0
fc_layer_name: PeakedGaussianFC, use_leaky_gaussianfc:2
batch_size: 32,Best_test_acc: 5.0, Best_test_acc_index: 0

FGNET train: 802 images, 62 age classes
FGNET test: 200 images, 45 age classes
* Epoch 1/300
- 3s - train_Loss: 10.2306 - train_Acc: 3.12%
- 1s - test_Loss: 9.7473 - test_Acc: 3.00%
* Epoch 31/300
- 2s - train_Loss: 7.3364 - train_Acc: 4.86%
- 1s - test_Loss: 7.3293 - test_Acc: 2.50%
* Epoch 61/300
- 3s - train_Loss: 6.2777 - train_Acc: 7.23%
- 1s - test_Loss: 7.2519 - test_Acc: 6.00%
* Epoch 91/300
- 3s - train_Loss: 4.8434 - train_Acc: 8.73%
- 1s - test_Loss: 5.4828 - test_Acc: 12.50%
Early stopping at epoch 110
dataset: FGNET, loss_fn: UnimodalNet, non_pre_weighted
batch_size: 32, lr: 0.001, epochs: 300
time: 345.07s, model: resnet18_GaussianFC
lamda: 1.0
fc_layer_name: AdvancedSmoothedGaussianFC, use_leaky_gaussianfc:2
batch_size: 32,Best_test_acc: 12.5, Best_test_acc_index: 90

FGNET train: 802 images, 62 age classes
FGNET test: 200 images, 45 age classes
* Epoch 1/300
- 3s - train_Loss: 10.4317 - train_Acc: 3.99%
- 1s - test_Loss: 9.5216 - test_Acc: 2.50%
* Epoch 31/300
- 2s - train_Loss: 7.1082 - train_Acc: 5.24%
- 1s - test_Loss: 7.7055 - test_Acc: 3.50%
* Epoch 61/300
- 2s - train_Loss: 5.5438 - train_Acc: 9.10%
- 1s - test_Loss: 5.8936 - test_Acc: 8.00%
Early stopping at epoch 90
dataset: FGNET, loss_fn: UnimodalNet, non_pre_weighted
batch_size: 32, lr: 0.001, epochs: 300
time: 284.07s, model: resnet18_GaussianFC
lamda: 1.0
fc_layer_name: AdvancedSmoothedGaussianFC, use_leaky_gaussianfc:2
batch_size: 32,Best_test_acc: 9.0, Best_test_acc_index: 67

FGNET train: 802 images, 62 age classes
FGNET test: 200 images, 45 age classes
* Epoch 1/300
- 3s - train_Loss: 10.9689 - train_Acc: 2.74%
- 1s - test_Loss: 9.4566 - test_Acc: 3.00%
* Epoch 31/300
- 2s - train_Loss: 7.1387 - train_Acc: 7.61%
- 1s - test_Loss: 7.7877 - test_Acc: 7.50%
* Epoch 61/300
- 2s - train_Loss: 5.8020 - train_Acc: 9.60%
- 1s - test_Loss: 6.1279 - test_Acc: 7.00%
* Epoch 91/300
- 2s - train_Loss: 6.4470 - train_Acc: 7.48%
- 1s - test_Loss: 11.0698 - test_Acc: 3.50%
* Epoch 121/300
- 2s - train_Loss: 5.6144 - train_Acc: 7.48%
- 1s - test_Loss: 5.4874 - test_Acc: 8.00%
Early stopping at epoch 128
dataset: FGNET, loss_fn: UnimodalNet, non_pre_weighted
batch_size: 32, lr: 0.0005, epochs: 300
time: 395.44s, model: resnet18_GaussianFC
lamda: 1.0
fc_layer_name: GaussianFC, use_leaky_gaussianfc:2
batch_size: 32,Best_test_acc: 14.0, Best_test_acc_index: 94

FGNET train: 802 images, 62 age classes
FGNET test: 200 images, 45 age classes
* Epoch 1/300
- 3s - train_Loss: 10.5424 - train_Acc: 3.87%
- 1s - test_Loss: 9.6573 - test_Acc: 3.00%
* Epoch 31/300
- 2s - train_Loss: 6.4579 - train_Acc: 8.98%
- 1s - test_Loss: 6.6349 - test_Acc: 8.00%
* Epoch 61/300
- 2s - train_Loss: 5.5984 - train_Acc: 9.60%
- 1s - test_Loss: 5.3360 - test_Acc: 7.00%
* Epoch 91/300
- 2s - train_Loss: 4.6947 - train_Acc: 9.35%
- 1s - test_Loss: 5.1911 - test_Acc: 6.50%
* Epoch 121/300
- 2s - train_Loss: 3.8331 - train_Acc: 12.34%
- 1s - test_Loss: 5.4911 - test_Acc: 10.00%
Early stopping at epoch 130
dataset: FGNET, loss_fn: UnimodalNet, non_pre_weighted
batch_size: 32, lr: 0.0005, epochs: 300
time: 413.33s, model: resnet18_GaussianFC
lamda: 1.0
fc_layer_name: GaussianFC, use_leaky_gaussianfc:2
batch_size: 32,Best_test_acc: 14.0, Best_test_acc_index: 126

FGNET train: 802 images, 62 age classes
FGNET test: 200 images, 45 age classes
* Epoch 1/300
- 3s - train_Loss: 21.1816 - train_Acc: 1.62%
- 1s - test_Loss: 20.7855 - test_Acc: 6.50%
* Epoch 31/300
- 3s - train_Loss: 17.9312 - train_Acc: 3.74%
- 1s - test_Loss: 18.2589 - test_Acc: 6.50%
* Epoch 61/300
- 3s - train_Loss: 15.6132 - train_Acc: 3.74%
- 1s - test_Loss: 16.0284 - test_Acc: 6.50%
* Epoch 91/300
- 2s - train_Loss: 14.1623 - train_Acc: 3.74%
- 1s - test_Loss: 14.1346 - test_Acc: 6.50%
* Epoch 121/300
- 2s - train_Loss: 12.5980 - train_Acc: 3.74%
- 1s - test_Loss: 12.5701 - test_Acc: 6.50%
* Epoch 151/300
- 2s - train_Loss: 11.4878 - train_Acc: 3.74%
- 1s - test_Loss: 11.3658 - test_Acc: 6.50%
* Epoch 181/300
- 2s - train_Loss: 10.5795 - train_Acc: 3.74%
- 1s - test_Loss: 10.4608 - test_Acc: 6.50%
* Epoch 211/300
- 2s - train_Loss: 9.9924 - train_Acc: 3.74%
- 1s - test_Loss: 10.0037 - test_Acc: 6.50%
* Epoch 241/300
- 2s - train_Loss: 10.0119 - train_Acc: 3.74%
- 1s - test_Loss: 9.7726 - test_Acc: 6.50%
* Epoch 271/300
- 2s - train_Loss: 10.1002 - train_Acc: 3.74%
- 1s - test_Loss: 9.6730 - test_Acc: 6.50%
dataset: FGNET, loss_fn: UnimodalNet, non_pre_weighted
batch_size: 32, lr: 0.0005, epochs: 300
time: 933.81s, model: resnet18_GaussianFC
lamda: 1.0
fc_layer_name: GaussianFC_uni, use_leaky_gaussianfc:2
batch_size: 32,Best_test_acc: 6.5, Best_test_acc_index: 0

FGNET train: 802 images, 62 age classes
FGNET test: 200 images, 45 age classes
* Epoch 1/300
- 3s - train_Loss: 20.6992 - train_Acc: 1.37%
- 1s - test_Loss: 20.7859 - test_Acc: 1.00%
* Epoch 31/300
- 2s - train_Loss: 17.8657 - train_Acc: 3.74%
- 1s - test_Loss: 18.2517 - test_Acc: 6.50%
* Epoch 61/300
- 2s - train_Loss: 15.5706 - train_Acc: 3.74%
- 1s - test_Loss: 16.0191 - test_Acc: 6.50%
* Epoch 91/300
- 3s - train_Loss: 13.8416 - train_Acc: 3.74%
- 1s - test_Loss: 14.1378 - test_Acc: 6.50%
* Epoch 121/300
- 2s - train_Loss: 12.0207 - train_Acc: 3.74%
- 1s - test_Loss: 12.5515 - test_Acc: 6.50%
* Epoch 151/300
- 2s - train_Loss: 11.1665 - train_Acc: 3.74%
- 1s - test_Loss: 11.3525 - test_Acc: 6.50%
* Epoch 181/300
- 2s - train_Loss: 10.5120 - train_Acc: 3.74%
- 1s - test_Loss: 10.4643 - test_Acc: 6.50%
* Epoch 211/300
- 2s - train_Loss: 10.2467 - train_Acc: 3.74%
- 1s - test_Loss: 10.0055 - test_Acc: 6.50%
* Epoch 241/300
- 2s - train_Loss: 9.8903 - train_Acc: 3.74%
- 1s - test_Loss: 9.7817 - test_Acc: 6.50%
* Epoch 271/300
- 2s - train_Loss: 9.8900 - train_Acc: 3.74%
- 1s - test_Loss: 9.6770 - test_Acc: 6.50%
dataset: FGNET, loss_fn: UnimodalNet, non_pre_weighted
batch_size: 32, lr: 0.0005, epochs: 300
time: 951.91s, model: resnet18_GaussianFC
lamda: 1.0
fc_layer_name: GaussianFC_uni, use_leaky_gaussianfc:2
batch_size: 32,Best_test_acc: 6.5, Best_test_acc_index: 2

FGNET train: 802 images, 62 age classes
FGNET test: 200 images, 45 age classes
* Epoch 1/300
- 3s - train_Loss: 26.4100 - train_Acc: 0.12%
- 1s - test_Loss: 26.7271 - test_Acc: 0.00%
* Epoch 31/300
- 2s - train_Loss: 24.1731 - train_Acc: 0.12%
- 1s - test_Loss: 24.3265 - test_Acc: 0.00%
* Epoch 61/300
- 2s - train_Loss: 21.4748 - train_Acc: 0.12%
- 1s - test_Loss: 22.1693 - test_Acc: 0.00%
* Epoch 91/300
- 2s - train_Loss: 20.0210 - train_Acc: 3.74%
- 1s - test_Loss: 20.3269 - test_Acc: 6.50%
* Epoch 121/300
- 2s - train_Loss: 18.5898 - train_Acc: 3.74%
- 1s - test_Loss: 18.7820 - test_Acc: 6.50%
* Epoch 151/300
- 2s - train_Loss: 17.1967 - train_Acc: 3.74%
- 1s - test_Loss: 17.3932 - test_Acc: 6.50%
* Epoch 181/300
- 2s - train_Loss: 16.1037 - train_Acc: 3.74%
- 1s - test_Loss: 16.2234 - test_Acc: 6.50%
* Epoch 211/300
- 3s - train_Loss: 15.1641 - train_Acc: 3.74%
- 1s - test_Loss: 15.2094 - test_Acc: 6.50%
* Epoch 241/300
- 2s - train_Loss: 14.2737 - train_Acc: 3.74%
- 1s - test_Loss: 14.3308 - test_Acc: 6.50%
* Epoch 271/300
- 2s - train_Loss: 13.5270 - train_Acc: 3.74%
- 1s - test_Loss: 13.5501 - test_Acc: 6.50%
dataset: FGNET, loss_fn: UnimodalNet, non_pre_weighted
batch_size: 32, lr: 0.0005, epochs: 300
time: 947.78s, model: resnet18_GaussianFC
lamda: 1.0
fc_layer_name: FlexibleSingleGaussianFC, use_leaky_gaussianfc:2
batch_size: 32,Best_test_acc: 6.5, Best_test_acc_index: 81

FGNET train: 802 images, 62 age classes
FGNET test: 200 images, 45 age classes
* Epoch 1/300
- 3s - train_Loss: 26.9150 - train_Acc: 0.12%
- 1s - test_Loss: 26.7270 - test_Acc: 0.00%
* Epoch 31/300
- 3s - train_Loss: 24.0679 - train_Acc: 0.12%
- 1s - test_Loss: 24.3118 - test_Acc: 0.00%
* Epoch 61/300
- 2s - train_Loss: 21.8653 - train_Acc: 0.12%
- 1s - test_Loss: 22.1628 - test_Acc: 0.00%
* Epoch 91/300
- 3s - train_Loss: 19.7200 - train_Acc: 3.74%
- 1s - test_Loss: 20.3259 - test_Acc: 6.50%
* Epoch 121/300
- 2s - train_Loss: 18.5671 - train_Acc: 3.74%
- 1s - test_Loss: 18.7785 - test_Acc: 6.50%
* Epoch 151/300
- 2s - train_Loss: 16.8997 - train_Acc: 3.74%
- 1s - test_Loss: 17.3994 - test_Acc: 6.50%
* Epoch 181/300
- 2s - train_Loss: 16.0853 - train_Acc: 3.74%
- 1s - test_Loss: 16.2404 - test_Acc: 6.50%
* Epoch 211/300
- 3s - train_Loss: 15.0548 - train_Acc: 3.74%
- 1s - test_Loss: 15.2203 - test_Acc: 6.50%
* Epoch 241/300
- 2s - train_Loss: 14.2460 - train_Acc: 3.74%
- 1s - test_Loss: 14.3383 - test_Acc: 6.50%
* Epoch 271/300
- 3s - train_Loss: 13.1894 - train_Acc: 3.74%
- 1s - test_Loss: 13.5564 - test_Acc: 6.50%
dataset: FGNET, loss_fn: UnimodalNet, non_pre_weighted
batch_size: 32, lr: 0.0005, epochs: 300
time: 968.70s, model: resnet18_GaussianFC
lamda: 1.0
fc_layer_name: FlexibleSingleGaussianFC, use_leaky_gaussianfc:2
batch_size: 32,Best_test_acc: 6.5, Best_test_acc_index: 81

FGNET train: 802 images, 62 age classes
FGNET test: 200 images, 45 age classes
* Epoch 1/300
- 3s - train_Loss: nan - train_Acc: 0.87%
- 1s - test_Loss: nan - test_Acc: 6.50%
Early stopping at epoch 20
dataset: FGNET, loss_fn: UnimodalNet, non_pre_weighted
batch_size: 32, lr: 0.0005, epochs: 300
time: 65.17s, model: resnet18_GaussianFC
lamda: 1.0
fc_layer_name: MultiModalSingleGaussianFC, use_leaky_gaussianfc:2
batch_size: 32,Best_test_acc: 6.5, Best_test_acc_index: 0

FGNET train: 802 images, 62 age classes
FGNET test: 200 images, 45 age classes
* Epoch 1/300
- 3s - train_Loss: nan - train_Acc: 0.62%
- 1s - test_Loss: nan - test_Acc: 6.50%
Early stopping at epoch 20
dataset: FGNET, loss_fn: UnimodalNet, non_pre_weighted
batch_size: 32, lr: 0.0005, epochs: 300
time: 64.11s, model: resnet18_GaussianFC
lamda: 1.0
fc_layer_name: MultiModalSingleGaussianFC, use_leaky_gaussianfc:2
batch_size: 32,Best_test_acc: 6.5, Best_test_acc_index: 0

FGNET train: 802 images, 62 age classes
FGNET test: 200 images, 45 age classes
* Epoch 1/300
- 3s - train_Loss: 13.9302 - train_Acc: 2.87%
- 1s - test_Loss: 10.9393 - test_Acc: 3.50%
* Epoch 31/300
- 2s - train_Loss: 9.8066 - train_Acc: 3.49%
- 1s - test_Loss: 10.2054 - test_Acc: 3.00%
* Epoch 61/300
- 2s - train_Loss: 9.9839 - train_Acc: 2.49%
- 1s - test_Loss: 10.1205 - test_Acc: 4.00%
Early stopping at epoch 65
dataset: FGNET, loss_fn: UnimodalNet, non_pre_weighted
batch_size: 32, lr: 0.0005, epochs: 300
time: 210.09s, model: resnet18_GaussianFC
lamda: 1.0
fc_layer_name: PeakedGaussianFC, use_leaky_gaussianfc:2
batch_size: 32,Best_test_acc: 6.5, Best_test_acc_index: 52

FGNET train: 802 images, 62 age classes
FGNET test: 200 images, 45 age classes
* Epoch 1/300
- 3s - train_Loss: 11.6890 - train_Acc: 2.37%
- 1s - test_Loss: 9.7640 - test_Acc: 2.50%
* Epoch 31/300
- 2s - train_Loss: 9.8826 - train_Acc: 3.24%
- 1s - test_Loss: 9.6384 - test_Acc: 4.50%
Early stopping at epoch 52
dataset: FGNET, loss_fn: UnimodalNet, non_pre_weighted
batch_size: 32, lr: 0.0005, epochs: 300
time: 168.95s, model: resnet18_GaussianFC
lamda: 1.0
fc_layer_name: PeakedGaussianFC, use_leaky_gaussianfc:2
batch_size: 32,Best_test_acc: 6.5, Best_test_acc_index: 50

FGNET train: 802 images, 62 age classes
FGNET test: 200 images, 45 age classes
* Epoch 1/300
- 3s - train_Loss: 10.9172 - train_Acc: 3.49%
- 1s - test_Loss: 9.4554 - test_Acc: 3.00%
* Epoch 31/300
- 2s - train_Loss: 7.7727 - train_Acc: 5.49%
- 1s - test_Loss: 7.7585 - test_Acc: 5.00%
* Epoch 61/300
- 2s - train_Loss: 5.5931 - train_Acc: 6.86%
- 1s - test_Loss: 6.2669 - test_Acc: 3.00%
* Epoch 91/300
- 2s - train_Loss: 4.5854 - train_Acc: 10.10%
- 1s - test_Loss: 4.9714 - test_Acc: 6.00%
* Epoch 121/300
- 2s - train_Loss: 4.6623 - train_Acc: 10.60%
- 1s - test_Loss: 4.7002 - test_Acc: 8.50%
Early stopping at epoch 148
dataset: FGNET, loss_fn: UnimodalNet, non_pre_weighted
batch_size: 32, lr: 0.0005, epochs: 300
time: 480.02s, model: resnet18_GaussianFC
lamda: 1.0
fc_layer_name: AdvancedSmoothedGaussianFC, use_leaky_gaussianfc:2
batch_size: 32,Best_test_acc: 11.5, Best_test_acc_index: 124

FGNET train: 802 images, 62 age classes
FGNET test: 200 images, 45 age classes
* Epoch 1/300
- 3s - train_Loss: 10.3910 - train_Acc: 3.49%
- 1s - test_Loss: 9.5239 - test_Acc: 3.50%
* Epoch 31/300
- 2s - train_Loss: 6.3323 - train_Acc: 6.11%
- 1s - test_Loss: 6.7307 - test_Acc: 7.50%
* Epoch 61/300
- 2s - train_Loss: 5.2456 - train_Acc: 8.48%
- 1s - test_Loss: 5.1666 - test_Acc: 9.50%
Early stopping at epoch 75
dataset: FGNET, loss_fn: UnimodalNet, non_pre_weighted
batch_size: 32, lr: 0.0005, epochs: 300
time: 244.68s, model: resnet18_GaussianFC
lamda: 1.0
fc_layer_name: AdvancedSmoothedGaussianFC, use_leaky_gaussianfc:2
batch_size: 32,Best_test_acc: 11.0, Best_test_acc_index: 48

FGNET train: 802 images, 62 age classes
FGNET test: 200 images, 45 age classes
* Epoch 1/300
- 3s - train_Loss: 11.9251 - train_Acc: 4.11%
- 1s - test_Loss: 9.6486 - test_Acc: 1.50%
* Epoch 31/300
- 2s - train_Loss: 5.1081 - train_Acc: 9.10%
- 1s - test_Loss: 5.6680 - test_Acc: 7.00%
* Epoch 61/300
- 3s - train_Loss: 3.7184 - train_Acc: 12.09%
- 1s - test_Loss: 4.9633 - test_Acc: 10.00%
* Epoch 91/300
- 2s - train_Loss: 3.2651 - train_Acc: 14.46%
- 1s - test_Loss: 6.3682 - test_Acc: 9.00%
Early stopping at epoch 107
dataset: FGNET, loss_fn: UnimodalNet, non_pre_weighted
batch_size: 32, lr: 0.0001, epochs: 300
time: 350.43s, model: resnet18_GaussianFC
lamda: 1.0
fc_layer_name: GaussianFC, use_leaky_gaussianfc:2
batch_size: 32,Best_test_acc: 15.5, Best_test_acc_index: 105

FGNET train: 802 images, 62 age classes
FGNET test: 200 images, 45 age classes
* Epoch 1/300
- 3s - train_Loss: 13.3126 - train_Acc: 3.12%
- 1s - test_Loss: 9.5256 - test_Acc: 3.00%
* Epoch 31/300
- 3s - train_Loss: 5.8670 - train_Acc: 6.86%
- 1s - test_Loss: 5.5455 - test_Acc: 10.50%
* Epoch 61/300
- 2s - train_Loss: 3.7551 - train_Acc: 11.72%
- 1s - test_Loss: 5.2461 - test_Acc: 6.00%
* Epoch 91/300
- 3s - train_Loss: 2.8567 - train_Acc: 19.08%
- 1s - test_Loss: 4.5458 - test_Acc: 13.00%
Early stopping at epoch 108
dataset: FGNET, loss_fn: UnimodalNet, non_pre_weighted
batch_size: 32, lr: 0.0001, epochs: 300
time: 348.29s, model: resnet18_GaussianFC
lamda: 1.0
fc_layer_name: GaussianFC, use_leaky_gaussianfc:2
batch_size: 32,Best_test_acc: 14.5, Best_test_acc_index: 106

FGNET train: 802 images, 62 age classes
FGNET test: 200 images, 45 age classes
* Epoch 1/300
- 3s - train_Loss: 21.0258 - train_Acc: 1.50%
- 1s - test_Loss: 20.8575 - test_Acc: 6.50%
* Epoch 31/300
- 3s - train_Loss: 19.7924 - train_Acc: 3.74%
- 1s - test_Loss: 20.3272 - test_Acc: 6.50%
* Epoch 61/300
- 3s - train_Loss: 19.8507 - train_Acc: 3.74%
- 1s - test_Loss: 19.8130 - test_Acc: 6.50%
* Epoch 91/300
- 2s - train_Loss: 19.3186 - train_Acc: 3.74%
- 1s - test_Loss: 19.3148 - test_Acc: 6.50%
* Epoch 121/300
- 3s - train_Loss: 18.3270 - train_Acc: 3.74%
- 1s - test_Loss: 18.8173 - test_Acc: 6.50%
* Epoch 151/300
- 3s - train_Loss: 18.1961 - train_Acc: 3.74%
- 1s - test_Loss: 18.3239 - test_Acc: 6.50%
* Epoch 181/300
- 2s - train_Loss: 17.0327 - train_Acc: 3.74%
- 1s - test_Loss: 17.8413 - test_Acc: 6.50%
* Epoch 211/300
- 2s - train_Loss: 17.0165 - train_Acc: 3.74%
- 1s - test_Loss: 17.3721 - test_Acc: 6.50%
* Epoch 241/300
- 2s - train_Loss: 16.6839 - train_Acc: 3.74%
- 1s - test_Loss: 16.9274 - test_Acc: 6.50%
* Epoch 271/300
- 2s - train_Loss: 16.0751 - train_Acc: 3.74%
- 1s - test_Loss: 16.4908 - test_Acc: 6.50%
dataset: FGNET, loss_fn: UnimodalNet, non_pre_weighted
batch_size: 32, lr: 0.0001, epochs: 300
time: 988.89s, model: resnet18_GaussianFC
lamda: 1.0
fc_layer_name: GaussianFC_uni, use_leaky_gaussianfc:2
batch_size: 32,Best_test_acc: 6.5, Best_test_acc_index: 0

FGNET train: 802 images, 62 age classes
FGNET test: 200 images, 45 age classes
* Epoch 1/300
- 3s - train_Loss: 21.9881 - train_Acc: 2.12%
- 1s - test_Loss: 20.8571 - test_Acc: 6.50%
* Epoch 31/300
- 2s - train_Loss: 20.3621 - train_Acc: 3.74%
- 1s - test_Loss: 20.3267 - test_Acc: 6.50%
* Epoch 61/300
- 2s - train_Loss: 19.6732 - train_Acc: 3.74%
- 1s - test_Loss: 19.8153 - test_Acc: 6.50%
* Epoch 91/300
- 2s - train_Loss: 19.0343 - train_Acc: 3.74%
- 1s - test_Loss: 19.3189 - test_Acc: 6.50%
* Epoch 121/300
- 3s - train_Loss: 18.5409 - train_Acc: 3.74%
- 1s - test_Loss: 18.8218 - test_Acc: 6.50%
* Epoch 151/300
- 2s - train_Loss: 17.6590 - train_Acc: 3.74%
- 1s - test_Loss: 18.3277 - test_Acc: 6.50%
* Epoch 181/300
- 3s - train_Loss: 17.5565 - train_Acc: 3.74%
- 1s - test_Loss: 17.8424 - test_Acc: 6.50%
* Epoch 211/300
- 2s - train_Loss: 16.6463 - train_Acc: 3.74%
- 1s - test_Loss: 17.3696 - test_Acc: 6.50%
* Epoch 241/300
- 3s - train_Loss: 16.8469 - train_Acc: 3.74%
- 1s - test_Loss: 16.9281 - test_Acc: 6.50%
* Epoch 271/300
- 2s - train_Loss: 16.3094 - train_Acc: 3.74%
- 1s - test_Loss: 16.4909 - test_Acc: 6.50%
dataset: FGNET, loss_fn: UnimodalNet, non_pre_weighted
batch_size: 32, lr: 0.0001, epochs: 300
time: 964.90s, model: resnet18_GaussianFC
lamda: 1.0
fc_layer_name: GaussianFC_uni, use_leaky_gaussianfc:2
batch_size: 32,Best_test_acc: 6.5, Best_test_acc_index: 0

FGNET train: 802 images, 62 age classes
FGNET test: 200 images, 45 age classes
* Epoch 1/300
- 3s - train_Loss: 26.7503 - train_Acc: 0.12%
- 1s - test_Loss: 26.7956 - test_Acc: 0.00%
* Epoch 31/300
- 2s - train_Loss: 25.9130 - train_Acc: 0.12%
- 1s - test_Loss: 26.2895 - test_Acc: 0.00%
* Epoch 61/300
- 2s - train_Loss: 25.4131 - train_Acc: 0.12%
- 1s - test_Loss: 25.7958 - test_Acc: 0.00%
* Epoch 91/300
- 2s - train_Loss: 24.8584 - train_Acc: 0.12%
- 1s - test_Loss: 25.3104 - test_Acc: 0.00%
* Epoch 121/300
- 2s - train_Loss: 24.5544 - train_Acc: 0.12%
- 1s - test_Loss: 24.8371 - test_Acc: 0.00%
* Epoch 151/300
- 2s - train_Loss: 23.8918 - train_Acc: 0.12%
- 1s - test_Loss: 24.3724 - test_Acc: 0.00%
* Epoch 181/300
- 3s - train_Loss: 23.0903 - train_Acc: 0.12%
- 1s - test_Loss: 23.9150 - test_Acc: 0.00%
* Epoch 211/300
- 2s - train_Loss: 23.1749 - train_Acc: 0.12%
- 1s - test_Loss: 23.4632 - test_Acc: 0.00%
* Epoch 241/300
- 2s - train_Loss: 22.3114 - train_Acc: 0.12%
- 1s - test_Loss: 23.0168 - test_Acc: 0.00%
* Epoch 271/300
- 2s - train_Loss: 22.2725 - train_Acc: 0.12%
- 1s - test_Loss: 22.5807 - test_Acc: 0.00%
dataset: FGNET, loss_fn: UnimodalNet, non_pre_weighted
batch_size: 32, lr: 0.0001, epochs: 300
time: 967.01s, model: resnet18_GaussianFC
lamda: 1.0
fc_layer_name: FlexibleSingleGaussianFC, use_leaky_gaussianfc:2
batch_size: 32,Best_test_acc: 0.0, Best_test_acc_index: 0

FGNET train: 802 images, 62 age classes
FGNET test: 200 images, 45 age classes
* Epoch 1/300
- 3s - train_Loss: 26.5518 - train_Acc: 0.12%
- 1s - test_Loss: 26.7955 - test_Acc: 0.00%
* Epoch 31/300
- 2s - train_Loss: 25.5503 - train_Acc: 0.12%
- 1s - test_Loss: 26.2874 - test_Acc: 0.00%
* Epoch 61/300
- 2s - train_Loss: 25.5161 - train_Acc: 0.12%
- 1s - test_Loss: 25.7948 - test_Acc: 0.00%
* Epoch 91/300
- 3s - train_Loss: 24.8580 - train_Acc: 0.12%
- 1s - test_Loss: 25.3102 - test_Acc: 0.00%
* Epoch 121/300
- 2s - train_Loss: 24.7721 - train_Acc: 0.12%
- 1s - test_Loss: 24.8384 - test_Acc: 0.00%
* Epoch 151/300
- 2s - train_Loss: 24.1164 - train_Acc: 0.12%
- 1s - test_Loss: 24.3732 - test_Acc: 0.00%
* Epoch 181/300
- 3s - train_Loss: 23.7927 - train_Acc: 0.12%
- 1s - test_Loss: 23.9145 - test_Acc: 0.00%
* Epoch 211/300
- 2s - train_Loss: 23.1038 - train_Acc: 0.12%
- 1s - test_Loss: 23.4643 - test_Acc: 0.00%
* Epoch 241/300
- 3s - train_Loss: 22.8722 - train_Acc: 0.12%
- 1s - test_Loss: 23.0187 - test_Acc: 0.00%
* Epoch 271/300
- 2s - train_Loss: 22.3641 - train_Acc: 0.12%
- 1s - test_Loss: 22.5822 - test_Acc: 0.00%
dataset: FGNET, loss_fn: UnimodalNet, non_pre_weighted
batch_size: 32, lr: 0.0001, epochs: 300
time: 975.12s, model: resnet18_GaussianFC
lamda: 1.0
fc_layer_name: FlexibleSingleGaussianFC, use_leaky_gaussianfc:2
batch_size: 32,Best_test_acc: 0.0, Best_test_acc_index: 0

FGNET train: 802 images, 62 age classes
FGNET test: 200 images, 45 age classes
* Epoch 1/300
- 3s - train_Loss: nan - train_Acc: 2.24%
- 1s - test_Loss: nan - test_Acc: 6.50%
Early stopping at epoch 20
dataset: FGNET, loss_fn: UnimodalNet, non_pre_weighted
batch_size: 32, lr: 0.0001, epochs: 300
time: 65.28s, model: resnet18_GaussianFC
lamda: 1.0
fc_layer_name: MultiModalSingleGaussianFC, use_leaky_gaussianfc:2
batch_size: 32,Best_test_acc: 6.5, Best_test_acc_index: 0

FGNET train: 802 images, 62 age classes
FGNET test: 200 images, 45 age classes
* Epoch 1/300
- 3s - train_Loss: 23.7091 - train_Acc: 0.12%
- 1s - test_Loss: 21.2866 - test_Acc: 0.00%
* Epoch 31/300
- 2s - train_Loss: 20.6761 - train_Acc: 0.37%
- 1s - test_Loss: 20.8751 - test_Acc: 0.00%
Early stopping at epoch 44
dataset: FGNET, loss_fn: UnimodalNet, non_pre_weighted
batch_size: 32, lr: 0.0001, epochs: 300
time: 139.51s, model: resnet18_GaussianFC
lamda: 1.0
fc_layer_name: MultiModalSingleGaussianFC, use_leaky_gaussianfc:2
batch_size: 32,Best_test_acc: 1.5, Best_test_acc_index: 13

FGNET train: 802 images, 62 age classes
FGNET test: 200 images, 45 age classes
* Epoch 1/300
- 3s - train_Loss: 12.9837 - train_Acc: 2.12%
- 1s - test_Loss: 9.9649 - test_Acc: 3.00%
Early stopping at epoch 25
dataset: FGNET, loss_fn: UnimodalNet, non_pre_weighted
batch_size: 32, lr: 0.0001, epochs: 300
time: 84.04s, model: resnet18_GaussianFC
lamda: 1.0
fc_layer_name: PeakedGaussianFC, use_leaky_gaussianfc:2
batch_size: 32,Best_test_acc: 5.0, Best_test_acc_index: 19

FGNET train: 802 images, 62 age classes
FGNET test: 200 images, 45 age classes
* Epoch 1/300
- 3s - train_Loss: 11.2136 - train_Acc: 2.62%
- 1s - test_Loss: 10.5656 - test_Acc: 6.50%
* Epoch 31/300
- 2s - train_Loss: 10.0463 - train_Acc: 2.99%
- 1s - test_Loss: 9.8198 - test_Acc: 2.00%
Early stopping at epoch 47
dataset: FGNET, loss_fn: UnimodalNet, non_pre_weighted
batch_size: 32, lr: 0.0001, epochs: 300
time: 153.21s, model: resnet18_GaussianFC
lamda: 1.0
fc_layer_name: PeakedGaussianFC, use_leaky_gaussianfc:2
batch_size: 32,Best_test_acc: 7.0, Best_test_acc_index: 1

FGNET train: 802 images, 62 age classes
FGNET test: 200 images, 45 age classes
* Epoch 1/300
- 3s - train_Loss: 11.4239 - train_Acc: 3.24%
- 1s - test_Loss: 9.6624 - test_Acc: 2.00%
* Epoch 31/300
- 3s - train_Loss: 4.8620 - train_Acc: 10.35%
- 1s - test_Loss: 5.3745 - test_Acc: 5.50%
* Epoch 61/300
- 2s - train_Loss: 3.9913 - train_Acc: 11.60%
- 1s - test_Loss: 4.6644 - test_Acc: 9.50%
Early stopping at epoch 84
dataset: FGNET, loss_fn: UnimodalNet, non_pre_weighted
batch_size: 32, lr: 0.0001, epochs: 300
time: 271.70s, model: resnet18_GaussianFC
lamda: 1.0
fc_layer_name: AdvancedSmoothedGaussianFC, use_leaky_gaussianfc:2
batch_size: 32,Best_test_acc: 12.5, Best_test_acc_index: 26

FGNET train: 802 images, 62 age classes
FGNET test: 200 images, 45 age classes
* Epoch 1/300
- 3s - train_Loss: 11.3686 - train_Acc: 2.37%
- 1s - test_Loss: 9.6079 - test_Acc: 2.50%
* Epoch 31/300
- 2s - train_Loss: 4.8424 - train_Acc: 11.10%
- 1s - test_Loss: 7.0873 - test_Acc: 9.00%
* Epoch 61/300
- 2s - train_Loss: 3.3756 - train_Acc: 12.47%
- 1s - test_Loss: 4.7138 - test_Acc: 8.50%
Early stopping at epoch 75
dataset: FGNET, loss_fn: UnimodalNet, non_pre_weighted
batch_size: 32, lr: 0.0001, epochs: 300
time: 245.29s, model: resnet18_GaussianFC
lamda: 1.0
fc_layer_name: AdvancedSmoothedGaussianFC, use_leaky_gaussianfc:2
batch_size: 32,Best_test_acc: 14.5, Best_test_acc_index: 58

FGNET train: 802 images, 62 age classes
FGNET test: 200 images, 45 age classes
* Epoch 1/300
- 3s - train_Loss: 10.4559 - train_Acc: 2.87%
- 1s - test_Loss: 9.7314 - test_Acc: 3.00%
* Epoch 31/300
- 3s - train_Loss: 7.6412 - train_Acc: 4.36%
- 1s - test_Loss: 7.9493 - test_Acc: 6.50%
* Epoch 61/300
- 3s - train_Loss: 5.2587 - train_Acc: 8.35%
- 1s - test_Loss: 6.3675 - test_Acc: 6.50%
* Epoch 91/300
- 2s - train_Loss: 5.2949 - train_Acc: 10.10%
- 1s - test_Loss: 6.0592 - test_Acc: 9.00%
Early stopping at epoch 107
dataset: FGNET, loss_fn: UnimodalNet, non_pre_weighted
batch_size: 32, lr: 0.001, epochs: 300
time: 350.64s, model: resnet18_GaussianFC
lamda: 10.0
fc_layer_name: GaussianFC, use_leaky_gaussianfc:2
batch_size: 32,Best_test_acc: 11.0, Best_test_acc_index: 53

FGNET train: 802 images, 62 age classes
FGNET test: 200 images, 45 age classes
* Epoch 1/300
- 3s - train_Loss: 9.9685 - train_Acc: 2.24%
- 1s - test_Loss: 9.5290 - test_Acc: 1.50%
* Epoch 31/300
- 2s - train_Loss: 7.7883 - train_Acc: 5.24%
- 1s - test_Loss: 7.3624 - test_Acc: 6.00%
* Epoch 61/300
- 2s - train_Loss: 5.8805 - train_Acc: 7.11%
- 1s - test_Loss: 6.1342 - test_Acc: 6.50%
* Epoch 91/300
- 2s - train_Loss: 7.6141 - train_Acc: 5.74%
- 1s - test_Loss: 6.9733 - test_Acc: 5.50%
Early stopping at epoch 95
dataset: FGNET, loss_fn: UnimodalNet, non_pre_weighted
batch_size: 32, lr: 0.001, epochs: 300
time: 307.24s, model: resnet18_GaussianFC
lamda: 10.0
fc_layer_name: GaussianFC, use_leaky_gaussianfc:2
batch_size: 32,Best_test_acc: 10.0, Best_test_acc_index: 70

FGNET train: 802 images, 62 age classes
FGNET test: 200 images, 45 age classes
* Epoch 1/300
- 3s - train_Loss: 21.6018 - train_Acc: 2.24%
- 1s - test_Loss: 20.6931 - test_Acc: 1.00%
* Epoch 31/300
- 3s - train_Loss: 15.9001 - train_Acc: 3.74%
- 1s - test_Loss: 15.9598 - test_Acc: 6.50%
* Epoch 61/300
- 2s - train_Loss: 12.4287 - train_Acc: 3.74%
- 1s - test_Loss: 12.5435 - test_Acc: 6.50%
* Epoch 91/300
- 3s - train_Loss: 10.5487 - train_Acc: 3.74%
- 1s - test_Loss: 10.4747 - test_Acc: 6.50%
* Epoch 121/300
- 2s - train_Loss: 10.5394 - train_Acc: 3.74%
- 1s - test_Loss: 9.8095 - test_Acc: 6.50%
* Epoch 151/300
- 3s - train_Loss: 9.4927 - train_Acc: 3.74%
- 1s - test_Loss: 9.6349 - test_Acc: 6.50%
* Epoch 181/300
- 2s - train_Loss: 9.7154 - train_Acc: 3.74%
- 1s - test_Loss: 9.6173 - test_Acc: 6.50%
* Epoch 211/300
- 2s - train_Loss: 9.4248 - train_Acc: 3.74%
- 1s - test_Loss: 9.6130 - test_Acc: 6.50%
* Epoch 241/300
- 2s - train_Loss: 9.7935 - train_Acc: 3.74%
- 1s - test_Loss: 9.6116 - test_Acc: 6.50%
Early stopping at epoch 265
dataset: FGNET, loss_fn: UnimodalNet, non_pre_weighted
batch_size: 32, lr: 0.001, epochs: 300
time: 846.87s, model: resnet18_GaussianFC
lamda: 10.0
fc_layer_name: GaussianFC_uni, use_leaky_gaussianfc:2
batch_size: 32,Best_test_acc: 6.5, Best_test_acc_index: 1

FGNET train: 802 images, 62 age classes
FGNET test: 200 images, 45 age classes
* Epoch 1/300
- 3s - train_Loss: 20.7742 - train_Acc: 0.37%
- 1s - test_Loss: 20.6956 - test_Acc: 1.00%
* Epoch 31/300
- 3s - train_Loss: 15.8635 - train_Acc: 3.74%
- 1s - test_Loss: 15.9758 - test_Acc: 6.50%
* Epoch 61/300
- 2s - train_Loss: 12.2439 - train_Acc: 3.74%
- 1s - test_Loss: 12.5584 - test_Acc: 6.50%
* Epoch 91/300
- 2s - train_Loss: 10.8995 - train_Acc: 3.74%
- 1s - test_Loss: 10.5036 - test_Acc: 6.50%
* Epoch 121/300
- 2s - train_Loss: 9.8782 - train_Acc: 3.74%
- 1s - test_Loss: 9.8123 - test_Acc: 6.50%
* Epoch 151/300
- 3s - train_Loss: 9.6764 - train_Acc: 3.74%
- 1s - test_Loss: 9.6393 - test_Acc: 6.50%
* Epoch 181/300
- 2s - train_Loss: 9.6786 - train_Acc: 3.74%
- 1s - test_Loss: 9.6180 - test_Acc: 6.50%
* Epoch 211/300
- 2s - train_Loss: 9.5107 - train_Acc: 3.74%
- 1s - test_Loss: 9.6149 - test_Acc: 6.50%
* Epoch 241/300
- 2s - train_Loss: 9.7396 - train_Acc: 3.74%
- 1s - test_Loss: 9.6131 - test_Acc: 6.50%
* Epoch 271/300
- 2s - train_Loss: 9.4512 - train_Acc: 3.74%
- 1s - test_Loss: 9.6117 - test_Acc: 6.50%
Early stopping at epoch 283
dataset: FGNET, loss_fn: UnimodalNet, non_pre_weighted
batch_size: 32, lr: 0.001, epochs: 300
time: 915.21s, model: resnet18_GaussianFC
lamda: 10.0
fc_layer_name: GaussianFC_uni, use_leaky_gaussianfc:2
batch_size: 32,Best_test_acc: 6.5, Best_test_acc_index: 1

FGNET train: 802 images, 62 age classes
FGNET test: 200 images, 45 age classes
* Epoch 1/300
- 3s - train_Loss: 26.3868 - train_Acc: 0.12%
- 1s - test_Loss: 26.6425 - test_Acc: 0.00%
* Epoch 31/300
- 3s - train_Loss: 21.6541 - train_Acc: 0.12%
- 1s - test_Loss: 22.0971 - test_Acc: 0.00%
* Epoch 61/300
- 2s - train_Loss: 17.9988 - train_Acc: 3.74%
- 1s - test_Loss: 18.8358 - test_Acc: 6.50%
* Epoch 91/300
- 2s - train_Loss: 16.1570 - train_Acc: 3.74%
- 1s - test_Loss: 16.3834 - test_Acc: 6.50%
* Epoch 121/300
- 3s - train_Loss: 14.3006 - train_Acc: 3.74%
- 1s - test_Loss: 14.5758 - test_Acc: 6.50%
* Epoch 151/300
- 2s - train_Loss: 12.7715 - train_Acc: 3.74%
- 1s - test_Loss: 13.1728 - test_Acc: 6.50%
* Epoch 181/300
- 2s - train_Loss: 11.5894 - train_Acc: 3.74%
- 1s - test_Loss: 12.1323 - test_Acc: 6.50%
* Epoch 211/300
- 2s - train_Loss: 11.2488 - train_Acc: 3.74%
- 1s - test_Loss: 11.3295 - test_Acc: 6.50%
* Epoch 241/300
- 2s - train_Loss: 10.6290 - train_Acc: 3.74%
- 1s - test_Loss: 10.7012 - test_Acc: 6.50%
* Epoch 271/300
- 3s - train_Loss: 10.0019 - train_Acc: 3.74%
- 1s - test_Loss: 10.2864 - test_Acc: 6.50%
dataset: FGNET, loss_fn: UnimodalNet, non_pre_weighted
batch_size: 32, lr: 0.001, epochs: 300
time: 955.26s, model: resnet18_GaussianFC
lamda: 10.0
fc_layer_name: FlexibleSingleGaussianFC, use_leaky_gaussianfc:2
batch_size: 32,Best_test_acc: 6.5, Best_test_acc_index: 40

FGNET train: 802 images, 62 age classes
FGNET test: 200 images, 45 age classes
* Epoch 1/300
- 3s - train_Loss: 26.7122 - train_Acc: 0.12%
- 1s - test_Loss: 26.6431 - test_Acc: 0.00%
* Epoch 31/300
- 2s - train_Loss: 22.1748 - train_Acc: 0.12%
- 1s - test_Loss: 22.1132 - test_Acc: 0.00%
* Epoch 61/300
- 2s - train_Loss: 19.0339 - train_Acc: 3.74%
- 1s - test_Loss: 18.8376 - test_Acc: 6.50%
* Epoch 91/300
- 3s - train_Loss: 16.1900 - train_Acc: 3.74%
- 1s - test_Loss: 16.3964 - test_Acc: 6.50%
* Epoch 121/300
- 2s - train_Loss: 14.2511 - train_Acc: 3.74%
- 1s - test_Loss: 14.5741 - test_Acc: 6.50%
* Epoch 151/300
- 2s - train_Loss: 12.9385 - train_Acc: 3.74%
- 1s - test_Loss: 13.1783 - test_Acc: 6.50%
* Epoch 181/300
- 2s - train_Loss: 11.9516 - train_Acc: 3.74%
- 1s - test_Loss: 12.1531 - test_Acc: 6.50%
* Epoch 211/300
- 2s - train_Loss: 11.2426 - train_Acc: 3.74%
- 1s - test_Loss: 11.3414 - test_Acc: 6.50%
* Epoch 241/300
- 2s - train_Loss: 10.4879 - train_Acc: 3.74%
- 1s - test_Loss: 10.7244 - test_Acc: 6.50%
* Epoch 271/300
- 3s - train_Loss: 10.2278 - train_Acc: 3.74%
- 1s - test_Loss: 10.3010 - test_Acc: 6.50%
dataset: FGNET, loss_fn: UnimodalNet, non_pre_weighted
batch_size: 32, lr: 0.001, epochs: 300
time: 955.28s, model: resnet18_GaussianFC
lamda: 10.0
fc_layer_name: FlexibleSingleGaussianFC, use_leaky_gaussianfc:2
batch_size: 32,Best_test_acc: 6.5, Best_test_acc_index: 40

FGNET train: 802 images, 62 age classes
FGNET test: 200 images, 45 age classes
* Epoch 1/300
- 3s - train_Loss: nan - train_Acc: 2.74%
- 1s - test_Loss: nan - test_Acc: 6.50%
Early stopping at epoch 20
dataset: FGNET, loss_fn: UnimodalNet, non_pre_weighted
batch_size: 32, lr: 0.001, epochs: 300
time: 64.58s, model: resnet18_GaussianFC
lamda: 10.0
fc_layer_name: MultiModalSingleGaussianFC, use_leaky_gaussianfc:2
batch_size: 32,Best_test_acc: 6.5, Best_test_acc_index: 0

FGNET train: 802 images, 62 age classes
FGNET test: 200 images, 45 age classes
* Epoch 1/300
- 3s - train_Loss: nan - train_Acc: 1.62%
- 1s - test_Loss: nan - test_Acc: 6.50%
Early stopping at epoch 20
dataset: FGNET, loss_fn: UnimodalNet, non_pre_weighted
batch_size: 32, lr: 0.001, epochs: 300
time: 62.98s, model: resnet18_GaussianFC
lamda: 10.0
fc_layer_name: MultiModalSingleGaussianFC, use_leaky_gaussianfc:2
batch_size: 32,Best_test_acc: 6.5, Best_test_acc_index: 0

FGNET train: 802 images, 62 age classes
FGNET test: 200 images, 45 age classes
* Epoch 1/300
- 3s - train_Loss: 13.5686 - train_Acc: 2.12%
- 1s - test_Loss: 11.5759 - test_Acc: 1.50%
* Epoch 31/300
- 2s - train_Loss: 9.9075 - train_Acc: 3.37%
- 1s - test_Loss: 9.5893 - test_Acc: 4.50%
Early stopping at epoch 53
dataset: FGNET, loss_fn: UnimodalNet, non_pre_weighted
batch_size: 32, lr: 0.001, epochs: 300
time: 167.00s, model: resnet18_GaussianFC
lamda: 10.0
fc_layer_name: PeakedGaussianFC, use_leaky_gaussianfc:2
batch_size: 32,Best_test_acc: 5.0, Best_test_acc_index: 14

FGNET train: 802 images, 62 age classes
FGNET test: 200 images, 45 age classes
* Epoch 1/300
- 3s - train_Loss: 11.2789 - train_Acc: 2.74%
- 1s - test_Loss: 10.1250 - test_Acc: 4.00%
* Epoch 31/300
- 2s - train_Loss: 10.2429 - train_Acc: 3.24%
- 1s - test_Loss: 9.7321 - test_Acc: 2.50%
Early stopping at epoch 42
dataset: FGNET, loss_fn: UnimodalNet, non_pre_weighted
batch_size: 32, lr: 0.001, epochs: 300
time: 133.64s, model: resnet18_GaussianFC
lamda: 10.0
fc_layer_name: PeakedGaussianFC, use_leaky_gaussianfc:2
batch_size: 32,Best_test_acc: 6.0, Best_test_acc_index: 1

FGNET train: 802 images, 62 age classes
FGNET test: 200 images, 45 age classes
* Epoch 1/300
- 3s - train_Loss: 10.0583 - train_Acc: 2.87%
- 1s - test_Loss: 9.5294 - test_Acc: 2.50%
* Epoch 31/300
- 2s - train_Loss: 8.1093 - train_Acc: 4.61%
- 1s - test_Loss: 8.3374 - test_Acc: 4.00%
* Epoch 61/300
- 2s - train_Loss: 6.9166 - train_Acc: 6.86%
- 1s - test_Loss: 6.0560 - test_Acc: 6.00%
* Epoch 91/300
- 2s - train_Loss: 6.1667 - train_Acc: 7.61%
- 1s - test_Loss: 6.1621 - test_Acc: 9.50%
Early stopping at epoch 97
dataset: FGNET, loss_fn: UnimodalNet, non_pre_weighted
batch_size: 32, lr: 0.001, epochs: 300
time: 306.82s, model: resnet18_GaussianFC
lamda: 10.0
fc_layer_name: AdvancedSmoothedGaussianFC, use_leaky_gaussianfc:2
batch_size: 32,Best_test_acc: 9.5, Best_test_acc_index: 59

FGNET train: 802 images, 62 age classes
FGNET test: 200 images, 45 age classes
* Epoch 1/300
- 3s - train_Loss: 11.3661 - train_Acc: 2.24%
- 1s - test_Loss: 9.5705 - test_Acc: 3.00%
* Epoch 31/300
- 3s - train_Loss: 6.9387 - train_Acc: 6.73%
- 1s - test_Loss: 6.3374 - test_Acc: 6.50%
* Epoch 61/300
- 2s - train_Loss: 5.6647 - train_Acc: 7.73%
- 1s - test_Loss: 5.9831 - test_Acc: 8.00%
* Epoch 91/300
- 2s - train_Loss: 4.4843 - train_Acc: 9.60%
- 1s - test_Loss: 5.1243 - test_Acc: 3.00%
Early stopping at epoch 99
dataset: FGNET, loss_fn: UnimodalNet, non_pre_weighted
batch_size: 32, lr: 0.001, epochs: 300
time: 317.16s, model: resnet18_GaussianFC
lamda: 10.0
fc_layer_name: AdvancedSmoothedGaussianFC, use_leaky_gaussianfc:2
batch_size: 32,Best_test_acc: 12.0, Best_test_acc_index: 73

FGNET train: 802 images, 62 age classes
FGNET test: 200 images, 45 age classes
* Epoch 1/300
- 3s - train_Loss: 11.5107 - train_Acc: 2.62%
- 1s - test_Loss: 9.2895 - test_Acc: 3.50%
* Epoch 31/300
- 3s - train_Loss: 8.1515 - train_Acc: 3.87%
- 1s - test_Loss: 7.7488 - test_Acc: 7.00%
* Epoch 61/300
- 2s - train_Loss: 5.7592 - train_Acc: 8.85%
- 1s - test_Loss: 5.7334 - test_Acc: 6.00%
* Epoch 91/300
- 2s - train_Loss: 4.9539 - train_Acc: 10.85%
- 1s - test_Loss: 6.3396 - test_Acc: 6.00%
* Epoch 121/300
- 2s - train_Loss: 4.0305 - train_Acc: 11.60%
- 1s - test_Loss: 5.1347 - test_Acc: 11.00%
Early stopping at epoch 123
dataset: FGNET, loss_fn: UnimodalNet, non_pre_weighted
batch_size: 32, lr: 0.0005, epochs: 300
time: 391.86s, model: resnet18_GaussianFC
lamda: 10.0
fc_layer_name: GaussianFC, use_leaky_gaussianfc:2
batch_size: 32,Best_test_acc: 12.5, Best_test_acc_index: 104

FGNET train: 802 images, 62 age classes
FGNET test: 200 images, 45 age classes
* Epoch 1/300
- 3s - train_Loss: 10.4597 - train_Acc: 2.87%
- 1s - test_Loss: 9.6198 - test_Acc: 1.50%
* Epoch 31/300
- 2s - train_Loss: 8.0358 - train_Acc: 5.36%
- 1s - test_Loss: 8.1049 - test_Acc: 6.00%
* Epoch 61/300
- 2s - train_Loss: 7.4347 - train_Acc: 4.99%
- 1s - test_Loss: 7.2629 - test_Acc: 8.50%
Early stopping at epoch 73
dataset: FGNET, loss_fn: UnimodalNet, non_pre_weighted
batch_size: 32, lr: 0.0005, epochs: 300
time: 230.91s, model: resnet18_GaussianFC
lamda: 10.0
fc_layer_name: GaussianFC, use_leaky_gaussianfc:2
batch_size: 32,Best_test_acc: 12.5, Best_test_acc_index: 45

FGNET train: 802 images, 62 age classes
FGNET test: 200 images, 45 age classes
* Epoch 1/300
- 3s - train_Loss: 21.0136 - train_Acc: 0.62%
- 1s - test_Loss: 20.7874 - test_Acc: 1.00%
* Epoch 31/300
- 3s - train_Loss: 18.0305 - train_Acc: 3.74%
- 1s - test_Loss: 18.2708 - test_Acc: 6.50%
* Epoch 61/300
- 2s - train_Loss: 15.6244 - train_Acc: 3.74%
- 1s - test_Loss: 16.0361 - test_Acc: 6.50%
* Epoch 91/300
- 3s - train_Loss: 14.0402 - train_Acc: 3.74%
- 1s - test_Loss: 14.1557 - test_Acc: 6.50%
* Epoch 121/300
- 2s - train_Loss: 12.5881 - train_Acc: 3.74%
- 1s - test_Loss: 12.5710 - test_Acc: 6.50%
* Epoch 151/300
- 3s - train_Loss: 11.1167 - train_Acc: 3.74%
- 1s - test_Loss: 11.3537 - test_Acc: 6.50%
* Epoch 181/300
- 2s - train_Loss: 10.3235 - train_Acc: 3.74%
- 1s - test_Loss: 10.4554 - test_Acc: 6.50%
* Epoch 211/300
- 2s - train_Loss: 9.9249 - train_Acc: 3.74%
- 1s - test_Loss: 10.0074 - test_Acc: 6.50%
* Epoch 241/300
- 3s - train_Loss: 10.0923 - train_Acc: 3.74%
- 1s - test_Loss: 9.7917 - test_Acc: 6.50%
* Epoch 271/300
- 2s - train_Loss: 9.5252 - train_Acc: 3.74%
- 1s - test_Loss: 9.6779 - test_Acc: 6.50%
dataset: FGNET, loss_fn: UnimodalNet, non_pre_weighted
batch_size: 32, lr: 0.0005, epochs: 300
time: 951.37s, model: resnet18_GaussianFC
lamda: 10.0
fc_layer_name: GaussianFC_uni, use_leaky_gaussianfc:2
batch_size: 32,Best_test_acc: 6.5, Best_test_acc_index: 2

FGNET train: 802 images, 62 age classes
FGNET test: 200 images, 45 age classes
* Epoch 1/300
- 3s - train_Loss: 20.5899 - train_Acc: 1.00%
- 1s - test_Loss: 20.7848 - test_Acc: 0.00%
* Epoch 31/300
- 2s - train_Loss: 17.6517 - train_Acc: 3.74%
- 1s - test_Loss: 18.2534 - test_Acc: 6.50%
* Epoch 61/300
- 2s - train_Loss: 15.4802 - train_Acc: 3.74%
- 1s - test_Loss: 16.0226 - test_Acc: 6.50%
* Epoch 91/300
- 2s - train_Loss: 13.9642 - train_Acc: 3.74%
- 1s - test_Loss: 14.1155 - test_Acc: 6.50%
* Epoch 121/300
- 3s - train_Loss: 12.5087 - train_Acc: 3.74%
- 1s - test_Loss: 12.5450 - test_Acc: 6.50%
* Epoch 151/300
- 2s - train_Loss: 11.0321 - train_Acc: 3.74%
- 1s - test_Loss: 11.3403 - test_Acc: 6.50%
* Epoch 181/300
- 2s - train_Loss: 10.5659 - train_Acc: 3.74%
- 1s - test_Loss: 10.4418 - test_Acc: 6.50%
* Epoch 211/300
- 2s - train_Loss: 9.9148 - train_Acc: 3.74%
- 1s - test_Loss: 9.9979 - test_Acc: 6.50%
* Epoch 241/300
- 3s - train_Loss: 9.8498 - train_Acc: 3.74%
- 1s - test_Loss: 9.7841 - test_Acc: 6.50%
* Epoch 271/300
- 2s - train_Loss: 9.7704 - train_Acc: 3.74%
- 1s - test_Loss: 9.6773 - test_Acc: 6.50%
dataset: FGNET, loss_fn: UnimodalNet, non_pre_weighted
batch_size: 32, lr: 0.0005, epochs: 300
time: 953.48s, model: resnet18_GaussianFC
lamda: 10.0
fc_layer_name: GaussianFC_uni, use_leaky_gaussianfc:2
batch_size: 32,Best_test_acc: 6.5, Best_test_acc_index: 2

FGNET train: 802 images, 62 age classes
FGNET test: 200 images, 45 age classes
* Epoch 1/300
- 3s - train_Loss: 26.2129 - train_Acc: 0.12%
- 1s - test_Loss: 26.7281 - test_Acc: 0.00%
* Epoch 31/300
- 2s - train_Loss: 24.0036 - train_Acc: 0.12%
- 1s - test_Loss: 24.3201 - test_Acc: 0.00%
* Epoch 61/300
- 3s - train_Loss: 21.8406 - train_Acc: 0.12%
- 1s - test_Loss: 22.1556 - test_Acc: 0.00%
* Epoch 91/300
- 3s - train_Loss: 19.7569 - train_Acc: 3.74%
- 1s - test_Loss: 20.3273 - test_Acc: 6.50%
* Epoch 121/300
- 2s - train_Loss: 18.4667 - train_Acc: 3.74%
- 1s - test_Loss: 18.7851 - test_Acc: 6.50%
* Epoch 151/300
- 3s - train_Loss: 16.8367 - train_Acc: 3.74%
- 1s - test_Loss: 17.3950 - test_Acc: 6.50%
* Epoch 181/300
- 2s - train_Loss: 16.1447 - train_Acc: 3.74%
- 1s - test_Loss: 16.2288 - test_Acc: 6.50%
* Epoch 211/300
- 2s - train_Loss: 14.8330 - train_Acc: 3.74%
- 1s - test_Loss: 15.2146 - test_Acc: 6.50%
* Epoch 241/300
- 2s - train_Loss: 14.2888 - train_Acc: 3.74%
- 1s - test_Loss: 14.3277 - test_Acc: 6.50%
* Epoch 271/300
- 3s - train_Loss: 13.3482 - train_Acc: 3.74%
- 1s - test_Loss: 13.5528 - test_Acc: 6.50%
dataset: FGNET, loss_fn: UnimodalNet, non_pre_weighted
batch_size: 32, lr: 0.0005, epochs: 300
time: 962.36s, model: resnet18_GaussianFC
lamda: 10.0
fc_layer_name: FlexibleSingleGaussianFC, use_leaky_gaussianfc:2
batch_size: 32,Best_test_acc: 6.5, Best_test_acc_index: 81

FGNET train: 802 images, 62 age classes
FGNET test: 200 images, 45 age classes
* Epoch 1/300
- 3s - train_Loss: 26.8790 - train_Acc: 0.12%
- 1s - test_Loss: 26.7272 - test_Acc: 0.00%
* Epoch 31/300
- 2s - train_Loss: 24.2559 - train_Acc: 0.12%
- 1s - test_Loss: 24.3190 - test_Acc: 0.00%
* Epoch 61/300
- 2s - train_Loss: 21.6825 - train_Acc: 0.12%
- 1s - test_Loss: 22.1596 - test_Acc: 0.00%
* Epoch 91/300
- 2s - train_Loss: 20.0152 - train_Acc: 3.74%
- 1s - test_Loss: 20.3218 - test_Acc: 6.50%
* Epoch 121/300
- 2s - train_Loss: 18.5219 - train_Acc: 3.74%
- 1s - test_Loss: 18.7859 - test_Acc: 6.50%
* Epoch 151/300
- 2s - train_Loss: 17.4023 - train_Acc: 3.74%
- 1s - test_Loss: 17.3999 - test_Acc: 6.50%
* Epoch 181/300
- 3s - train_Loss: 16.1308 - train_Acc: 3.74%
- 1s - test_Loss: 16.2327 - test_Acc: 6.50%
* Epoch 211/300
- 2s - train_Loss: 14.5627 - train_Acc: 3.74%
- 1s - test_Loss: 15.2149 - test_Acc: 6.50%
* Epoch 241/300
- 3s - train_Loss: 13.9116 - train_Acc: 3.74%
- 1s - test_Loss: 14.3289 - test_Acc: 6.50%
* Epoch 271/300
- 2s - train_Loss: 12.9146 - train_Acc: 3.74%
- 1s - test_Loss: 13.5510 - test_Acc: 6.50%
dataset: FGNET, loss_fn: UnimodalNet, non_pre_weighted
batch_size: 32, lr: 0.0005, epochs: 300
time: 958.31s, model: resnet18_GaussianFC
lamda: 10.0
fc_layer_name: FlexibleSingleGaussianFC, use_leaky_gaussianfc:2
batch_size: 32,Best_test_acc: 6.5, Best_test_acc_index: 81

FGNET train: 802 images, 62 age classes
FGNET test: 200 images, 45 age classes
* Epoch 1/300
- 3s - train_Loss: nan - train_Acc: 0.87%
- 1s - test_Loss: nan - test_Acc: 6.50%
Early stopping at epoch 20
dataset: FGNET, loss_fn: UnimodalNet, non_pre_weighted
batch_size: 32, lr: 0.0005, epochs: 300
time: 64.35s, model: resnet18_GaussianFC
lamda: 10.0
fc_layer_name: MultiModalSingleGaussianFC, use_leaky_gaussianfc:2
batch_size: 32,Best_test_acc: 6.5, Best_test_acc_index: 0

FGNET train: 802 images, 62 age classes
FGNET test: 200 images, 45 age classes
* Epoch 1/300
- 3s - train_Loss: nan - train_Acc: 1.25%
- 1s - test_Loss: nan - test_Acc: 6.50%
Early stopping at epoch 20
dataset: FGNET, loss_fn: UnimodalNet, non_pre_weighted
batch_size: 32, lr: 0.0005, epochs: 300
time: 63.39s, model: resnet18_GaussianFC
lamda: 10.0
fc_layer_name: MultiModalSingleGaussianFC, use_leaky_gaussianfc:2
batch_size: 32,Best_test_acc: 6.5, Best_test_acc_index: 0

FGNET train: 802 images, 62 age classes
FGNET test: 200 images, 45 age classes
* Epoch 1/300
- 3s - train_Loss: 21.3381 - train_Acc: 3.49%
- 1s - test_Loss: 20.8750 - test_Acc: 6.50%
Early stopping at epoch 21
dataset: FGNET, loss_fn: UnimodalNet, non_pre_weighted
batch_size: 32, lr: 0.0005, epochs: 300
time: 66.53s, model: resnet18_GaussianFC
lamda: 10.0
fc_layer_name: PeakedGaussianFC, use_leaky_gaussianfc:2
batch_size: 32,Best_test_acc: 6.5, Best_test_acc_index: 0

FGNET train: 802 images, 62 age classes
FGNET test: 200 images, 45 age classes
* Epoch 1/300
- 3s - train_Loss: 12.6171 - train_Acc: 3.37%
- 1s - test_Loss: 16.6535 - test_Acc: 6.00%
* Epoch 31/300
- 2s - train_Loss: 9.9627 - train_Acc: 2.37%
- 1s - test_Loss: 9.7499 - test_Acc: 3.00%
Early stopping at epoch 53
dataset: FGNET, loss_fn: UnimodalNet, non_pre_weighted
batch_size: 32, lr: 0.0005, epochs: 300
time: 168.32s, model: resnet18_GaussianFC
lamda: 10.0
fc_layer_name: PeakedGaussianFC, use_leaky_gaussianfc:2
batch_size: 32,Best_test_acc: 6.5, Best_test_acc_index: 45

FGNET train: 802 images, 62 age classes
FGNET test: 200 images, 45 age classes
* Epoch 1/300
- 3s - train_Loss: 10.9809 - train_Acc: 3.87%
- 1s - test_Loss: 9.2796 - test_Acc: 4.50%
* Epoch 31/300
- 2s - train_Loss: 6.2700 - train_Acc: 8.73%
- 1s - test_Loss: 6.6607 - test_Acc: 7.50%
* Epoch 61/300
- 2s - train_Loss: 4.6651 - train_Acc: 11.47%
- 1s - test_Loss: 5.6067 - test_Acc: 7.00%
Early stopping at epoch 73
dataset: FGNET, loss_fn: UnimodalNet, non_pre_weighted
batch_size: 32, lr: 0.0005, epochs: 300
time: 233.03s, model: resnet18_GaussianFC
lamda: 10.0
fc_layer_name: AdvancedSmoothedGaussianFC, use_leaky_gaussianfc:2
batch_size: 32,Best_test_acc: 10.0, Best_test_acc_index: 53

FGNET train: 802 images, 62 age classes
FGNET test: 200 images, 45 age classes
* Epoch 1/300
- 3s - train_Loss: 11.2116 - train_Acc: 2.37%
- 1s - test_Loss: 9.4172 - test_Acc: 1.50%
* Epoch 31/300
- 2s - train_Loss: 6.3641 - train_Acc: 6.23%
- 1s - test_Loss: 6.4940 - test_Acc: 8.00%
* Epoch 61/300
- 2s - train_Loss: 5.4023 - train_Acc: 8.60%
- 1s - test_Loss: 5.5749 - test_Acc: 6.50%
* Epoch 91/300
- 2s - train_Loss: 4.4699 - train_Acc: 11.10%
- 1s - test_Loss: 5.1430 - test_Acc: 5.50%
Early stopping at epoch 104
dataset: FGNET, loss_fn: UnimodalNet, non_pre_weighted
batch_size: 32, lr: 0.0005, epochs: 300
time: 325.20s, model: resnet18_GaussianFC
lamda: 10.0
fc_layer_name: AdvancedSmoothedGaussianFC, use_leaky_gaussianfc:2
batch_size: 32,Best_test_acc: 11.5, Best_test_acc_index: 83

FGNET train: 802 images, 62 age classes
FGNET test: 200 images, 45 age classes
* Epoch 1/300
- 3s - train_Loss: 12.0988 - train_Acc: 2.62%
- 1s - test_Loss: 9.4573 - test_Acc: 4.00%
* Epoch 31/300
- 2s - train_Loss: 5.4299 - train_Acc: 8.23%
- 1s - test_Loss: 6.2560 - test_Acc: 8.50%
* Epoch 61/300
- 2s - train_Loss: 4.0704 - train_Acc: 11.35%
- 1s - test_Loss: 5.1330 - test_Acc: 6.50%
Early stopping at epoch 70
dataset: FGNET, loss_fn: UnimodalNet, non_pre_weighted
batch_size: 32, lr: 0.0001, epochs: 300
time: 220.66s, model: resnet18_GaussianFC
lamda: 10.0
fc_layer_name: GaussianFC, use_leaky_gaussianfc:2
batch_size: 32,Best_test_acc: 11.0, Best_test_acc_index: 44

FGNET train: 802 images, 62 age classes
FGNET test: 200 images, 45 age classes
* Epoch 1/300
- 3s - train_Loss: 10.8273 - train_Acc: 2.99%
- 1s - test_Loss: 10.2741 - test_Acc: 2.00%
* Epoch 31/300
- 2s - train_Loss: 4.4435 - train_Acc: 11.97%
- 1s - test_Loss: 5.9950 - test_Acc: 7.00%
Early stopping at epoch 55
dataset: FGNET, loss_fn: UnimodalNet, non_pre_weighted
batch_size: 32, lr: 0.0001, epochs: 300
time: 174.24s, model: resnet18_GaussianFC
lamda: 10.0
fc_layer_name: GaussianFC, use_leaky_gaussianfc:2
batch_size: 32,Best_test_acc: 13.0, Best_test_acc_index: 47

FGNET train: 802 images, 62 age classes
FGNET test: 200 images, 45 age classes
* Epoch 1/300
- 3s - train_Loss: 21.5843 - train_Acc: 1.62%
- 1s - test_Loss: 20.8569 - test_Acc: 1.50%
* Epoch 31/300
- 2s - train_Loss: 19.8574 - train_Acc: 3.74%
- 1s - test_Loss: 20.3274 - test_Acc: 6.50%
* Epoch 61/300
- 2s - train_Loss: 19.4722 - train_Acc: 3.74%
- 1s - test_Loss: 19.8127 - test_Acc: 6.50%
* Epoch 91/300
- 2s - train_Loss: 18.8825 - train_Acc: 3.74%
- 1s - test_Loss: 19.3113 - test_Acc: 6.50%
* Epoch 121/300
- 3s - train_Loss: 18.6669 - train_Acc: 3.74%
- 1s - test_Loss: 18.8215 - test_Acc: 6.50%
* Epoch 151/300
- 2s - train_Loss: 18.2152 - train_Acc: 3.74%
- 1s - test_Loss: 18.3252 - test_Acc: 6.50%
* Epoch 181/300
- 2s - train_Loss: 17.4653 - train_Acc: 3.74%
- 1s - test_Loss: 17.8417 - test_Acc: 6.50%
* Epoch 211/300
- 2s - train_Loss: 16.9423 - train_Acc: 3.74%
- 1s - test_Loss: 17.3703 - test_Acc: 6.50%
* Epoch 241/300
- 2s - train_Loss: 16.3943 - train_Acc: 3.74%
- 1s - test_Loss: 16.9265 - test_Acc: 6.50%
* Epoch 271/300
- 2s - train_Loss: 16.0553 - train_Acc: 3.74%
- 1s - test_Loss: 16.4894 - test_Acc: 6.50%
dataset: FGNET, loss_fn: UnimodalNet, non_pre_weighted
batch_size: 32, lr: 0.0001, epochs: 300
time: 939.73s, model: resnet18_GaussianFC
lamda: 10.0
fc_layer_name: GaussianFC_uni, use_leaky_gaussianfc:2
batch_size: 32,Best_test_acc: 6.5, Best_test_acc_index: 2

FGNET train: 802 images, 62 age classes
FGNET test: 200 images, 45 age classes
* Epoch 1/300
- 56s - train_Loss: 20.8090 - train_Acc: 3.12%
- 4s - test_Loss: 20.8750 - test_Acc: 6.50%
Early stopping at epoch 21
dataset: FGNET, loss_fn: UnimodalNet, non_pre_weighted
batch_size: 32, lr: 0.0001, epochs: 300
time: 1206.98s, model: resnet18_GaussianFC
lamda: 10.0
fc_layer_name: GaussianFC_uni, use_leaky_gaussianfc:2
batch_size: 32,Best_test_acc: 6.5, Best_test_acc_index: 0

FGNET train: 802 images, 62 age classes
FGNET test: 200 images, 45 age classes
* Epoch 1/300
- 56s - train_Loss: 26.4249 - train_Acc: 0.12%
- 5s - test_Loss: 26.7955 - test_Acc: 0.00%
* Epoch 31/300
- 54s - train_Loss: 26.3620 - train_Acc: 0.12%
- 5s - test_Loss: 26.2878 - test_Acc: 0.00%
* Epoch 61/300
- 51s - train_Loss: 25.3370 - train_Acc: 0.12%
- 4s - test_Loss: 25.7962 - test_Acc: 0.00%
* Epoch 91/300
- 51s - train_Loss: 25.1289 - train_Acc: 0.12%
- 5s - test_Loss: 25.3105 - test_Acc: 0.00%
* Epoch 121/300
- 53s - train_Loss: 24.7006 - train_Acc: 0.12%
- 4s - test_Loss: 24.8389 - test_Acc: 0.00%
* Epoch 151/300
- 51s - train_Loss: 23.6834 - train_Acc: 0.12%
- 5s - test_Loss: 24.3728 - test_Acc: 0.00%
* Epoch 181/300
- 52s - train_Loss: 23.7013 - train_Acc: 0.12%
- 4s - test_Loss: 23.9130 - test_Acc: 0.00%
* Epoch 211/300
- 52s - train_Loss: 23.2092 - train_Acc: 0.12%
- 5s - test_Loss: 23.4616 - test_Acc: 0.00%
* Epoch 241/300
- 52s - train_Loss: 22.5972 - train_Acc: 0.12%
- 4s - test_Loss: 23.0142 - test_Acc: 0.00%
* Epoch 271/300
- 54s - train_Loss: 22.6814 - train_Acc: 0.12%
- 5s - test_Loss: 22.5752 - test_Acc: 0.00%
dataset: FGNET, loss_fn: UnimodalNet, non_pre_weighted
batch_size: 32, lr: 0.0001, epochs: 300
time: 16892.55s, model: resnet18_GaussianFC
lamda: 10.0
fc_layer_name: FlexibleSingleGaussianFC, use_leaky_gaussianfc:2
batch_size: 32,Best_test_acc: 0.0, Best_test_acc_index: 0

FGNET train: 802 images, 62 age classes
FGNET test: 200 images, 45 age classes
* Epoch 1/300
- 55s - train_Loss: 26.3714 - train_Acc: 0.12%
- 5s - test_Loss: 26.7954 - test_Acc: 0.00%
* Epoch 31/300
- 54s - train_Loss: 26.1460 - train_Acc: 0.12%
- 5s - test_Loss: 26.2881 - test_Acc: 0.00%
* Epoch 61/300
- 42s - train_Loss: 25.9134 - train_Acc: 0.12%
- 4s - test_Loss: 25.7957 - test_Acc: 0.00%
* Epoch 91/300
- 39s - train_Loss: 24.8653 - train_Acc: 0.12%
- 4s - test_Loss: 25.3110 - test_Acc: 0.00%
* Epoch 121/300
- 45s - train_Loss: 24.2872 - train_Acc: 0.12%
- 3s - test_Loss: 24.8401 - test_Acc: 0.00%
* Epoch 151/300
- 42s - train_Loss: 23.7684 - train_Acc: 0.12%
- 3s - test_Loss: 24.3752 - test_Acc: 0.00%
* Epoch 181/300
- 41s - train_Loss: 23.7071 - train_Acc: 0.12%
- 4s - test_Loss: 23.9187 - test_Acc: 0.00%
* Epoch 211/300
- 44s - train_Loss: 23.3045 - train_Acc: 0.12%
- 3s - test_Loss: 23.4667 - test_Acc: 0.00%
* Epoch 241/300
- 59s - train_Loss: 22.5469 - train_Acc: 0.12%
- 5s - test_Loss: 23.0216 - test_Acc: 0.00%
* Epoch 271/300
- 42s - train_Loss: 22.1325 - train_Acc: 0.12%
- 4s - test_Loss: 22.5852 - test_Acc: 0.00%
dataset: FGNET, loss_fn: UnimodalNet, non_pre_weighted
batch_size: 32, lr: 0.0001, epochs: 300
time: 14512.91s, model: resnet18_GaussianFC
lamda: 10.0
fc_layer_name: FlexibleSingleGaussianFC, use_leaky_gaussianfc:2
batch_size: 32,Best_test_acc: 0.0, Best_test_acc_index: 0

FGNET train: 802 images, 62 age classes
FGNET test: 200 images, 45 age classes
* Epoch 1/300
- 43s - train_Loss: 16.7487 - train_Acc: 4.11%
- 4s - test_Loss: 15.5014 - test_Acc: 6.00%
* Epoch 31/300
- 41s - train_Loss: 14.8207 - train_Acc: 4.61%
- 4s - test_Loss: 15.3258 - test_Acc: 2.50%
Early stopping at epoch 59
dataset: FGNET, loss_fn: UnimodalNet, non_pre_weighted
batch_size: 32, lr: 0.0001, epochs: 300
time: 2670.64s, model: resnet18_GaussianFC
lamda: 10.0
fc_layer_name: MultiModalSingleGaussianFC, use_leaky_gaussianfc:2
batch_size: 32,Best_test_acc: 6.5, Best_test_acc_index: 4

FGNET train: 802 images, 62 age classes
FGNET test: 200 images, 45 age classes
* Epoch 1/300
- 42s - train_Loss: 23.4032 - train_Acc: 0.12%
- 4s - test_Loss: 21.3275 - test_Acc: 0.00%
* Epoch 31/300
- 59s - train_Loss: nan - train_Acc: 3.74%
- 5s - test_Loss: nan - test_Acc: 6.50%
Early stopping at epoch 32
dataset: FGNET, loss_fn: UnimodalNet, non_pre_weighted
batch_size: 32, lr: 0.0001, epochs: 300
time: 1769.52s, model: resnet18_GaussianFC
lamda: 10.0
fc_layer_name: MultiModalSingleGaussianFC, use_leaky_gaussianfc:2
batch_size: 32,Best_test_acc: 6.5, Best_test_acc_index: 18

FGNET train: 802 images, 62 age classes
FGNET test: 200 images, 45 age classes
* Epoch 1/300
- 57s - train_Loss: 13.2375 - train_Acc: 2.24%
- 5s - test_Loss: 9.6967 - test_Acc: 3.00%
* Epoch 31/300
- 53s - train_Loss: 9.7888 - train_Acc: 3.24%
- 4s - test_Loss: 9.7104 - test_Acc: 3.00%
Early stopping at epoch 39
dataset: FGNET, loss_fn: UnimodalNet, non_pre_weighted
batch_size: 32, lr: 0.0001, epochs: 300
time: 2245.53s, model: resnet18_GaussianFC
lamda: 10.0
fc_layer_name: PeakedGaussianFC, use_leaky_gaussianfc:2
batch_size: 32,Best_test_acc: 6.0, Best_test_acc_index: 19

FGNET train: 802 images, 62 age classes
FGNET test: 200 images, 45 age classes
* Epoch 1/300
- 52s - train_Loss: 11.7055 - train_Acc: 3.24%
- 5s - test_Loss: 14.9494 - test_Acc: 3.50%
* Epoch 31/300
- 39s - train_Loss: 10.1532 - train_Acc: 2.99%
- 3s - test_Loss: 9.5920 - test_Acc: 3.50%
Early stopping at epoch 60
dataset: FGNET, loss_fn: UnimodalNet, non_pre_weighted
batch_size: 32, lr: 0.0001, epochs: 300
time: 3066.04s, model: resnet18_GaussianFC
lamda: 10.0
fc_layer_name: PeakedGaussianFC, use_leaky_gaussianfc:2
batch_size: 32,Best_test_acc: 7.5, Best_test_acc_index: 20

FGNET train: 802 images, 62 age classes
FGNET test: 200 images, 45 age classes
* Epoch 1/300
- 42s - train_Loss: 11.3059 - train_Acc: 3.49%
- 6s - test_Loss: 9.2189 - test_Acc: 3.00%
* Epoch 31/300
- 39s - train_Loss: 5.5979 - train_Acc: 7.86%
- 5s - test_Loss: 5.9790 - test_Acc: 7.00%
* Epoch 61/300
- 53s - train_Loss: 3.8038 - train_Acc: 10.97%
- 7s - test_Loss: 5.9928 - test_Acc: 7.50%
Early stopping at epoch 72
dataset: FGNET, loss_fn: UnimodalNet, non_pre_weighted
batch_size: 32, lr: 0.0001, epochs: 300
time: 3562.48s, model: resnet18_GaussianFC
lamda: 10.0
fc_layer_name: AdvancedSmoothedGaussianFC, use_leaky_gaussianfc:2
batch_size: 32,Best_test_acc: 11.0, Best_test_acc_index: 67

FGNET train: 802 images, 62 age classes
FGNET test: 200 images, 45 age classes
* Epoch 1/300
- 51s - train_Loss: 12.4168 - train_Acc: 2.99%
- 4s - test_Loss: 9.5210 - test_Acc: 2.00%
* Epoch 31/300
- 51s - train_Loss: 5.4350 - train_Acc: 11.22%
- 5s - test_Loss: 5.7500 - test_Acc: 6.50%
* Epoch 61/300
- 49s - train_Loss: 3.6754 - train_Acc: 11.97%
- 4s - test_Loss: 4.5564 - test_Acc: 10.50%
Early stopping at epoch 67
dataset: FGNET, loss_fn: UnimodalNet, non_pre_weighted
batch_size: 32, lr: 0.0001, epochs: 300
time: 3619.15s, model: resnet18_GaussianFC
lamda: 10.0
fc_layer_name: AdvancedSmoothedGaussianFC, use_leaky_gaussianfc:2
batch_size: 32,Best_test_acc: 13.0, Best_test_acc_index: 38

FGNET train: 802 images, 62 age classes
FGNET test: 200 images, 45 age classes
* Epoch 1/300
- 51s - train_Loss: 10.9034 - train_Acc: 3.24%
- 5s - test_Loss: 9.4701 - test_Acc: 3.00%
* Epoch 31/300
- 45s - train_Loss: 7.7446 - train_Acc: 5.49%
- 5s - test_Loss: 7.4012 - test_Acc: 5.00%
* Epoch 61/300
- 45s - train_Loss: 6.0530 - train_Acc: 6.61%
- 4s - test_Loss: 6.0920 - test_Acc: 7.00%
* Epoch 91/300
- 46s - train_Loss: 4.9651 - train_Acc: 7.23%
- 5s - test_Loss: 5.5026 - test_Acc: 7.00%
Early stopping at epoch 99
dataset: FGNET, loss_fn: UnimodalNet, non_pre_weighted
batch_size: 32, lr: 0.001, epochs: 300
time: 4949.09s, model: resnet18_GaussianFC
lamda: 100.0
fc_layer_name: GaussianFC, use_leaky_gaussianfc:2
batch_size: 32,Best_test_acc: 12.5, Best_test_acc_index: 86

FGNET train: 802 images, 62 age classes
FGNET test: 200 images, 45 age classes
* Epoch 1/300
- 54s - train_Loss: 9.9142 - train_Acc: 1.75%
- 4s - test_Loss: 9.4323 - test_Acc: 2.50%
* Epoch 31/300
- 47s - train_Loss: 8.0136 - train_Acc: 4.61%
- 5s - test_Loss: 7.9270 - test_Acc: 4.00%
* Epoch 61/300
- 50s - train_Loss: 5.6305 - train_Acc: 10.47%
- 4s - test_Loss: 5.7014 - test_Acc: 10.00%
Early stopping at epoch 81
dataset: FGNET, loss_fn: UnimodalNet, non_pre_weighted
batch_size: 32, lr: 0.001, epochs: 300
time: 4434.96s, model: resnet18_GaussianFC
lamda: 100.0
fc_layer_name: GaussianFC, use_leaky_gaussianfc:2
batch_size: 32,Best_test_acc: 12.0, Best_test_acc_index: 64

FGNET train: 802 images, 62 age classes
FGNET test: 200 images, 45 age classes
* Epoch 1/300
- 62s - train_Loss: 21.8325 - train_Acc: 2.24%
- 4s - test_Loss: 20.6945 - test_Acc: 2.50%
* Epoch 31/300
- 53s - train_Loss: 15.8312 - train_Acc: 3.74%
- 4s - test_Loss: 15.9588 - test_Acc: 6.50%
* Epoch 61/300
- 58s - train_Loss: 12.5050 - train_Acc: 3.74%
- 5s - test_Loss: 12.5278 - test_Acc: 6.50%
* Epoch 91/300
- 64s - train_Loss: 10.6051 - train_Acc: 3.74%
- 5s - test_Loss: 10.4736 - test_Acc: 6.50%
