=========================================
Experiment Parameters:
=========================================
datasets: FGNET
losses: UnimodalNet
models: snn_resnet18 resnet18_GaussianFC
lrs: 1e-3 5e-4 1e-4
lamdas: 1 10 100
=========================================
Starting experiments at: Wed Aug 27 14:44:58 WEST 2025
=========================================
Running: dataset=FGNET, loss=UnimodalNet, model=snn_resnet18, lr=1e-3, lamda=1
FGNET train: 802 images, 62 age classes
FGNET test: 200 images, 45 age classes
* Epoch 1/300
- 17s - train_Loss: 5.0125 - train_Acc: 3.49%
Yhat.shape torch.Size([32, 70]) tensor([ 1.4368,  0.6326, -1.2863, -2.3316, -3.2590, -2.8205, -3.4578, -3.5521,
        -3.3180, -3.4644, -3.4635, -4.4205, -4.2980, -4.6381, -4.4667, -4.4310,
        -4.4052, -3.2317, -3.5723, -3.8466, -4.1427, -4.0571, -3.3035, -3.3663,
        -2.8753, -2.4792, -3.4360, -3.6440, -4.4689, -2.3724, -2.4461, -2.4521,
        -3.1883, -3.2958, -3.2013, -3.1419, -3.4615, -2.8290, -2.7813, -3.1301,
        -2.9555, -3.1264, -3.8746, -2.5687, -3.7600, -3.0789, -3.2087, -3.1615,
        -3.3389, -3.0549, -3.1682, -3.6173, -2.8575, -3.6816, -2.6584, -2.6193,
        -3.4287, -3.1010, -4.6951, -4.3488, -3.3536, -3.0515, -3.1591, -3.1731,
        -2.7581, -3.8210, -3.0513, -3.5167, -3.3510, -4.0899], device='cuda:0') tensor([ 1,  8, 23, 26, 39, 13, 13, 18,  5, 35, 21, 14,  6,  1,  0, 14, 11, 30,
        21, 14,  8, 41, 15,  0,  5, 43,  5, 12, 40, 23, 18,  3],
       device='cuda:0')
Yhat.shape torch.Size([32, 70]) tensor([ 1.3699,  0.5975, -0.8738, -1.9290, -2.5556, -2.5156, -3.0039, -2.6909,
        -2.9188, -3.0273, -3.0940, -3.7849, -3.7604, -3.9197, -3.8005, -3.7712,
        -3.7795, -2.6840, -3.1947, -3.3848, -3.4585, -3.5782, -2.9036, -2.9714,
        -2.3535, -2.2406, -2.9253, -3.2650, -3.4541, -2.0578, -2.1283, -2.0633,
        -2.9209, -2.9156, -2.5845, -2.6129, -2.9188, -2.6362, -2.2750, -2.7333,
        -2.6655, -2.4539, -3.3553, -2.4265, -3.3115, -2.6781, -2.6334, -2.8041,
        -2.9587, -2.7152, -2.8322, -3.2874, -2.3748, -3.2840, -2.3787, -2.0564,
        -3.0159, -2.6429, -4.0982, -3.8136, -2.9271, -2.6502, -2.7834, -2.7482,
        -2.4326, -3.1780, -2.7248, -2.9057, -3.0285, -3.5277], device='cuda:0') tensor([17,  6, 14,  6,  4, 10, 14, 18, 17, 10,  7, 31, 10, 17, 13, 11,  9, 30,
        20,  2, 35, 16, 17, 29,  7,  5,  6,  8, 15,  0,  1,  3],
       device='cuda:0')
Yhat.shape torch.Size([32, 70]) tensor([ 0.9501, -0.3515, -1.9742, -2.5594, -2.3675, -2.7306, -3.1315, -3.9620,
        -3.4192, -4.2896, -4.5764, -5.2054, -6.6401, -5.8813, -5.5345, -5.4934,
        -5.4273, -5.0260, -4.3451, -5.2944, -4.7040, -4.7011, -3.8393, -4.7183,
        -4.0968, -4.3206, -3.3900, -4.8837, -4.7067, -4.2879, -4.6575, -3.4365,
        -3.8330, -4.4065, -3.9673, -3.6849, -4.2635, -2.4939, -3.4174, -3.1959,
        -3.7234, -3.7000, -4.7711, -4.4213, -3.5922, -4.3843, -3.2487, -3.9390,
        -2.9296, -3.6224, -4.9580, -4.2811, -3.7181, -4.1378, -4.1735, -2.5016,
        -3.9487, -3.6339, -5.0828, -4.3657, -4.0766, -3.5537, -5.2608, -3.9290,
        -4.2903, -3.4018, -4.4627, -4.7836, -4.8199, -4.2777], device='cuda:0') tensor([35, 33,  0, 34, 48,  5, 12,  5, 14, 28, 27, 13, 52,  3, 43,  0, 58, 10,
        16, 14,  2, 42, 14, 53,  3, 26,  2, 17,  7, 23,  2,  3],
       device='cuda:0')
Yhat.shape torch.Size([32, 70]) tensor([ 1.4533,  0.5376, -1.2050, -2.2127, -3.0705, -2.7328, -3.3091, -3.2124,
        -3.2638, -3.2624, -3.2478, -4.1068, -4.1016, -4.3229, -4.1339, -4.2135,
        -4.1672, -2.9523, -3.4600, -3.4906, -3.8858, -3.8476, -3.0083, -3.1344,
        -2.6883, -2.3322, -3.2247, -3.4335, -4.0631, -2.1282, -2.2074, -2.2757,
        -3.1100, -3.0835, -2.9136, -2.8938, -3.2371, -2.6823, -2.5174, -2.8718,
        -2.8244, -2.8764, -3.6731, -2.3245, -3.4165, -2.8542, -2.9852, -2.9895,
        -3.1430, -2.7772, -2.9431, -3.3343, -2.7155, -3.3736, -2.4930, -2.3300,
        -3.1216, -2.9032, -4.3958, -4.1394, -3.1560, -2.8508, -2.9337, -2.9723,
        -2.5256, -3.5658, -2.8900, -3.3380, -3.1598, -3.7480], device='cuda:0') tensor([15,  8, 19, 23,  6,  3, 20, 17, 21,  0, 19, 35,  2, 15,  0,  7,  5, 17,
        28,  5,  4,  5, 10, 22,  7, 25, 11,  0, 18, 18, 23, 13],
       device='cuda:0')
Yhat.shape torch.Size([32, 70]) tensor([ 1.1216,  0.0371, -1.7938, -2.3767, -2.6219, -2.9149, -3.2398, -3.6229,
        -3.4331, -3.9436, -3.9973, -4.8629, -5.7923, -5.3034, -5.0043, -4.9561,
        -4.9369, -4.3132, -4.0120, -4.7284, -4.3445, -4.3891, -3.5431, -4.2722,
        -3.6026, -3.8173, -3.2856, -4.4479, -4.4733, -3.6807, -3.9001, -3.1686,
        -3.5607, -4.0453, -3.6650, -3.4522, -3.7867, -2.5956, -3.0093, -3.1658,
        -3.4162, -3.4945, -4.4517, -3.7990, -3.7138, -3.9771, -3.2019, -3.6983,
        -3.0057, -3.3793, -4.3606, -4.0727, -3.4530, -3.9078, -3.6789, -2.3617,
        -3.7908, -3.3927, -4.8821, -4.3029, -3.8237, -3.3207, -4.5638, -3.4496,
        -3.6994, -3.3660, -3.9401, -4.2658, -4.3175, -4.1006], device='cuda:0') tensor([34,  7, 16,  4, 12, 11, 43,  7,  6, 20, 27, 41, 40, 18, 11, 10,  0,  3,
        19, 14, 16, 18,  0, 12, 17, 17,  4, 15, 13,  5,  4, 31],
       device='cuda:0')
Yhat.shape torch.Size([32, 70]) tensor([ 0.7958, -0.2452, -1.7514, -2.3997, -2.3694, -2.6312, -3.0459, -3.4597,
        -3.3472, -4.0161, -4.2338, -4.8849, -6.3049, -5.4994, -5.1904, -5.1181,
        -5.0352, -4.6489, -4.1235, -4.9885, -4.3571, -4.4329, -3.5956, -4.5028,
        -3.7802, -4.0814, -3.0853, -4.5277, -4.2203, -4.0120, -4.3310, -3.1540,
        -3.5880, -4.0964, -3.6238, -3.4297, -3.9927, -2.3339, -3.1673, -2.9317,
        -3.6568, -3.4062, -4.6103, -4.2102, -3.2762, -4.0362, -3.0312, -3.6580,
        -2.8164, -3.4494, -4.6674, -4.1225, -3.6424, -3.8800, -3.8833, -2.2437,
        -3.7579, -3.4232, -4.8914, -4.1688, -3.9961, -3.3764, -5.0153, -3.6416,
        -4.0040, -3.1561, -4.1832, -4.3926, -4.6019, -3.9607], device='cuda:0') tensor([11,  8, 34,  0,  5, 16,  4,  4, 19,  0,  4,  1, 15, 10, 30,  9, 46,  6,
        28, 17, 11, 19, 13, 33,  6,  3,  3, 30, 36, 17,  9, 18],
       device='cuda:0')
Yhat.shape torch.Size([8, 70]) tensor([ 1.3260,  0.6753, -0.9232, -1.9052, -2.6022, -2.5036, -2.8577, -2.5213,
        -2.7890, -2.8338, -2.9124, -3.5927, -3.6334, -3.6736, -3.5631, -3.6155,
        -3.6803, -2.5298, -2.9789, -3.1726, -3.3395, -3.3955, -2.7609, -2.8909,
        -2.2279, -2.1031, -2.7372, -3.1244, -3.2555, -1.9274, -2.0841, -1.9398,
        -2.7470, -2.8476, -2.3788, -2.4705, -2.6993, -2.4926, -2.1705, -2.6831,
        -2.6245, -2.3875, -3.2255, -2.2559, -3.1775, -2.5865, -2.4801, -2.6524,
        -2.8947, -2.5664, -2.7026, -3.2239, -2.2903, -3.1306, -2.2757, -1.9104,
        -2.9211, -2.5821, -3.9506, -3.6126, -2.8873, -2.6367, -2.7325, -2.5546,
        -2.3415, -3.1447, -2.4728, -2.6767, -2.9514, -3.4196], device='cuda:0') tensor([15, 17, 42,  9, 23,  1,  6,  0], device='cuda:0')
- 2s - test_Loss: 3.9174 - test_Acc: 6.50%
Yhat.shape torch.Size([32, 70]) tensor([ 2.7237, -0.4924, -0.5926, -2.3669, -3.1696, -3.4098, -3.6809, -3.3391,
        -3.3284, -3.7939, -3.3337, -4.4347, -4.7635, -4.2876, -4.5205, -4.1031,
        -4.3355, -3.1996, -3.3500, -3.4012, -3.1089, -3.4191, -2.6830, -2.9798,
        -2.2224, -1.8681, -2.3825, -3.6089, -3.9627, -1.8541, -1.5966, -0.8572,
        -2.7472, -3.0277, -2.4362, -2.6386, -2.8049, -1.8478, -1.6115, -2.7437,
        -2.8702, -2.8189, -3.8138, -2.5714, -3.4576, -2.9858, -2.7586, -2.9831,
        -3.0459, -3.2635, -3.2073, -3.7935, -3.1529, -3.8583, -3.2199, -2.6721,
        -3.7019, -3.6582, -4.8343, -3.9641, -3.4660, -3.7792, -3.5692, -3.2757,
        -3.5903, -3.6595, -3.3285, -3.9153, -3.7398, -4.4686], device='cuda:0') tensor([ 1,  8, 23, 26, 39, 13, 13, 18,  5, 35, 21, 14,  6,  1,  0, 14, 11, 30,
        21, 14,  8, 41, 15,  0,  5, 43,  5, 12, 40, 23, 18,  3],
       device='cuda:0')
Yhat.shape torch.Size([32, 70]) tensor([ 2.3572, -0.3330, -0.8397, -2.3486, -3.0358, -3.3197, -3.6035, -3.4785,
        -3.4435, -3.8530, -3.6081, -4.5921, -4.7976, -4.3394, -4.3873, -4.3077,
        -4.3572, -3.4405, -3.3487, -3.6763, -3.2465, -3.3481, -2.4914, -3.0730,
        -2.1590, -2.1499, -2.1607, -3.5077, -3.8059, -2.1689, -1.8971, -1.1392,
        -2.6471, -3.1393, -2.7868, -2.4680, -2.7724, -1.9094, -1.8362, -2.7103,
        -2.8060, -2.8835, -3.7462, -2.8220, -3.5472, -2.9960, -2.8044, -3.1149,
        -3.2495, -3.0797, -3.4009, -3.8057, -3.1220, -3.7580, -2.8800, -2.5664,
        -3.7067, -3.4562, -4.7197, -4.1740, -3.5653, -3.3399, -3.9804, -3.4291,
        -3.6084, -3.5200, -3.4025, -3.8954, -3.8362, -4.2680], device='cuda:0') tensor([17,  6, 14,  6,  4, 10, 14, 18, 17, 10,  7, 31, 10, 17, 13, 11,  9, 30,
        20,  2, 35, 16, 17, 29,  7,  5,  6,  8, 15,  0,  1,  3],
       device='cuda:0')
Yhat.shape torch.Size([32, 70]) tensor([ 1.3057,  0.1395, -1.7592, -2.4512, -1.5259, -2.7231, -2.6588, -3.9869,
        -3.0873, -4.4081, -4.4227, -4.8767, -7.0039, -5.7766, -5.0628, -5.5914,
        -5.0621, -5.5484, -3.8505, -4.7139, -3.5080, -3.4646, -2.7845, -3.7776,
        -3.0438, -3.7059, -0.6058, -4.0505, -3.4303, -4.4187, -4.6191, -2.6668,
        -2.6129, -4.0020, -3.4438, -2.7482, -3.3489,  0.1441, -2.5163, -1.9541,
        -3.3960, -3.5436, -4.5306, -4.8157, -2.3707, -4.0841, -2.3903, -3.5422,
        -2.1503, -3.1896, -5.2835, -3.9204, -3.7305, -3.3746, -4.0133, -1.9354,
        -3.7234, -3.7054, -4.4129, -3.7504, -4.3052, -3.4933, -5.9071, -3.9580,
        -4.6625, -3.1981, -4.5488, -5.0174, -5.2664, -3.9857], device='cuda:0') tensor([35, 33,  0, 34, 48,  5, 12,  5, 14, 28, 27, 13, 52,  3, 43,  0, 58, 10,
        16, 14,  2, 42, 14, 53,  3, 26,  2, 17,  7, 23,  2,  3],
       device='cuda:0')
Yhat.shape torch.Size([32, 70]) tensor([ 3.0597, -0.7486, -0.5497, -2.4493, -3.5851, -3.5580, -3.8828, -3.3301,
        -3.5010, -3.7920, -3.1359, -4.5917, -4.6285, -4.2189, -4.4286, -4.1349,
        -4.3115, -3.1080, -3.3839, -3.3516, -3.1796, -3.3587, -2.6086, -2.9610,
        -2.0708, -1.7434, -2.5584, -3.5523, -4.0750, -1.8212, -1.1880, -0.7190,
        -2.7420, -2.9691, -2.5277, -2.5651, -2.8543, -2.2097, -1.5902, -2.9169,
        -2.9441, -2.8261, -3.8066, -2.4470, -3.6988, -2.9318, -2.8383, -3.1056,
        -3.4481, -3.3741, -2.8781, -3.9246, -3.2007, -4.0022, -3.1860, -2.9275,
        -3.8109, -3.7732, -5.0146, -4.1383, -3.3727, -3.8790, -3.5732, -3.2889,
        -3.6115, -3.6495, -3.2622, -3.8838, -3.6724, -4.5434], device='cuda:0') tensor([15,  8, 19, 23,  6,  3, 20, 17, 21,  0, 19, 35,  2, 15,  0,  7,  5, 17,
        28,  5,  4,  5, 10, 22,  7, 25, 11,  0, 18, 18, 23, 13],
       device='cuda:0')
Yhat.shape torch.Size([32, 70]) tensor([ 2.5965, -0.2847, -1.3000, -2.3778, -2.3441, -3.3246, -3.2994, -3.8318,
        -3.2650, -4.2766, -3.9219, -4.8719, -6.1396, -5.3260, -4.9226, -5.2173,
        -5.0149, -4.7542, -3.8243, -4.2630, -3.5257, -3.4182, -2.7791, -3.6324,
        -2.7485, -3.0403, -1.2675, -4.0348, -3.7896, -3.4106, -3.3953, -1.7124,
        -2.7554, -3.8178, -3.1077, -2.7992, -3.1660, -0.7633, -1.9897, -2.4435,
        -3.3956, -3.3458, -4.4528, -3.8039, -2.9661, -3.6785, -2.6862, -3.4300,
        -2.6869, -3.5223, -4.4361, -4.2675, -3.5766, -3.7276, -3.7218, -2.4927,
        -4.0247, -3.9342, -4.9479, -4.0808, -4.0420, -3.8644, -5.0138, -3.8217,
        -4.4218, -3.5485, -4.2617, -4.8158, -4.9430, -4.3128], device='cuda:0') tensor([34,  7, 16,  4, 12, 11, 43,  7,  6, 20, 27, 41, 40, 18, 11, 10,  0,  3,
        19, 14, 16, 18,  0, 12, 17, 17,  4, 15, 13,  5,  4, 31],
       device='cuda:0')
Yhat.shape torch.Size([32, 70]) tensor([ 1.3625,  0.3156, -1.4874, -2.2478, -1.6575, -2.6897, -2.7782, -3.8565,
        -3.0043, -4.2061, -4.3013, -4.7707, -6.5042, -5.4553, -4.8631, -5.3539,
        -4.9568, -5.0894, -3.7124, -4.5534, -3.5584, -3.4675, -2.6982, -3.6216,
        -2.8554, -3.4110, -0.9514, -3.9830, -3.4227, -4.0043, -4.1424, -2.3661,
        -2.6096, -3.8104, -3.2838, -2.6584, -3.2384, -0.4560, -2.5477, -2.0568,
        -3.2324, -3.3811, -4.3443, -4.3576, -2.6108, -3.7982, -2.5610, -3.3984,
        -2.3043, -3.2283, -4.9821, -4.0221, -3.4901, -3.4728, -3.7150, -2.0773,
        -3.7072, -3.5601, -4.4356, -3.8567, -4.2340, -3.4215, -5.4555, -3.9288,
        -4.3741, -3.2944, -4.3638, -4.7888, -4.9691, -3.9906], device='cuda:0') tensor([11,  8, 34,  0,  5, 16,  4,  4, 19,  0,  4,  1, 15, 10, 30,  9, 46,  6,
        28, 17, 11, 19, 13, 33,  6,  3,  3, 30, 36, 17,  9, 18],
       device='cuda:0')
Yhat.shape torch.Size([8, 70]) tensor([ 3.1477, -0.7478, -0.4805, -2.4314, -3.6369, -3.6000, -4.0282, -3.3178,
        -3.6480, -3.8152, -3.3274, -4.7494, -4.5728, -4.2413, -4.4285, -4.2666,
        -4.4444, -3.1583, -3.4241, -3.4914, -3.2881, -3.5096, -2.5536, -2.9889,
        -2.0917, -1.9002, -2.7135, -3.5786, -4.1505, -1.7796, -1.1274, -0.7694,
        -2.7824, -3.0064, -2.7125, -2.6058, -2.8528, -2.5434, -1.7899, -3.0691,
        -2.9802, -2.8855, -3.9111, -2.4538, -3.8910, -2.9823, -3.0664, -3.0961,
        -3.7600, -3.3708, -3.0118, -4.0313, -3.2375, -4.0687, -2.9920, -2.9645,
        -3.9643, -3.7413, -5.1333, -4.4287, -3.5189, -3.5925, -3.6417, -3.4107,
        -3.5730, -3.7960, -3.3493, -3.8899, -3.6999, -4.7085], device='cuda:0') tensor([15, 17, 42,  9, 23,  1,  6,  0], device='cuda:0')
Yhat.shape torch.Size([32, 70]) tensor([ 2.6636, -0.7105, -1.7520, -2.5486, -2.0686, -2.9026, -3.1028, -4.4043,
        -3.4329, -5.0634, -4.7078, -5.1901, -7.5981, -6.5864, -5.8698, -6.1080,
        -5.5829, -6.0441, -4.4457, -4.7126, -3.6854, -3.0948, -2.4483, -4.2632,
        -3.1740, -4.0967, -0.9850, -4.3745, -3.9228, -4.9562, -4.9515, -2.5611,
        -3.1876, -4.4733, -3.8615, -2.8255, -3.9045, -2.1650, -3.3113, -2.5542,
        -4.0573, -4.2012, -5.2833, -5.4505, -2.8789, -4.3812, -2.8274, -4.1252,
        -2.8621, -3.2734, -6.1017, -4.3068, -3.9431, -3.5221, -4.3774, -2.2574,
        -3.7902, -4.0922, -4.9417, -4.7830, -4.5866, -4.0587, -6.8894, -4.8776,
        -5.2948, -3.9095, -5.4437, -5.4655, -6.0276, -4.5976], device='cuda:0') tensor([ 1,  8, 23, 26, 39, 13, 13, 18,  5, 35, 21, 14,  6,  1,  0, 14, 11, 30,
        21, 14,  8, 41, 15,  0,  5, 43,  5, 12, 40, 23, 18,  3],
       device='cuda:0')
Yhat.shape torch.Size([32, 70]) tensor([ 2.5365,  0.0368, -0.9768, -2.0386, -2.6552, -2.9469, -3.5908, -3.6802,
        -3.4430, -4.0739, -3.6760, -4.2588, -5.0310, -4.6971, -4.3796, -4.3948,
        -4.4947, -3.5661, -3.0651, -3.4182, -2.4947, -2.4714, -2.2912, -2.8709,
        -2.1037, -2.3051, -1.7489, -3.6182, -3.6569, -2.9646, -2.7196, -1.9233,
        -2.9748, -3.3725, -3.2075, -2.6324, -2.9056, -2.2162, -2.5822, -2.6681,
        -3.0072, -3.1569, -4.0325, -3.5172, -3.2427, -3.4828, -2.6213, -3.4689,
        -3.0229, -3.1720, -4.0042, -3.7052, -3.3764, -3.5962, -3.0063, -2.3326,
        -3.6430, -3.1855, -4.7142, -4.2280, -3.8536, -3.4977, -4.5346, -3.6689,
        -3.9323, -3.5906, -3.7738, -4.4053, -4.3493, -4.2626], device='cuda:0') tensor([17,  6, 14,  6,  4, 10, 14, 18, 17, 10,  7, 31, 10, 17, 13, 11,  9, 30,
        20,  2, 35, 16, 17, 29,  7,  5,  6,  8, 15,  0,  1,  3],
       device='cuda:0')
Yhat.shape torch.Size([32, 70]) tensor([ 2.4730, -0.5112, -1.5735, -2.4928, -1.7592, -2.5969, -2.9756, -4.3777,
        -3.3438, -4.9035, -4.6269, -5.2324, -7.5559, -6.4888, -6.0511, -5.8690,
        -5.4454, -6.2236, -4.5391, -4.7527, -3.5735, -3.0728, -2.4349, -4.4041,
        -3.1198, -4.3305, -0.7799, -4.2428, -3.6730, -4.9472, -5.0956, -2.6116,
        -3.1479, -4.3133, -3.5783, -2.7000, -3.8730, -1.7257, -3.3741, -2.3607,
        -3.9554, -4.2008, -5.0353, -5.5673, -2.6809, -4.3654, -2.6403, -3.9267,
        -2.7126, -2.9768, -6.1396, -4.2965, -3.8349, -3.4788, -4.3954, -2.0671,
        -3.5447, -4.0253, -4.6270, -4.5258, -4.3996, -3.9272, -6.9445, -4.9593,
        -5.3101, -3.7268, -5.3356, -5.4248, -5.9297, -4.2026], device='cuda:0') tensor([35, 33,  0, 34, 48,  5, 12,  5, 14, 28, 27, 13, 52,  3, 43,  0, 58, 10,
        16, 14,  2, 42, 14, 53,  3, 26,  2, 17,  7, 23,  2,  3],
       device='cuda:0')
Yhat.shape torch.Size([32, 70]) tensor([ 3.7068, -0.5114, -0.9756, -2.2952, -3.9306, -3.9617, -4.3790, -3.8282,
        -3.6643, -4.3175, -3.2306, -5.0381, -5.1342, -4.5141, -4.4133, -4.5287,
        -4.6329, -3.1053, -2.8077, -3.0518, -2.0600, -1.9215, -2.2050, -2.7360,
        -1.7089, -1.9490, -1.9637, -4.0286, -4.1116, -2.4717, -1.9307, -1.3785,
        -3.0220, -3.6227, -3.6185, -3.2454, -2.9937, -2.7455, -2.3129, -3.3846,
        -3.3179, -3.3360, -4.2054, -2.8887, -3.8673, -3.7470, -3.0665, -3.9719,
        -3.7680, -4.2023, -3.7596, -4.3386, -3.6939, -4.3166, -3.2778, -3.4190,
        -4.6957, -4.0550, -5.5714, -4.7451, -4.4635, -4.0210, -4.5376, -3.3743,
        -4.1696, -4.0558, -3.8825, -4.6426, -4.3638, -4.9094], device='cuda:0') tensor([15,  8, 19, 23,  6,  3, 20, 17, 21,  0, 19, 35,  2, 15,  0,  7,  5, 17,
        28,  5,  4,  5, 10, 22,  7, 25, 11,  0, 18, 18, 23, 13],
       device='cuda:0')
Yhat.shape torch.Size([32, 70]) tensor([ 2.8805, -0.3941, -1.2153, -2.0331, -2.1529, -2.9392, -3.3055, -3.9299,
        -3.4459, -4.4553, -3.7813, -4.6175, -6.0253, -5.4147, -5.1476, -5.0668,
        -4.8837, -4.6384, -3.7253, -3.9310, -2.9177, -2.5660, -2.2866, -3.5412,
        -2.4698, -3.1371, -1.0306, -3.8537, -3.4684, -3.8552, -3.6383, -2.0097,
        -2.9271, -3.7920, -3.2087, -2.5529, -3.2176, -1.9104, -2.8096, -2.5067,
        -3.5444, -3.6283, -4.6903, -4.2497, -2.9418, -3.8692, -2.5939, -3.5602,
        -3.0010, -3.2266, -4.8614, -4.0106, -3.5941, -3.4718, -3.5161, -2.2616,
        -3.6042, -3.6702, -4.7363, -4.4191, -3.9447, -3.6679, -5.5691, -4.0015,
        -4.4573, -3.7224, -4.4321, -4.8838, -5.0173, -4.2583], device='cuda:0') tensor([34,  7, 16,  4, 12, 11, 43,  7,  6, 20, 27, 41, 40, 18, 11, 10,  0,  3,
        19, 14, 16, 18,  0, 12, 17, 17,  4, 15, 13,  5,  4, 31],
       device='cuda:0')
Yhat.shape torch.Size([32, 70]) tensor([ 2.7325, -0.2789, -1.3261, -2.2484, -2.0214, -2.7705, -3.1198, -4.1738,
        -3.3326, -4.7587, -4.3379, -5.0221, -6.8631, -5.9049, -5.5189, -5.4365,
        -5.2050, -5.4689, -4.0760, -4.3727, -3.2350, -2.8360, -2.3595, -3.9901,
        -2.7135, -3.7250, -1.0047, -4.0459, -3.5821, -4.3249, -4.3297, -2.3384,
        -3.0241, -4.0596, -3.4249, -2.7812, -3.6196, -1.8367, -2.9769, -2.5483,
        -3.6584, -3.8791, -4.7502, -4.9286, -2.9216, -4.0894, -2.5850, -3.8498,
        -2.7798, -3.1834, -5.5549, -4.1823, -3.7159, -3.5250, -4.0116, -2.3299,
        -3.7028, -3.9186, -4.7221, -4.4093, -4.2467, -3.8013, -6.2129, -4.4916,
        -4.8472, -3.7324, -4.9117, -5.2382, -5.4792, -4.2892], device='cuda:0') tensor([11,  8, 34,  0,  5, 16,  4,  4, 19,  0,  4,  1, 15, 10, 30,  9, 46,  6,
        28, 17, 11, 19, 13, 33,  6,  3,  3, 30, 36, 17,  9, 18],
       device='cuda:0')
Yhat.shape torch.Size([8, 70]) tensor([ 3.6082, -0.7135, -1.0417, -2.2299, -3.9165, -3.9770, -4.2394, -3.7233,
        -3.8442, -4.2190, -2.9825, -4.7848, -4.8045, -4.4683, -4.3229, -4.4216,
        -4.5833, -2.8642, -2.8610, -2.9671, -2.0739, -2.0295, -2.1458, -2.6972,
        -1.6834, -1.7553, -1.8970, -3.9322, -4.0213, -2.4462, -1.7371, -1.4571,
        -3.1023, -3.5192, -3.4470, -3.0326, -2.9318, -2.6779, -2.4186, -3.2243,
        -3.3953, -3.1321, -4.2017, -2.8099, -3.8722, -3.6209, -3.0461, -3.7525,
        -3.8927, -4.0517, -3.5523, -4.1363, -3.5852, -4.1604, -3.1296, -3.2584,
        -4.3400, -3.8254, -5.5154, -4.7674, -4.2169, -3.9486, -4.2525, -3.2597,
        -3.9859, -4.0824, -3.7375, -4.4211, -4.2030, -4.8771], device='cuda:0') tensor([15, 17, 42,  9, 23,  1,  6,  0], device='cuda:0')
Yhat.shape torch.Size([32, 70]) tensor([ 3.2514, -0.8595, -0.4929, -2.1363, -3.1302, -3.7773, -4.3859, -4.0840,
        -4.2405, -4.2645, -3.8666, -4.7032, -4.5953, -5.0207, -4.9008, -4.9320,
        -5.0241, -3.1969, -3.2393, -2.8579, -1.8002, -2.7640, -1.8067, -2.1185,
        -1.9237, -1.7754, -2.4847, -3.8797, -4.1086, -3.0597, -1.7327, -1.8359,
        -3.5883, -3.6332, -3.4382, -2.5652, -3.0779, -2.9523, -3.4821, -3.0176,
        -3.5819, -2.9197, -4.6003, -3.5875, -3.5432, -3.5819, -3.0192, -3.0866,
        -3.5156, -3.5723, -4.0401, -3.9795, -3.2498, -3.7067, -2.8437, -2.6857,
        -3.7306, -3.2034, -5.4498, -5.3044, -4.1920, -3.5940, -4.6764, -4.1310,
        -3.9497, -3.9387, -4.0596, -4.4653, -4.0155, -5.2513], device='cuda:0') tensor([ 1,  8, 23, 26, 39, 13, 13, 18,  5, 35, 21, 14,  6,  1,  0, 14, 11, 30,
        21, 14,  8, 41, 15,  0,  5, 43,  5, 12, 40, 23, 18,  3],
       device='cuda:0')
Yhat.shape torch.Size([32, 70]) tensor([ 2.3957, -0.8912, -1.2539, -2.3564, -3.1075, -3.4791, -3.8584, -3.9299,
        -3.6401, -4.2083, -3.6006, -4.5782, -5.0656, -4.7058, -4.4153, -4.6217,
        -4.3635, -3.2277, -2.9285, -2.7071, -1.6943, -2.3242, -1.8904, -2.1488,
        -1.9512, -1.9020, -1.9600, -3.9040, -3.8467, -2.9924, -2.3434, -1.5853,
        -3.2642, -3.4151, -3.3882, -2.6551, -2.8959, -2.5651, -2.9650, -2.6642,
        -3.2496, -2.9713, -4.0831, -3.5280, -3.5068, -3.5126, -2.4510, -3.3249,
        -3.0263, -3.3669, -4.0081, -3.7177, -3.2591, -3.7736, -3.1271, -2.4716,
        -3.8270, -3.3461, -4.9938, -4.5272, -3.9459, -3.3903, -4.6017, -3.5807,
        -4.0186, -3.7469, -4.0856, -4.4970, -4.2762, -4.8896], device='cuda:0') tensor([17,  6, 14,  6,  4, 10, 14, 18, 17, 10,  7, 31, 10, 17, 13, 11,  9, 30,
        20,  2, 35, 16, 17, 29,  7,  5,  6,  8, 15,  0,  1,  3],
       device='cuda:0')
Yhat.shape torch.Size([32, 70]) tensor([ 2.7870, -0.9228, -0.4958, -2.1667, -2.4099, -3.2834, -3.5181, -4.1034,
        -3.7845, -4.7683, -4.2711, -4.7944, -5.7306, -5.5744, -5.6363, -5.3053,
        -5.0311, -4.7975, -3.9010, -3.4173, -1.9198, -2.5010, -1.7044, -2.7441,
        -1.6321, -2.3806, -1.9240, -3.6983, -3.8304, -3.8062, -3.0947, -1.4542,
        -3.3172, -3.9108, -3.4077, -2.4560, -3.1084, -2.7368, -3.4172, -2.4358,
        -3.5764, -3.4208, -4.7251, -4.5361, -2.9239, -3.4617, -2.1684, -2.9576,
        -2.4263, -2.6391, -4.9482, -3.9099, -3.1882, -3.0908, -3.1225, -1.8144,
        -3.0320, -3.2213, -4.6502, -4.6784, -3.9461, -3.6215, -5.7231, -4.7329,
        -4.4617, -3.4678, -4.5387, -4.6535, -4.7676, -4.6053], device='cuda:0') tensor([35, 33,  0, 34, 48,  5, 12,  5, 14, 28, 27, 13, 52,  3, 43,  0, 58, 10,
        16, 14,  2, 42, 14, 53,  3, 26,  2, 17,  7, 23,  2,  3],
       device='cuda:0')
Yhat.shape torch.Size([32, 70]) tensor([ 4.1914, -0.8307, -0.5388, -2.5944, -3.5936, -4.3015, -4.7964, -4.6287,
        -4.4162, -4.5802, -3.9101, -5.2843, -5.0291, -5.2056, -5.0893, -5.0680,
        -5.1856, -3.2472, -3.0936, -2.7143, -1.6480, -2.7085, -2.1585, -2.1117,
        -2.0955, -1.8177, -2.6611, -4.3233, -4.4380, -2.9497, -1.6068, -1.7716,
        -3.8889, -3.6973, -3.7980, -3.1433, -3.2531, -3.1429, -3.5196, -3.1984,
        -3.5848, -3.1407, -4.5871, -3.5581, -4.0954, -4.1382, -3.1987, -3.3062,
        -3.8789, -4.0652, -4.0910, -4.2683, -3.6198, -4.3797, -3.3074, -3.2013,
        -4.4370, -3.5256, -5.8558, -5.4041, -4.4702, -3.9184, -4.7798, -4.0664,
        -4.2944, -4.0436, -4.4190, -4.8036, -4.3056, -5.9667], device='cuda:0') tensor([15,  8, 19, 23,  6,  3, 20, 17, 21,  0, 19, 35,  2, 15,  0,  7,  5, 17,
        28,  5,  4,  5, 10, 22,  7, 25, 11,  0, 18, 18, 23, 13],
       device='cuda:0')
Yhat.shape torch.Size([32, 70]) tensor([ 2.9738, -1.0750, -0.7079, -2.1612, -2.7020, -3.5279, -3.8040, -4.0521,
        -3.9704, -4.5629, -4.0307, -4.7376, -5.2917, -5.3101, -5.2774, -5.1457,
        -5.0047, -4.1359, -3.6649, -3.1997, -1.7812, -2.4526, -1.6782, -2.5073,
        -1.6886, -2.0641, -1.8976, -3.7508, -3.8126, -3.5894, -2.6596, -1.4707,
        -3.2953, -3.7943, -3.3883, -2.3299, -2.8882, -2.7102, -3.3302, -2.6200,
        -3.5854, -3.2452, -4.6895, -4.2289, -3.1283, -3.4703, -2.3832, -2.9632,
        -2.7969, -2.9117, -4.5827, -3.8346, -3.1011, -3.0366, -2.9043, -2.0839,
        -3.1890, -3.2644, -5.0070, -4.8985, -3.9443, -3.6769, -5.4020, -4.4115,
        -4.3220, -3.5975, -4.3640, -4.5634, -4.5516, -4.6852], device='cuda:0') tensor([34,  7, 16,  4, 12, 11, 43,  7,  6, 20, 27, 41, 40, 18, 11, 10,  0,  3,
        19, 14, 16, 18,  0, 12, 17, 17,  4, 15, 13,  5,  4, 31],
       device='cuda:0')
Yhat.shape torch.Size([32, 70]) tensor([ 1.9580, -0.8749, -1.2227, -2.1999, -2.5011, -3.0486, -3.2211, -3.7697,
        -3.3032, -4.3884, -3.9078, -4.4934, -5.8504, -5.1587, -5.0390, -4.8747,
        -4.4724, -4.2965, -3.3581, -3.1384, -2.0023, -2.3206, -1.7897, -2.6411,
        -1.8797, -2.3827, -1.5975, -3.7692, -3.7895, -3.6617, -3.3599, -1.4595,
        -3.0258, -3.7628, -3.3409, -2.5780, -3.0126, -2.4888, -2.9547, -2.3317,
        -3.3868, -3.2458, -4.3798, -4.2592, -3.0550, -3.4967, -1.9796, -3.2823,
        -2.2826, -2.9183, -4.6667, -3.8021, -3.1094, -3.2762, -3.2800, -1.9226,
        -3.2806, -3.3042, -4.6293, -4.2555, -3.8511, -3.5077, -5.2441, -4.1042,
        -4.3406, -3.6550, -4.4138, -4.5974, -4.7713, -4.4212], device='cuda:0') tensor([11,  8, 34,  0,  5, 16,  4,  4, 19,  0,  4,  1, 15, 10, 30,  9, 46,  6,
        28, 17, 11, 19, 13, 33,  6,  3,  3, 30, 36, 17,  9, 18],
       device='cuda:0')
Yhat.shape torch.Size([8, 70]) tensor([ 2.5118, -1.4670, -2.3370, -2.7643, -3.8614, -4.1684, -4.2460, -4.0463,
        -3.8126, -4.2227, -3.5489, -5.1821, -5.6766, -4.8221, -4.6953, -4.6975,
        -4.6420, -3.0713, -3.0232, -2.7444, -2.1349, -2.5467, -1.8494, -2.2635,
        -2.3851, -2.2144, -1.9897, -4.4774, -4.3179, -3.0456, -2.5782, -1.8154,
        -3.5613, -4.1179, -3.7376, -3.3882, -3.1742, -3.0068, -3.1903, -3.2207,
        -3.8227, -3.0648, -4.5529, -3.4832, -4.2357, -4.2192, -2.9029, -3.9723,
        -3.4802, -4.1844, -4.1482, -4.3080, -3.5911, -4.3519, -3.5613, -3.2867,
        -4.7065, -4.0567, -6.1468, -5.0105, -4.2753, -4.1379, -4.5444, -3.2752,
        -4.3720, -4.4293, -4.4863, -4.8219, -4.8610, -5.5230], device='cuda:0') tensor([15, 17, 42,  9, 23,  1,  6,  0], device='cuda:0')
