=========================================
Experiment Parameters:
=========================================
datasets: FGNET
losses: CrossEntropy UnimodalNet
models: snn_resnet18
lrs: 1e-2 1e-3 1e-4 5e-4
lamdas: 2
learnable_params: True
fc_layer_name: GaussianFC FlexibleSingleGaussianFC AdvancedSmoothedGaussianFC
=========================================
Starting experiments at: Sun Aug 31 15:22:10 WEST 2025
=========================================
Running: dataset=, loss=CrossEntropy, model=snn_resnet18, lr=1e-2, lamda=2,fc_layer_name=GaussianFC
FGNET train: 802 images, 62 age classes
FGNET test: 200 images, 45 age classes
* Epoch 1/300
- 16s - train_Loss: 4.7659 - train_Acc: 2.87%
- 2s - test_Loss: 3.9490 - test_Acc: 2.50%
Early stopping at epoch 22
dataset: FGNET, loss_fn: CrossEntropy, non_pre_weighted
batch_size: 32, lr: 0.01, epochs: 300
time: 371.02s, model: snn_resnet18
lamda: 2.0
fc_layer_name: GaussianFC, use_leaky_gaussianfc:2
batch_size: 32,Best_test_acc: 8.5, Best_test_acc_index: 12

Running: dataset=, loss=CrossEntropy, model=snn_resnet18, lr=1e-3, lamda=2,fc_layer_name=GaussianFC
FGNET train: 802 images, 62 age classes
FGNET test: 200 images, 45 age classes
* Epoch 1/300
- 15s - train_Loss: 4.0002 - train_Acc: 3.12%
- 2s - test_Loss: 3.8462 - test_Acc: 5.00%
Early stopping at epoch 27
dataset: FGNET, loss_fn: CrossEntropy, non_pre_weighted
batch_size: 32, lr: 0.001, epochs: 300
time: 454.93s, model: snn_resnet18
lamda: 2.0
fc_layer_name: GaussianFC, use_leaky_gaussianfc:2
batch_size: 32,Best_test_acc: 9.0, Best_test_acc_index: 10

Running: dataset=, loss=CrossEntropy, model=snn_resnet18, lr=1e-4, lamda=2,fc_layer_name=GaussianFC
FGNET train: 802 images, 62 age classes
FGNET test: 200 images, 45 age classes
* Epoch 1/300
- 16s - train_Loss: 4.0929 - train_Acc: 2.49%
- 2s - test_Loss: 3.8749 - test_Acc: 5.50%
* Epoch 31/300
- 15s - train_Loss: 3.0505 - train_Acc: 19.45%
- 2s - test_Loss: 3.9621 - test_Acc: 8.00%
* Epoch 61/300
- 15s - train_Loss: 2.0973 - train_Acc: 44.64%
- 2s - test_Loss: 3.8206 - test_Acc: 8.00%
Early stopping at epoch 74
dataset: FGNET, loss_fn: CrossEntropy, non_pre_weighted
batch_size: 32, lr: 0.0001, epochs: 300
time: 1246.94s, model: snn_resnet18
lamda: 2.0
fc_layer_name: GaussianFC, use_leaky_gaussianfc:2
batch_size: 32,Best_test_acc: 12.0, Best_test_acc_index: 55

Running: dataset=, loss=CrossEntropy, model=snn_resnet18, lr=5e-4, lamda=2,fc_layer_name=GaussianFC
FGNET train: 802 images, 62 age classes
FGNET test: 200 images, 45 age classes
* Epoch 1/300
- 16s - train_Loss: 3.9276 - train_Acc: 2.24%
- 2s - test_Loss: 3.8017 - test_Acc: 5.00%
Early stopping at epoch 24
dataset: FGNET, loss_fn: CrossEntropy, non_pre_weighted
batch_size: 32, lr: 0.0005, epochs: 300
time: 403.47s, model: snn_resnet18
lamda: 2.0
fc_layer_name: GaussianFC, use_leaky_gaussianfc:2
batch_size: 32,Best_test_acc: 11.0, Best_test_acc_index: 19

Running: dataset=, loss=UnimodalNet, model=snn_resnet18, lr=1e-2, lamda=2,fc_layer_name=GaussianFC
FGNET train: 802 images, 62 age classes
FGNET test: 200 images, 45 age classes
* Epoch 1/300
- 16s - train_Loss: 4.9902 - train_Acc: 3.74%
- 2s - test_Loss: 4.2485 - test_Acc: 6.50%
Early stopping at epoch 23
dataset: FGNET, loss_fn: UnimodalNet, non_pre_weighted
batch_size: 32, lr: 0.01, epochs: 300
time: 386.93s, model: snn_resnet18
lamda: 2.0
fc_layer_name: GaussianFC, use_leaky_gaussianfc:2
batch_size: 32,Best_test_acc: 6.5, Best_test_acc_index: 0

Running: dataset=, loss=UnimodalNet, model=snn_resnet18, lr=1e-3, lamda=2,fc_layer_name=GaussianFC
FGNET train: 802 images, 62 age classes
FGNET test: 200 images, 45 age classes
* Epoch 1/300
- 16s - train_Loss: 4.7661 - train_Acc: 3.74%
- 2s - test_Loss: 3.8469 - test_Acc: 6.50%
* Epoch 31/300
- 15s - train_Loss: 3.4238 - train_Acc: 3.87%
- 2s - test_Loss: 3.5724 - test_Acc: 7.50%
Early stopping at epoch 59
dataset: FGNET, loss_fn: UnimodalNet, non_pre_weighted
batch_size: 32, lr: 0.001, epochs: 300
time: 992.60s, model: snn_resnet18
lamda: 2.0
fc_layer_name: GaussianFC, use_leaky_gaussianfc:2
batch_size: 32,Best_test_acc: 9.0, Best_test_acc_index: 52

Running: dataset=, loss=UnimodalNet, model=snn_resnet18, lr=1e-4, lamda=2,fc_layer_name=GaussianFC
FGNET train: 802 images, 62 age classes
FGNET test: 200 images, 45 age classes
* Epoch 1/300
- 16s - train_Loss: 10.3570 - train_Acc: 2.49%
- 2s - test_Loss: 6.5222 - test_Acc: 5.00%
* Epoch 31/300
- 15s - train_Loss: 3.3719 - train_Acc: 3.74%
- 2s - test_Loss: 3.9893 - test_Acc: 6.50%
* Epoch 61/300
- 15s - train_Loss: 2.9522 - train_Acc: 4.24%
- 2s - test_Loss: 3.2769 - test_Acc: 7.00%
* Epoch 91/300
- 15s - train_Loss: 2.5050 - train_Acc: 5.74%
- 2s - test_Loss: 3.4161 - test_Acc: 7.00%
Early stopping at epoch 93
dataset: FGNET, loss_fn: UnimodalNet, non_pre_weighted
batch_size: 32, lr: 0.0001, epochs: 300
time: 1563.33s, model: snn_resnet18
lamda: 2.0
fc_layer_name: GaussianFC, use_leaky_gaussianfc:2
batch_size: 32,Best_test_acc: 10.5, Best_test_acc_index: 78

Running: dataset=, loss=UnimodalNet, model=snn_resnet18, lr=5e-4, lamda=2,fc_layer_name=GaussianFC
FGNET train: 802 images, 62 age classes
FGNET test: 200 images, 45 age classes
* Epoch 1/300
- 16s - train_Loss: 5.9079 - train_Acc: 3.49%
- 2s - test_Loss: 3.9370 - test_Acc: 6.00%
* Epoch 31/300
- 15s - train_Loss: 3.4061 - train_Acc: 4.11%
- 2s - test_Loss: 3.4835 - test_Acc: 6.50%
* Epoch 61/300
- 15s - train_Loss: 2.8932 - train_Acc: 4.74%
- 2s - test_Loss: 3.2620 - test_Acc: 7.00%
Early stopping at epoch 78
dataset: FGNET, loss_fn: UnimodalNet, non_pre_weighted
batch_size: 32, lr: 0.0005, epochs: 300
time: 1321.18s, model: snn_resnet18
lamda: 2.0
fc_layer_name: GaussianFC, use_leaky_gaussianfc:2
batch_size: 32,Best_test_acc: 8.5, Best_test_acc_index: 46

