=========================================
Experiment Parameters:
=========================================
datasets: HIC
losses: UnimodalNet UnimodalNet_absdistance
models: resnet18 resnet18_GaussianFC resnet18_weights resnet18_GaussianFC_weights
lrs: 1e-3 5e-4 1e-4
lamdas: 1 2 5
=========================================
Starting experiments at: Mon Aug 18 13:56:48 WEST 2025
=========================================
Running: dataset=HIC, loss=UnimodalNet, model=resnet18, lr=1e-3, lamda=1
HIC train: 1060 images, 5 decades
HIC test: 265 images, 5 decades
* Epoch 1/30
- 3s - train_Loss: 1.6673 - train_Acc: 22.74%
- 1s - test_Loss: 1.5693 - test_Acc: 30.19%
dataset: HIC, loss_fn: UnimodalNet, non_pre_weighted
batch_size: 4, lr: 0.001, epochs: 30
time: 109.45s, model: resnet18
lamda: 1.0
batch_size: 4,Best_test_acc: 37.735849056603776

Running: dataset=HIC, loss=UnimodalNet, model=resnet18, lr=5e-4, lamda=1
HIC train: 1060 images, 5 decades
HIC test: 265 images, 5 decades
* Epoch 1/30
- 3s - train_Loss: 1.6478 - train_Acc: 24.15%
- 1s - test_Loss: 1.6119 - test_Acc: 24.91%
dataset: HIC, loss_fn: UnimodalNet, non_pre_weighted
batch_size: 4, lr: 0.0005, epochs: 30
time: 109.80s, model: resnet18
lamda: 1.0
batch_size: 4,Best_test_acc: 37.735849056603776

Running: dataset=HIC, loss=UnimodalNet, model=resnet18, lr=1e-4, lamda=1
HIC train: 1060 images, 5 decades
HIC test: 265 images, 5 decades
* Epoch 1/30
- 3s - train_Loss: 1.6295 - train_Acc: 24.81%
- 1s - test_Loss: 1.5368 - test_Acc: 25.66%
dataset: HIC, loss_fn: UnimodalNet, non_pre_weighted
batch_size: 4, lr: 0.0001, epochs: 30
time: 109.86s, model: resnet18
lamda: 1.0
batch_size: 4,Best_test_acc: 43.39622641509434

Running: dataset=HIC, loss=UnimodalNet, model=resnet18_GaussianFC, lr=1e-3, lamda=1
HIC train: 1060 images, 5 decades
HIC test: 265 images, 5 decades
* Epoch 1/30
- 3s - train_Loss: 99.5433 - train_Acc: 19.62%
- 1s - test_Loss: 708.5128 - test_Acc: 23.40%
dataset: HIC, loss_fn: UnimodalNet, non_pre_weighted
batch_size: 4, lr: 0.001, epochs: 30
time: 110.52s, model: resnet18_GaussianFC
lamda: 1.0
batch_size: 4,Best_test_acc: 25.28301886792453

Running: dataset=HIC, loss=UnimodalNet, model=resnet18_GaussianFC, lr=5e-4, lamda=1
HIC train: 1060 images, 5 decades
HIC test: 265 images, 5 decades
* Epoch 1/30
- 3s - train_Loss: 106.5781 - train_Acc: 20.38%
- 1s - test_Loss: 968.1389 - test_Acc: 19.62%
dataset: HIC, loss_fn: UnimodalNet, non_pre_weighted
batch_size: 4, lr: 0.0005, epochs: 30
time: 110.60s, model: resnet18_GaussianFC
lamda: 1.0
batch_size: 4,Best_test_acc: 23.77358490566038

Running: dataset=HIC, loss=UnimodalNet, model=resnet18_GaussianFC, lr=1e-4, lamda=1
HIC train: 1060 images, 5 decades
HIC test: 265 images, 5 decades
* Epoch 1/30
- 3s - train_Loss: 235.1775 - train_Acc: 19.91%
- 1s - test_Loss: 61.6518 - test_Acc: 20.00%
dataset: HIC, loss_fn: UnimodalNet, non_pre_weighted
batch_size: 4, lr: 0.0001, epochs: 30
time: 110.60s, model: resnet18_GaussianFC
lamda: 1.0
batch_size: 4,Best_test_acc: 22.641509433962263

Running: dataset=HIC, loss=UnimodalNet, model=resnet18_weights, lr=1e-3, lamda=1
HIC train: 1060 images, 5 decades
HIC test: 265 images, 5 decades
* Epoch 1/300
- 3s - train_Loss: 1.5830 - train_Acc: 31.04%
- 1s - test_Loss: 1.6022 - test_Acc: 31.32%
* Epoch 31/300
- 3s - train_Loss: 1.3019 - train_Acc: 40.57%
- 1s - test_Loss: 1.3173 - test_Acc: 40.38%
* Epoch 61/300
- 3s - train_Loss: 1.1804 - train_Acc: 47.08%
- 1s - test_Loss: 1.2752 - test_Acc: 42.64%
* Epoch 91/300
- 3s - train_Loss: 1.0849 - train_Acc: 50.47%
- 1s - test_Loss: 1.2103 - test_Acc: 44.91%
* Epoch 121/300
- 3s - train_Loss: 0.9687 - train_Acc: 54.72%
- 1s - test_Loss: 1.1690 - test_Acc: 42.64%
* Epoch 151/300
- 3s - train_Loss: 0.7466 - train_Acc: 63.11%
- 1s - test_Loss: 1.4223 - test_Acc: 44.91%
* Epoch 181/300
- 3s - train_Loss: 0.7648 - train_Acc: 63.96%
- 1s - test_Loss: 1.4450 - test_Acc: 47.92%
* Epoch 211/300
- 3s - train_Loss: 0.6845 - train_Acc: 67.64%
- 1s - test_Loss: 1.3142 - test_Acc: 53.96%
* Epoch 241/300
- 3s - train_Loss: 0.7288 - train_Acc: 72.17%
- 1s - test_Loss: 1.5209 - test_Acc: 46.79%
* Epoch 271/300
- 3s - train_Loss: 0.4517 - train_Acc: 79.91%
- 1s - test_Loss: 1.5853 - test_Acc: 49.81%
dataset: HIC, loss_fn: UnimodalNet, non_pre_weighted
batch_size: 4, lr: 0.001, epochs: 300
time: 1106.26s, model: resnet18_weights
lamda: 1.0
batch_size: 4,Best_test_acc: 53.9622641509434

Running: dataset=HIC, loss=UnimodalNet, model=resnet18_weights, lr=5e-4, lamda=1
HIC train: 1060 images, 5 decades
HIC test: 265 images, 5 decades
* Epoch 1/300
- 3s - train_Loss: 1.5656 - train_Acc: 32.08%
- 1s - test_Loss: 1.7488 - test_Acc: 26.04%
* Epoch 31/300
- 3s - train_Loss: 1.0390 - train_Acc: 52.92%
- 1s - test_Loss: 1.3166 - test_Acc: 45.66%
* Epoch 61/300
- 3s - train_Loss: 0.7014 - train_Acc: 70.19%
- 1s - test_Loss: 1.4935 - test_Acc: 49.81%
* Epoch 91/300
- 3s - train_Loss: 0.6407 - train_Acc: 76.51%
- 1s - test_Loss: 1.7842 - test_Acc: 46.42%
* Epoch 121/300
- 3s - train_Loss: 0.5186 - train_Acc: 81.89%
- 1s - test_Loss: 1.7299 - test_Acc: 51.70%
* Epoch 151/300
- 3s - train_Loss: 0.3302 - train_Acc: 86.79%
- 1s - test_Loss: 1.7735 - test_Acc: 48.30%
* Epoch 181/300
- 3s - train_Loss: 0.3117 - train_Acc: 89.81%
- 1s - test_Loss: 2.0539 - test_Acc: 48.68%
* Epoch 211/300
- 3s - train_Loss: 0.2881 - train_Acc: 91.23%
- 1s - test_Loss: 1.9611 - test_Acc: 50.19%
* Epoch 241/300
- 3s - train_Loss: 0.3405 - train_Acc: 89.91%
- 1s - test_Loss: 1.6576 - test_Acc: 53.21%
* Epoch 271/300
- 3s - train_Loss: 0.3292 - train_Acc: 91.42%
- 1s - test_Loss: 2.0352 - test_Acc: 49.81%
dataset: HIC, loss_fn: UnimodalNet, non_pre_weighted
batch_size: 4, lr: 0.0005, epochs: 300
time: 1109.29s, model: resnet18_weights
lamda: 1.0
batch_size: 4,Best_test_acc: 56.60377358490566

Running: dataset=HIC, loss=UnimodalNet, model=resnet18_weights, lr=1e-4, lamda=1
HIC train: 1060 images, 5 decades
HIC test: 265 images, 5 decades
* Epoch 1/300
- 3s - train_Loss: 1.5611 - train_Acc: 29.72%
- 1s - test_Loss: 1.4176 - test_Acc: 34.34%
* Epoch 31/300
- 3s - train_Loss: 0.4020 - train_Acc: 81.70%
- 1s - test_Loss: 2.0904 - test_Acc: 46.04%
* Epoch 61/300
- 3s - train_Loss: 0.1735 - train_Acc: 92.55%
- 1s - test_Loss: 1.7937 - test_Acc: 51.70%
* Epoch 91/300
- 3s - train_Loss: 0.2442 - train_Acc: 91.13%
- 1s - test_Loss: 2.1070 - test_Acc: 49.81%
* Epoch 121/300
- 3s - train_Loss: 0.1540 - train_Acc: 93.77%
- 1s - test_Loss: 1.9736 - test_Acc: 50.94%
* Epoch 151/300
- 3s - train_Loss: 0.1644 - train_Acc: 94.53%
- 1s - test_Loss: 2.1360 - test_Acc: 47.17%
* Epoch 181/300
- 3s - train_Loss: 0.1554 - train_Acc: 95.66%
- 1s - test_Loss: 2.0576 - test_Acc: 49.81%
* Epoch 211/300
- 3s - train_Loss: 0.1401 - train_Acc: 95.28%
- 1s - test_Loss: 2.1254 - test_Acc: 49.06%
* Epoch 241/300
- 3s - train_Loss: 0.1218 - train_Acc: 96.23%
- 1s - test_Loss: 2.1324 - test_Acc: 49.43%
* Epoch 271/300
- 3s - train_Loss: 0.1390 - train_Acc: 96.13%
- 1s - test_Loss: 2.0444 - test_Acc: 48.68%
dataset: HIC, loss_fn: UnimodalNet, non_pre_weighted
batch_size: 4, lr: 0.0001, epochs: 300
time: 1109.02s, model: resnet18_weights
lamda: 1.0
batch_size: 4,Best_test_acc: 54.716981132075475

Running: dataset=HIC, loss=UnimodalNet, model=resnet18_GaussianFC_weights, lr=1e-3, lamda=1
HIC train: 1060 images, 5 decades
HIC test: 265 images, 5 decades
* Epoch 1/30
- 3s - train_Loss: 194.4742 - train_Acc: 20.57%
- 1s - test_Loss: 42.1521 - test_Acc: 21.13%
dataset: HIC, loss_fn: UnimodalNet, non_pre_weighted
batch_size: 4, lr: 0.001, epochs: 30
time: 110.98s, model: resnet18_GaussianFC_weights
lamda: 1.0
batch_size: 4,Best_test_acc: 21.132075471698112

Running: dataset=HIC, loss=UnimodalNet, model=resnet18_GaussianFC_weights, lr=5e-4, lamda=1
HIC train: 1060 images, 5 decades
HIC test: 265 images, 5 decades
* Epoch 1/30
- 3s - train_Loss: 237.2590 - train_Acc: 20.57%
- 1s - test_Loss: 1676.5956 - test_Acc: 18.87%
dataset: HIC, loss_fn: UnimodalNet, non_pre_weighted
batch_size: 4, lr: 0.0005, epochs: 30
time: 111.82s, model: resnet18_GaussianFC_weights
lamda: 1.0
batch_size: 4,Best_test_acc: 21.132075471698112

Running: dataset=HIC, loss=UnimodalNet, model=resnet18_GaussianFC_weights, lr=1e-4, lamda=1
HIC train: 1060 images, 5 decades
HIC test: 265 images, 5 decades
* Epoch 1/30
- 3s - train_Loss: 376.5874 - train_Acc: 19.06%
- 1s - test_Loss: 862.1794 - test_Acc: 16.98%
dataset: HIC, loss_fn: UnimodalNet, non_pre_weighted
batch_size: 4, lr: 0.0001, epochs: 30
time: 111.00s, model: resnet18_GaussianFC_weights
lamda: 1.0
batch_size: 4,Best_test_acc: 21.50943396226415

Running: dataset=HIC, loss=UnimodalNet_absdistance, model=resnet18, lr=1e-3, lamda=1
HIC train: 1060 images, 5 decades
HIC test: 265 images, 5 decades
* Epoch 1/30
- 3s - train_Loss: 4.9825 - train_Acc: 23.58%
- 1s - test_Loss: 4.7326 - test_Acc: 27.92%
dataset: HIC, loss_fn: UnimodalNet_absdistance, non_pre_weighted
batch_size: 4, lr: 0.001, epochs: 30
time: 110.51s, model: resnet18
lamda: 1.0
batch_size: 4,Best_test_acc: 38.490566037735846

Running: dataset=HIC, loss=UnimodalNet_absdistance, model=resnet18, lr=5e-4, lamda=1
HIC train: 1060 images, 5 decades
HIC test: 265 images, 5 decades
* Epoch 1/30
- 3s - train_Loss: 4.9233 - train_Acc: 24.53%
- 1s - test_Loss: 4.7045 - test_Acc: 26.42%
dataset: HIC, loss_fn: UnimodalNet_absdistance, non_pre_weighted
batch_size: 4, lr: 0.0005, epochs: 30
time: 111.15s, model: resnet18
lamda: 1.0
batch_size: 4,Best_test_acc: 39.62264150943396

Running: dataset=HIC, loss=UnimodalNet_absdistance, model=resnet18, lr=1e-4, lamda=1
HIC train: 1060 images, 5 decades
HIC test: 265 images, 5 decades
* Epoch 1/30
- 3s - train_Loss: 4.8393 - train_Acc: 26.98%
- 1s - test_Loss: 4.4251 - test_Acc: 32.83%
dataset: HIC, loss_fn: UnimodalNet_absdistance, non_pre_weighted
batch_size: 4, lr: 0.0001, epochs: 30
time: 110.57s, model: resnet18
lamda: 1.0
batch_size: 4,Best_test_acc: 43.0188679245283

Running: dataset=HIC, loss=UnimodalNet_absdistance, model=resnet18_GaussianFC, lr=1e-3, lamda=1
HIC train: 1060 images, 5 decades
HIC test: 265 images, 5 decades
* Epoch 1/30
- 3s - train_Loss: 317.0437 - train_Acc: 18.30%
- 1s - test_Loss: 12473.2185 - test_Acc: 22.64%
dataset: HIC, loss_fn: UnimodalNet_absdistance, non_pre_weighted
batch_size: 4, lr: 0.001, epochs: 30
time: 111.29s, model: resnet18_GaussianFC
lamda: 1.0
batch_size: 4,Best_test_acc: 22.641509433962263

Running: dataset=HIC, loss=UnimodalNet_absdistance, model=resnet18_GaussianFC, lr=5e-4, lamda=1
HIC train: 1060 images, 5 decades
HIC test: 265 images, 5 decades
* Epoch 1/30
- 3s - train_Loss: 380.5119 - train_Acc: 19.43%
- 1s - test_Loss: 368.7388 - test_Acc: 19.62%
dataset: HIC, loss_fn: UnimodalNet_absdistance, non_pre_weighted
batch_size: 4, lr: 0.0005, epochs: 30
time: 111.03s, model: resnet18_GaussianFC
lamda: 1.0
batch_size: 4,Best_test_acc: 29.81132075471698

Running: dataset=HIC, loss=UnimodalNet_absdistance, model=resnet18_GaussianFC, lr=1e-4, lamda=1
HIC train: 1060 images, 5 decades
HIC test: 265 images, 5 decades
* Epoch 1/30
- 3s - train_Loss: 707.7564 - train_Acc: 19.34%
- 1s - test_Loss: 284.1249 - test_Acc: 17.36%
dataset: HIC, loss_fn: UnimodalNet_absdistance, non_pre_weighted
batch_size: 4, lr: 0.0001, epochs: 30
time: 110.87s, model: resnet18_GaussianFC
lamda: 1.0
batch_size: 4,Best_test_acc: 23.77358490566038

Running: dataset=HIC, loss=UnimodalNet_absdistance, model=resnet18_weights, lr=1e-3, lamda=1
HIC train: 1060 images, 5 decades
HIC test: 265 images, 5 decades
* Epoch 1/300
- 3s - train_Loss: 4.9238 - train_Acc: 23.02%
- 1s - test_Loss: 4.7770 - test_Acc: 25.66%
* Epoch 31/300
- 3s - train_Loss: 3.9090 - train_Acc: 38.96%
- 1s - test_Loss: 3.8728 - test_Acc: 41.51%
* Epoch 61/300
- 3s - train_Loss: 3.8813 - train_Acc: 40.28%
- 1s - test_Loss: 3.8257 - test_Acc: 43.77%
* Epoch 91/300
- 3s - train_Loss: 3.5922 - train_Acc: 46.23%
- 1s - test_Loss: 3.8426 - test_Acc: 43.02%
* Epoch 121/300
- 3s - train_Loss: 3.6689 - train_Acc: 44.25%
- 1s - test_Loss: 3.7183 - test_Acc: 44.53%
* Epoch 151/300
- 3s - train_Loss: 3.1504 - train_Acc: 49.81%
- 1s - test_Loss: 3.8306 - test_Acc: 40.00%
* Epoch 181/300
- 3s - train_Loss: 3.0656 - train_Acc: 51.98%
- 1s - test_Loss: 3.8810 - test_Acc: 44.53%
* Epoch 211/300
- 3s - train_Loss: 2.8099 - train_Acc: 56.51%
- 1s - test_Loss: 3.6524 - test_Acc: 47.17%
* Epoch 241/300
- 3s - train_Loss: 2.6931 - train_Acc: 58.58%
- 1s - test_Loss: 4.1994 - test_Acc: 54.34%
* Epoch 271/300
- 3s - train_Loss: 2.1968 - train_Acc: 64.81%
- 1s - test_Loss: 4.1896 - test_Acc: 50.94%
dataset: HIC, loss_fn: UnimodalNet_absdistance, non_pre_weighted
batch_size: 4, lr: 0.001, epochs: 300
time: 1107.36s, model: resnet18_weights
lamda: 1.0
batch_size: 4,Best_test_acc: 54.339622641509436

Running: dataset=HIC, loss=UnimodalNet_absdistance, model=resnet18_weights, lr=5e-4, lamda=1
HIC train: 1060 images, 5 decades
HIC test: 265 images, 5 decades
* Epoch 1/300
- 3s - train_Loss: 4.6909 - train_Acc: 31.04%
- 1s - test_Loss: 4.7799 - test_Acc: 30.94%
* Epoch 31/300
- 3s - train_Loss: 3.2830 - train_Acc: 50.57%
- 1s - test_Loss: 3.7683 - test_Acc: 44.15%
* Epoch 61/300
- 3s - train_Loss: 2.2154 - train_Acc: 67.45%
- 1s - test_Loss: 4.3955 - test_Acc: 47.55%
* Epoch 91/300
- 3s - train_Loss: 1.3862 - train_Acc: 79.15%
- 1s - test_Loss: 5.5622 - test_Acc: 43.77%
* Epoch 121/300
- 3s - train_Loss: 1.1644 - train_Acc: 85.47%
- 1s - test_Loss: 5.5512 - test_Acc: 46.42%
* Epoch 151/300
- 3s - train_Loss: 1.5486 - train_Acc: 83.96%
- 1s - test_Loss: 5.9676 - test_Acc: 50.57%
* Epoch 181/300
- 3s - train_Loss: 1.1942 - train_Acc: 87.36%
- 1s - test_Loss: 5.4167 - test_Acc: 51.32%
* Epoch 211/300
- 3s - train_Loss: 0.7742 - train_Acc: 91.13%
- 1s - test_Loss: 5.8556 - test_Acc: 48.30%
* Epoch 241/300
- 3s - train_Loss: 0.8345 - train_Acc: 91.60%
- 1s - test_Loss: 5.6982 - test_Acc: 49.43%
* Epoch 271/300
- 3s - train_Loss: 0.9924 - train_Acc: 90.00%
- 1s - test_Loss: 5.9607 - test_Acc: 49.06%
dataset: HIC, loss_fn: UnimodalNet_absdistance, non_pre_weighted
batch_size: 4, lr: 0.0005, epochs: 300
time: 1107.92s, model: resnet18_weights
lamda: 1.0
batch_size: 4,Best_test_acc: 55.471698113207545

Running: dataset=HIC, loss=UnimodalNet_absdistance, model=resnet18_weights, lr=1e-4, lamda=1
HIC train: 1060 images, 5 decades
HIC test: 265 images, 5 decades
* Epoch 1/300
- 3s - train_Loss: 4.4852 - train_Acc: 31.32%
- 1s - test_Loss: 4.4657 - test_Acc: 29.81%
* Epoch 31/300
- 3s - train_Loss: 1.0238 - train_Acc: 83.68%
- 1s - test_Loss: 5.4788 - test_Acc: 50.57%
* Epoch 61/300
- 3s - train_Loss: 0.8447 - train_Acc: 90.38%
- 1s - test_Loss: 6.7851 - test_Acc: 46.79%
* Epoch 91/300
- 3s - train_Loss: 0.6079 - train_Acc: 92.45%
- 1s - test_Loss: 6.3442 - test_Acc: 51.70%
* Epoch 121/300
- 3s - train_Loss: 0.7211 - train_Acc: 92.55%
- 1s - test_Loss: 5.2876 - test_Acc: 50.94%
* Epoch 151/300
- 3s - train_Loss: 0.4775 - train_Acc: 95.57%
- 1s - test_Loss: 6.3612 - test_Acc: 53.58%
* Epoch 181/300
- 3s - train_Loss: 0.3896 - train_Acc: 95.47%
- 1s - test_Loss: 6.5535 - test_Acc: 48.30%
* Epoch 211/300
- 3s - train_Loss: 0.4215 - train_Acc: 95.09%
- 1s - test_Loss: 5.1054 - test_Acc: 52.83%
* Epoch 241/300
- 3s - train_Loss: 0.5513 - train_Acc: 95.28%
- 1s - test_Loss: 5.8522 - test_Acc: 53.96%
* Epoch 271/300
- 3s - train_Loss: 0.3084 - train_Acc: 96.32%
- 1s - test_Loss: 5.5265 - test_Acc: 54.72%
dataset: HIC, loss_fn: UnimodalNet_absdistance, non_pre_weighted
batch_size: 4, lr: 0.0001, epochs: 300
time: 1109.03s, model: resnet18_weights
lamda: 1.0
batch_size: 4,Best_test_acc: 56.9811320754717

Running: dataset=HIC, loss=UnimodalNet_absdistance, model=resnet18_GaussianFC_weights, lr=1e-3, lamda=1
HIC train: 1060 images, 5 decades
HIC test: 265 images, 5 decades
* Epoch 1/30
- 3s - train_Loss: 631.3304 - train_Acc: 19.81%
- 1s - test_Loss: 134.4281 - test_Acc: 15.47%
dataset: HIC, loss_fn: UnimodalNet_absdistance, non_pre_weighted
batch_size: 4, lr: 0.001, epochs: 30
time: 111.07s, model: resnet18_GaussianFC_weights
lamda: 1.0
batch_size: 4,Best_test_acc: 23.77358490566038

Running: dataset=HIC, loss=UnimodalNet_absdistance, model=resnet18_GaussianFC_weights, lr=5e-4, lamda=1
HIC train: 1060 images, 5 decades
HIC test: 265 images, 5 decades
* Epoch 1/30
- 3s - train_Loss: 625.7026 - train_Acc: 19.72%
- 1s - test_Loss: 16114.9820 - test_Acc: 19.62%
dataset: HIC, loss_fn: UnimodalNet_absdistance, non_pre_weighted
batch_size: 4, lr: 0.0005, epochs: 30
time: 111.51s, model: resnet18_GaussianFC_weights
lamda: 1.0
batch_size: 4,Best_test_acc: 19.62264150943396

Running: dataset=HIC, loss=UnimodalNet_absdistance, model=resnet18_GaussianFC_weights, lr=1e-4, lamda=1
HIC train: 1060 images, 5 decades
HIC test: 265 images, 5 decades
* Epoch 1/30
- 3s - train_Loss: 1175.5807 - train_Acc: 19.43%
- 1s - test_Loss: 2686.6239 - test_Acc: 21.13%
dataset: HIC, loss_fn: UnimodalNet_absdistance, non_pre_weighted
batch_size: 4, lr: 0.0001, epochs: 30
time: 111.24s, model: resnet18_GaussianFC_weights
lamda: 1.0
batch_size: 4,Best_test_acc: 21.132075471698112

Running: dataset=HIC, loss=UnimodalNet, model=resnet18, lr=1e-3, lamda=2
HIC train: 1060 images, 5 decades
HIC test: 265 images, 5 decades
* Epoch 1/30
- 3s - train_Loss: 1.6674 - train_Acc: 26.89%
- 1s - test_Loss: 1.6005 - test_Acc: 30.19%
dataset: HIC, loss_fn: UnimodalNet, non_pre_weighted
batch_size: 4, lr: 0.001, epochs: 30
time: 110.75s, model: resnet18
lamda: 2.0
batch_size: 4,Best_test_acc: 38.113207547169814

Running: dataset=HIC, loss=UnimodalNet, model=resnet18, lr=5e-4, lamda=2
HIC train: 1060 images, 5 decades
HIC test: 265 images, 5 decades
* Epoch 1/30
- 3s - train_Loss: 1.6640 - train_Acc: 24.91%
- 1s - test_Loss: 1.6110 - test_Acc: 27.17%
dataset: HIC, loss_fn: UnimodalNet, non_pre_weighted
batch_size: 4, lr: 0.0005, epochs: 30
time: 110.35s, model: resnet18
lamda: 2.0
batch_size: 4,Best_test_acc: 41.132075471698116

Running: dataset=HIC, loss=UnimodalNet, model=resnet18, lr=1e-4, lamda=2
HIC train: 1060 images, 5 decades
HIC test: 265 images, 5 decades
* Epoch 1/30
- 3s - train_Loss: 1.6420 - train_Acc: 25.09%
- 1s - test_Loss: 1.5443 - test_Acc: 32.08%
dataset: HIC, loss_fn: UnimodalNet, non_pre_weighted
batch_size: 4, lr: 0.0001, epochs: 30
time: 110.54s, model: resnet18
lamda: 2.0
batch_size: 4,Best_test_acc: 44.905660377358494

Running: dataset=HIC, loss=UnimodalNet, model=resnet18_GaussianFC, lr=1e-3, lamda=2
HIC train: 1060 images, 5 decades
HIC test: 265 images, 5 decades
* Epoch 1/30
- 3s - train_Loss: 102.2224 - train_Acc: 20.66%
- 1s - test_Loss: 10.2106 - test_Acc: 19.62%
dataset: HIC, loss_fn: UnimodalNet, non_pre_weighted
batch_size: 4, lr: 0.001, epochs: 30
time: 111.75s, model: resnet18_GaussianFC
lamda: 2.0
batch_size: 4,Best_test_acc: 30.18867924528302

Running: dataset=HIC, loss=UnimodalNet, model=resnet18_GaussianFC, lr=5e-4, lamda=2
HIC train: 1060 images, 5 decades
HIC test: 265 images, 5 decades
* Epoch 1/30
- 3s - train_Loss: 134.9080 - train_Acc: 21.51%
- 1s - test_Loss: 156.4373 - test_Acc: 20.38%
dataset: HIC, loss_fn: UnimodalNet, non_pre_weighted
batch_size: 4, lr: 0.0005, epochs: 30
time: 110.85s, model: resnet18_GaussianFC
lamda: 2.0
batch_size: 4,Best_test_acc: 28.30188679245283

Running: dataset=HIC, loss=UnimodalNet, model=resnet18_GaussianFC, lr=1e-4, lamda=2
HIC train: 1060 images, 5 decades
HIC test: 265 images, 5 decades
* Epoch 1/30
- 3s - train_Loss: 227.0920 - train_Acc: 20.47%
- 1s - test_Loss: 127.6122 - test_Acc: 19.62%
dataset: HIC, loss_fn: UnimodalNet, non_pre_weighted
batch_size: 4, lr: 0.0001, epochs: 30
time: 111.45s, model: resnet18_GaussianFC
lamda: 2.0
batch_size: 4,Best_test_acc: 27.169811320754718

Running: dataset=HIC, loss=UnimodalNet, model=resnet18_weights, lr=1e-3, lamda=2
HIC train: 1060 images, 5 decades
HIC test: 265 images, 5 decades
* Epoch 1/300
- 3s - train_Loss: 1.5848 - train_Acc: 29.43%
- 1s - test_Loss: 2.2938 - test_Acc: 29.06%
* Epoch 31/300
- 3s - train_Loss: 1.3450 - train_Acc: 37.92%
- 1s - test_Loss: 1.3586 - test_Acc: 36.60%
* Epoch 61/300
- 3s - train_Loss: 1.3327 - train_Acc: 40.19%
- 1s - test_Loss: 1.3384 - test_Acc: 40.00%
* Epoch 91/300
- 3s - train_Loss: 1.2273 - train_Acc: 42.92%
- 1s - test_Loss: 1.3126 - test_Acc: 41.13%
* Epoch 121/300
- 3s - train_Loss: 1.1921 - train_Acc: 43.49%
- 1s - test_Loss: 1.2661 - test_Acc: 41.13%
* Epoch 151/300
- 3s - train_Loss: 1.1643 - train_Acc: 47.08%
- 1s - test_Loss: 1.2898 - test_Acc: 43.40%
* Epoch 181/300
- 3s - train_Loss: 1.1278 - train_Acc: 49.43%
- 1s - test_Loss: 1.2051 - test_Acc: 45.66%
* Epoch 211/300
- 3s - train_Loss: 1.2156 - train_Acc: 45.28%
- 1s - test_Loss: 1.2178 - test_Acc: 41.89%
* Epoch 241/300
- 3s - train_Loss: 1.0088 - train_Acc: 53.68%
- 1s - test_Loss: 1.2906 - test_Acc: 44.53%
* Epoch 271/300
- 3s - train_Loss: 0.9458 - train_Acc: 52.92%
- 1s - test_Loss: 1.2772 - test_Acc: 45.28%
dataset: HIC, loss_fn: UnimodalNet, non_pre_weighted
batch_size: 4, lr: 0.001, epochs: 300
time: 1106.35s, model: resnet18_weights
lamda: 2.0
batch_size: 4,Best_test_acc: 52.075471698113205

Running: dataset=HIC, loss=UnimodalNet, model=resnet18_weights, lr=5e-4, lamda=2
HIC train: 1060 images, 5 decades
HIC test: 265 images, 5 decades
* Epoch 1/300
- 3s - train_Loss: 1.5430 - train_Acc: 30.94%
- 1s - test_Loss: 1.4774 - test_Acc: 36.23%
* Epoch 31/300
- 3s - train_Loss: 0.9710 - train_Acc: 55.94%
- 1s - test_Loss: 1.3942 - test_Acc: 43.02%
* Epoch 61/300
- 3s - train_Loss: 0.7104 - train_Acc: 70.57%
- 1s - test_Loss: 2.0477 - test_Acc: 49.06%
* Epoch 91/300
- 3s - train_Loss: 0.5279 - train_Acc: 77.92%
- 1s - test_Loss: 1.9921 - test_Acc: 45.28%
* Epoch 121/300
- 3s - train_Loss: 0.4496 - train_Acc: 84.53%
- 1s - test_Loss: 1.7996 - test_Acc: 46.42%
* Epoch 151/300
- 3s - train_Loss: 0.2999 - train_Acc: 89.34%
- 1s - test_Loss: 2.6448 - test_Acc: 43.77%
* Epoch 181/300
- 3s - train_Loss: 0.3251 - train_Acc: 89.81%
- 1s - test_Loss: 1.8993 - test_Acc: 49.81%
* Epoch 211/300
- 3s - train_Loss: 0.2895 - train_Acc: 89.72%
- 1s - test_Loss: 1.8710 - test_Acc: 52.83%
* Epoch 241/300
- 3s - train_Loss: 0.2378 - train_Acc: 93.02%
- 1s - test_Loss: 1.9284 - test_Acc: 51.32%
* Epoch 271/300
- 3s - train_Loss: 0.2131 - train_Acc: 92.92%
- 1s - test_Loss: 1.9565 - test_Acc: 49.81%
dataset: HIC, loss_fn: UnimodalNet, non_pre_weighted
batch_size: 4, lr: 0.0005, epochs: 300
time: 1107.67s, model: resnet18_weights
lamda: 2.0
batch_size: 4,Best_test_acc: 55.471698113207545

Running: dataset=HIC, loss=UnimodalNet, model=resnet18_weights, lr=1e-4, lamda=2
HIC train: 1060 images, 5 decades
HIC test: 265 images, 5 decades
* Epoch 1/300
- 3s - train_Loss: 1.4921 - train_Acc: 30.19%
- 1s - test_Loss: 1.5018 - test_Acc: 30.57%
* Epoch 31/300
- 3s - train_Loss: 0.3777 - train_Acc: 83.87%
- 1s - test_Loss: 1.6870 - test_Acc: 54.72%
* Epoch 61/300
- 3s - train_Loss: 0.2612 - train_Acc: 89.81%
- 1s - test_Loss: 1.8063 - test_Acc: 53.96%
* Epoch 91/300
- 3s - train_Loss: 0.2730 - train_Acc: 90.00%
- 1s - test_Loss: 2.0437 - test_Acc: 49.06%
* Epoch 121/300
- 3s - train_Loss: 0.2180 - train_Acc: 93.49%
- 1s - test_Loss: 2.0535 - test_Acc: 46.79%
* Epoch 151/300
- 3s - train_Loss: 0.1545 - train_Acc: 94.06%
- 1s - test_Loss: 2.1993 - test_Acc: 47.92%
* Epoch 181/300
- 3s - train_Loss: 0.1531 - train_Acc: 95.28%
- 1s - test_Loss: 2.0538 - test_Acc: 51.70%
* Epoch 211/300
- 3s - train_Loss: 0.1176 - train_Acc: 95.57%
- 1s - test_Loss: 1.9651 - test_Acc: 51.32%
* Epoch 241/300
- 3s - train_Loss: 0.1039 - train_Acc: 96.51%
- 1s - test_Loss: 2.2187 - test_Acc: 48.30%
* Epoch 271/300
- 3s - train_Loss: 0.1323 - train_Acc: 95.85%
- 1s - test_Loss: 2.0118 - test_Acc: 52.08%
dataset: HIC, loss_fn: UnimodalNet, non_pre_weighted
batch_size: 4, lr: 0.0001, epochs: 300
time: 1106.67s, model: resnet18_weights
lamda: 2.0
batch_size: 4,Best_test_acc: 55.471698113207545

Running: dataset=HIC, loss=UnimodalNet, model=resnet18_GaussianFC_weights, lr=1e-3, lamda=2
HIC train: 1060 images, 5 decades
HIC test: 265 images, 5 decades
* Epoch 1/30
- 3s - train_Loss: 200.1293 - train_Acc: 20.66%
- 1s - test_Loss: 62641.5992 - test_Acc: 19.62%
dataset: HIC, loss_fn: UnimodalNet, non_pre_weighted
batch_size: 4, lr: 0.001, epochs: 30
time: 111.35s, model: resnet18_GaussianFC_weights
lamda: 2.0
batch_size: 4,Best_test_acc: 19.62264150943396

Running: dataset=HIC, loss=UnimodalNet, model=resnet18_GaussianFC_weights, lr=5e-4, lamda=2
HIC train: 1060 images, 5 decades
HIC test: 265 images, 5 decades
* Epoch 1/30
- 3s - train_Loss: 214.6688 - train_Acc: 19.91%
- 1s - test_Loss: 26344.6083 - test_Acc: 17.74%
dataset: HIC, loss_fn: UnimodalNet, non_pre_weighted
batch_size: 4, lr: 0.0005, epochs: 30
time: 111.39s, model: resnet18_GaussianFC_weights
lamda: 2.0
batch_size: 4,Best_test_acc: 22.641509433962263

Running: dataset=HIC, loss=UnimodalNet, model=resnet18_GaussianFC_weights, lr=1e-4, lamda=2
HIC train: 1060 images, 5 decades
HIC test: 265 images, 5 decades
* Epoch 1/30
- 3s - train_Loss: 360.5234 - train_Acc: 19.62%
- 1s - test_Loss: 827.2758 - test_Acc: 20.75%
dataset: HIC, loss_fn: UnimodalNet, non_pre_weighted
batch_size: 4, lr: 0.0001, epochs: 30
time: 111.45s, model: resnet18_GaussianFC_weights
lamda: 2.0
batch_size: 4,Best_test_acc: 21.88679245283019

Running: dataset=HIC, loss=UnimodalNet_absdistance, model=resnet18, lr=1e-3, lamda=2
HIC train: 1060 images, 5 decades
HIC test: 265 images, 5 decades
* Epoch 1/30
- 3s - train_Loss: 5.0025 - train_Acc: 20.28%
- 1s - test_Loss: 4.8381 - test_Acc: 16.98%
dataset: HIC, loss_fn: UnimodalNet_absdistance, non_pre_weighted
batch_size: 4, lr: 0.001, epochs: 30
time: 110.28s, model: resnet18
lamda: 2.0
batch_size: 4,Best_test_acc: 36.60377358490566

Running: dataset=HIC, loss=UnimodalNet_absdistance, model=resnet18, lr=5e-4, lamda=2
HIC train: 1060 images, 5 decades
HIC test: 265 images, 5 decades
* Epoch 1/30
- 3s - train_Loss: 4.9439 - train_Acc: 22.36%
- 1s - test_Loss: 4.7179 - test_Acc: 22.26%
dataset: HIC, loss_fn: UnimodalNet_absdistance, non_pre_weighted
batch_size: 4, lr: 0.0005, epochs: 30
time: 110.45s, model: resnet18
lamda: 2.0
batch_size: 4,Best_test_acc: 38.867924528301884

Running: dataset=HIC, loss=UnimodalNet_absdistance, model=resnet18, lr=1e-4, lamda=2
HIC train: 1060 images, 5 decades
HIC test: 265 images, 5 decades
* Epoch 1/30
- 3s - train_Loss: 4.8955 - train_Acc: 25.57%
- 1s - test_Loss: 4.7335 - test_Acc: 26.79%
dataset: HIC, loss_fn: UnimodalNet_absdistance, non_pre_weighted
batch_size: 4, lr: 0.0001, epochs: 30
time: 110.07s, model: resnet18
lamda: 2.0
batch_size: 4,Best_test_acc: 45.660377358490564

Running: dataset=HIC, loss=UnimodalNet_absdistance, model=resnet18_GaussianFC, lr=1e-3, lamda=2
HIC train: 1060 images, 5 decades
HIC test: 265 images, 5 decades
* Epoch 1/30
- 3s - train_Loss: 278.5375 - train_Acc: 20.09%
- 1s - test_Loss: 1051.7384 - test_Acc: 19.62%
dataset: HIC, loss_fn: UnimodalNet_absdistance, non_pre_weighted
batch_size: 4, lr: 0.001, epochs: 30
time: 111.28s, model: resnet18_GaussianFC
lamda: 2.0
batch_size: 4,Best_test_acc: 27.547169811320753

Running: dataset=HIC, loss=UnimodalNet_absdistance, model=resnet18_GaussianFC, lr=5e-4, lamda=2
HIC train: 1060 images, 5 decades
HIC test: 265 images, 5 decades
* Epoch 1/30
- 3s - train_Loss: 345.5558 - train_Acc: 20.75%
- 1s - test_Loss: 102.4130 - test_Acc: 18.87%
dataset: HIC, loss_fn: UnimodalNet_absdistance, non_pre_weighted
batch_size: 4, lr: 0.0005, epochs: 30
time: 111.43s, model: resnet18_GaussianFC
lamda: 2.0
batch_size: 4,Best_test_acc: 29.81132075471698

Running: dataset=HIC, loss=UnimodalNet_absdistance, model=resnet18_GaussianFC, lr=1e-4, lamda=2
HIC train: 1060 images, 5 decades
HIC test: 265 images, 5 decades
* Epoch 1/30
- 3s - train_Loss: 668.5534 - train_Acc: 20.09%
- 1s - test_Loss: 121.4574 - test_Acc: 19.62%
dataset: HIC, loss_fn: UnimodalNet_absdistance, non_pre_weighted
batch_size: 4, lr: 0.0001, epochs: 30
time: 110.74s, model: resnet18_GaussianFC
lamda: 2.0
batch_size: 4,Best_test_acc: 21.132075471698112

Running: dataset=HIC, loss=UnimodalNet_absdistance, model=resnet18_weights, lr=1e-3, lamda=2
HIC train: 1060 images, 5 decades
HIC test: 265 images, 5 decades
* Epoch 1/300
- 3s - train_Loss: 4.8315 - train_Acc: 27.26%
- 1s - test_Loss: 5.0945 - test_Acc: 23.77%
* Epoch 31/300
- 3s - train_Loss: 4.0592 - train_Acc: 36.13%
- 1s - test_Loss: 4.0219 - test_Acc: 40.00%
* Epoch 61/300
- 3s - train_Loss: 3.9902 - train_Acc: 40.75%
- 1s - test_Loss: 3.9240 - test_Acc: 38.49%
* Epoch 91/300
- 3s - train_Loss: 3.8151 - train_Acc: 42.83%
- 1s - test_Loss: 4.5608 - test_Acc: 35.09%
* Epoch 121/300
- 3s - train_Loss: 3.6335 - train_Acc: 44.43%
- 1s - test_Loss: 4.7022 - test_Acc: 38.49%
* Epoch 151/300
- 3s - train_Loss: 3.7351 - train_Acc: 43.77%
- 1s - test_Loss: 3.7162 - test_Acc: 43.77%
* Epoch 181/300
- 3s - train_Loss: 3.4557 - train_Acc: 48.77%
- 1s - test_Loss: 3.9839 - test_Acc: 39.25%
* Epoch 211/300
- 3s - train_Loss: 3.1879 - train_Acc: 50.94%
- 1s - test_Loss: 3.8187 - test_Acc: 42.26%
* Epoch 241/300
- 3s - train_Loss: 3.1456 - train_Acc: 50.94%
- 1s - test_Loss: 3.9718 - test_Acc: 43.40%
* Epoch 271/300
- 3s - train_Loss: 3.0286 - train_Acc: 54.91%
- 1s - test_Loss: 3.9185 - test_Acc: 48.68%
dataset: HIC, loss_fn: UnimodalNet_absdistance, non_pre_weighted
batch_size: 4, lr: 0.001, epochs: 300
time: 1109.55s, model: resnet18_weights
lamda: 2.0
batch_size: 4,Best_test_acc: 52.83018867924528

Running: dataset=HIC, loss=UnimodalNet_absdistance, model=resnet18_weights, lr=5e-4, lamda=2
HIC train: 1060 images, 5 decades
HIC test: 265 images, 5 decades
* Epoch 1/300
- 3s - train_Loss: 4.6201 - train_Acc: 32.36%
- 1s - test_Loss: 4.7659 - test_Acc: 32.08%
* Epoch 31/300
- 3s - train_Loss: 2.8702 - train_Acc: 54.15%
- 1s - test_Loss: 3.9443 - test_Acc: 44.15%
* Epoch 61/300
- 3s - train_Loss: 2.3031 - train_Acc: 65.09%
- 1s - test_Loss: 4.3366 - test_Acc: 46.42%
* Epoch 91/300
- 3s - train_Loss: 1.6695 - train_Acc: 76.32%
- 1s - test_Loss: 5.5305 - test_Acc: 53.21%
* Epoch 121/300
- 3s - train_Loss: 1.4811 - train_Acc: 79.91%
- 1s - test_Loss: 5.0100 - test_Acc: 53.96%
* Epoch 151/300
- 3s - train_Loss: 1.3631 - train_Acc: 84.34%
- 1s - test_Loss: 5.9127 - test_Acc: 49.43%
* Epoch 181/300
- 3s - train_Loss: 1.0744 - train_Acc: 87.64%
- 1s - test_Loss: 5.8489 - test_Acc: 49.43%
* Epoch 211/300
- 3s - train_Loss: 0.9870 - train_Acc: 87.64%
- 1s - test_Loss: 5.7081 - test_Acc: 46.42%
* Epoch 241/300
- 3s - train_Loss: 0.9897 - train_Acc: 88.02%
- 1s - test_Loss: 6.1689 - test_Acc: 50.19%
* Epoch 271/300
- 3s - train_Loss: 0.5824 - train_Acc: 93.49%
- 1s - test_Loss: 6.4756 - test_Acc: 47.17%
dataset: HIC, loss_fn: UnimodalNet_absdistance, non_pre_weighted
batch_size: 4, lr: 0.0005, epochs: 300
time: 1107.98s, model: resnet18_weights
lamda: 2.0
batch_size: 4,Best_test_acc: 56.60377358490566

Running: dataset=HIC, loss=UnimodalNet_absdistance, model=resnet18_weights, lr=1e-4, lamda=2
HIC train: 1060 images, 5 decades
HIC test: 265 images, 5 decades
* Epoch 1/300
- 3s - train_Loss: 4.6038 - train_Acc: 30.94%
- 1s - test_Loss: 4.4046 - test_Acc: 32.45%
* Epoch 31/300
- 3s - train_Loss: 1.0418 - train_Acc: 83.21%
- 1s - test_Loss: 6.3281 - test_Acc: 49.43%
* Epoch 61/300
- 3s - train_Loss: 0.7965 - train_Acc: 89.91%
- 1s - test_Loss: 6.2175 - test_Acc: 49.06%
* Epoch 91/300
- 3s - train_Loss: 0.4807 - train_Acc: 95.00%
- 1s - test_Loss: 6.0054 - test_Acc: 48.68%
* Epoch 121/300
- 3s - train_Loss: 0.5290 - train_Acc: 93.68%
- 1s - test_Loss: 6.2246 - test_Acc: 49.81%
* Epoch 151/300
- 3s - train_Loss: 0.5741 - train_Acc: 94.62%
- 1s - test_Loss: 6.5859 - test_Acc: 51.32%
* Epoch 181/300
- 3s - train_Loss: 0.4168 - train_Acc: 96.51%
- 1s - test_Loss: 6.1415 - test_Acc: 48.30%
* Epoch 211/300
- 3s - train_Loss: 0.2854 - train_Acc: 96.13%
- 1s - test_Loss: 6.2167 - test_Acc: 48.68%
* Epoch 241/300
- 3s - train_Loss: 0.4112 - train_Acc: 95.57%
- 1s - test_Loss: 5.7924 - test_Acc: 53.96%
* Epoch 271/300
- 3s - train_Loss: 0.3703 - train_Acc: 95.75%
- 1s - test_Loss: 6.1365 - test_Acc: 53.21%
dataset: HIC, loss_fn: UnimodalNet_absdistance, non_pre_weighted
batch_size: 4, lr: 0.0001, epochs: 300
time: 1159.06s, model: resnet18_weights
lamda: 2.0
batch_size: 4,Best_test_acc: 56.22641509433962

Running: dataset=HIC, loss=UnimodalNet_absdistance, model=resnet18_GaussianFC_weights, lr=1e-3, lamda=2
HIC train: 1060 images, 5 decades
HIC test: 265 images, 5 decades
* Epoch 1/30
- 3s - train_Loss: 507.0504 - train_Acc: 21.70%
- 1s - test_Loss: 23410.8568 - test_Acc: 17.74%
dataset: HIC, loss_fn: UnimodalNet_absdistance, non_pre_weighted
batch_size: 4, lr: 0.001, epochs: 30
time: 111.59s, model: resnet18_GaussianFC_weights
lamda: 2.0
batch_size: 4,Best_test_acc: 23.77358490566038

Running: dataset=HIC, loss=UnimodalNet_absdistance, model=resnet18_GaussianFC_weights, lr=5e-4, lamda=2
HIC train: 1060 images, 5 decades
HIC test: 265 images, 5 decades
* Epoch 1/30
- 3s - train_Loss: 606.3965 - train_Acc: 20.38%
- 1s - test_Loss: 1775.6631 - test_Acc: 19.62%
dataset: HIC, loss_fn: UnimodalNet_absdistance, non_pre_weighted
batch_size: 4, lr: 0.0005, epochs: 30
time: 112.55s, model: resnet18_GaussianFC_weights
lamda: 2.0
batch_size: 4,Best_test_acc: 20.0

Running: dataset=HIC, loss=UnimodalNet_absdistance, model=resnet18_GaussianFC_weights, lr=1e-4, lamda=2
HIC train: 1060 images, 5 decades
HIC test: 265 images, 5 decades
* Epoch 1/30
- 3s - train_Loss: 1136.1074 - train_Acc: 19.25%
- 1s - test_Loss: 1751.3777 - test_Acc: 23.77%
dataset: HIC, loss_fn: UnimodalNet_absdistance, non_pre_weighted
batch_size: 4, lr: 0.0001, epochs: 30
time: 111.11s, model: resnet18_GaussianFC_weights
lamda: 2.0
batch_size: 4,Best_test_acc: 25.660377358490567

Running: dataset=HIC, loss=UnimodalNet, model=resnet18, lr=1e-3, lamda=5
HIC train: 1060 images, 5 decades
HIC test: 265 images, 5 decades
* Epoch 1/30
- 3s - train_Loss: 1.6723 - train_Acc: 21.04%
- 1s - test_Loss: 1.5981 - test_Acc: 24.15%
dataset: HIC, loss_fn: UnimodalNet, non_pre_weighted
batch_size: 4, lr: 0.001, epochs: 30
time: 110.36s, model: resnet18
lamda: 5.0
batch_size: 4,Best_test_acc: 37.35849056603774

Running: dataset=HIC, loss=UnimodalNet, model=resnet18, lr=5e-4, lamda=5
HIC train: 1060 images, 5 decades
HIC test: 265 images, 5 decades
* Epoch 1/30
- 3s - train_Loss: 1.6483 - train_Acc: 22.83%
- 1s - test_Loss: 1.5654 - test_Acc: 27.55%
dataset: HIC, loss_fn: UnimodalNet, non_pre_weighted
batch_size: 4, lr: 0.0005, epochs: 30
time: 110.75s, model: resnet18
lamda: 5.0
batch_size: 4,Best_test_acc: 38.867924528301884

Running: dataset=HIC, loss=UnimodalNet, model=resnet18, lr=1e-4, lamda=5
HIC train: 1060 images, 5 decades
HIC test: 265 images, 5 decades
* Epoch 1/30
- 3s - train_Loss: 1.6482 - train_Acc: 24.62%
- 1s - test_Loss: 1.5498 - test_Acc: 27.17%
dataset: HIC, loss_fn: UnimodalNet, non_pre_weighted
batch_size: 4, lr: 0.0001, epochs: 30
time: 110.87s, model: resnet18
lamda: 5.0
batch_size: 4,Best_test_acc: 44.15094339622642

Running: dataset=HIC, loss=UnimodalNet, model=resnet18_GaussianFC, lr=1e-3, lamda=5
HIC train: 1060 images, 5 decades
HIC test: 265 images, 5 decades
* Epoch 1/30
- 3s - train_Loss: 108.8522 - train_Acc: 19.25%
- 1s - test_Loss: 105.9254 - test_Acc: 21.89%
dataset: HIC, loss_fn: UnimodalNet, non_pre_weighted
batch_size: 4, lr: 0.001, epochs: 30
time: 111.40s, model: resnet18_GaussianFC
lamda: 5.0
batch_size: 4,Best_test_acc: 27.92452830188679

Running: dataset=HIC, loss=UnimodalNet, model=resnet18_GaussianFC, lr=5e-4, lamda=5
HIC train: 1060 images, 5 decades
HIC test: 265 images, 5 decades
* Epoch 1/30
- 3s - train_Loss: 148.4826 - train_Acc: 19.91%
- 1s - test_Loss: 40.9529 - test_Acc: 19.62%
dataset: HIC, loss_fn: UnimodalNet, non_pre_weighted
batch_size: 4, lr: 0.0005, epochs: 30
time: 111.20s, model: resnet18_GaussianFC
lamda: 5.0
batch_size: 4,Best_test_acc: 29.81132075471698

Running: dataset=HIC, loss=UnimodalNet, model=resnet18_GaussianFC, lr=1e-4, lamda=5
HIC train: 1060 images, 5 decades
HIC test: 265 images, 5 decades
* Epoch 1/30
- 3s - train_Loss: 225.3578 - train_Acc: 20.47%
- 1s - test_Loss: 98.2367 - test_Acc: 18.87%
dataset: HIC, loss_fn: UnimodalNet, non_pre_weighted
batch_size: 4, lr: 0.0001, epochs: 30
time: 111.35s, model: resnet18_GaussianFC
lamda: 5.0
batch_size: 4,Best_test_acc: 19.62264150943396

Running: dataset=HIC, loss=UnimodalNet, model=resnet18_weights, lr=1e-3, lamda=5
HIC train: 1060 images, 5 decades
HIC test: 265 images, 5 decades
* Epoch 1/300
- 3s - train_Loss: 1.5914 - train_Acc: 26.70%
- 1s - test_Loss: 21.4108 - test_Acc: 20.38%
* Epoch 31/300
- 3s - train_Loss: 1.3301 - train_Acc: 38.30%
- 1s - test_Loss: 1.4010 - test_Acc: 36.60%
* Epoch 61/300
- 3s - train_Loss: 1.2795 - train_Acc: 41.89%
- 1s - test_Loss: 1.2787 - test_Acc: 40.75%
* Epoch 91/300
- 3s - train_Loss: 1.1789 - train_Acc: 46.32%
- 1s - test_Loss: 1.4842 - test_Acc: 34.34%
* Epoch 121/300
- 3s - train_Loss: 1.2534 - train_Acc: 40.09%
- 1s - test_Loss: 1.2692 - test_Acc: 38.11%
* Epoch 151/300
- 3s - train_Loss: 1.2357 - train_Acc: 46.23%
- 1s - test_Loss: 1.2376 - test_Acc: 41.51%
* Epoch 181/300
- 3s - train_Loss: 1.0875 - train_Acc: 49.15%
- 1s - test_Loss: 1.2191 - test_Acc: 43.02%
* Epoch 211/300
- 3s - train_Loss: 1.1796 - train_Acc: 46.32%
- 1s - test_Loss: 1.2154 - test_Acc: 45.66%
* Epoch 241/300
- 3s - train_Loss: 0.9692 - train_Acc: 52.36%
- 1s - test_Loss: 1.4097 - test_Acc: 44.15%
* Epoch 271/300
- 3s - train_Loss: 0.9843 - train_Acc: 54.91%
- 1s - test_Loss: 1.4912 - test_Acc: 40.00%
dataset: HIC, loss_fn: UnimodalNet, non_pre_weighted
batch_size: 4, lr: 0.001, epochs: 300
time: 1106.07s, model: resnet18_weights
lamda: 5.0
batch_size: 4,Best_test_acc: 52.45283018867924

Running: dataset=HIC, loss=UnimodalNet, model=resnet18_weights, lr=5e-4, lamda=5
HIC train: 1060 images, 5 decades
HIC test: 265 images, 5 decades
* Epoch 1/300
- 3s - train_Loss: 1.5768 - train_Acc: 31.60%
- 1s - test_Loss: 1.5109 - test_Acc: 37.74%
* Epoch 31/300
- 3s - train_Loss: 0.9660 - train_Acc: 54.62%
- 1s - test_Loss: 1.3702 - test_Acc: 43.40%
* Epoch 61/300
- 3s - train_Loss: 0.7303 - train_Acc: 68.30%
- 1s - test_Loss: 1.5945 - test_Acc: 52.08%
* Epoch 91/300
- 3s - train_Loss: 0.6383 - train_Acc: 74.25%
- 1s - test_Loss: 2.0059 - test_Acc: 43.02%
* Epoch 121/300
- 3s - train_Loss: 0.4170 - train_Acc: 83.68%
- 1s - test_Loss: 1.8000 - test_Acc: 50.19%
* Epoch 151/300
- 3s - train_Loss: 0.4188 - train_Acc: 84.15%
- 1s - test_Loss: 1.8919 - test_Acc: 47.17%
* Epoch 181/300
- 3s - train_Loss: 0.3743 - train_Acc: 88.30%
- 1s - test_Loss: 2.0430 - test_Acc: 49.43%
* Epoch 211/300
- 3s - train_Loss: 0.2583 - train_Acc: 90.57%
- 1s - test_Loss: 1.8850 - test_Acc: 52.83%
* Epoch 241/300
- 3s - train_Loss: 0.3200 - train_Acc: 89.72%
- 1s - test_Loss: 2.2613 - test_Acc: 47.92%
* Epoch 271/300
- 3s - train_Loss: 0.2326 - train_Acc: 92.08%
- 1s - test_Loss: 1.8834 - test_Acc: 47.92%
dataset: HIC, loss_fn: UnimodalNet, non_pre_weighted
batch_size: 4, lr: 0.0005, epochs: 300
time: 1107.22s, model: resnet18_weights
lamda: 5.0
batch_size: 4,Best_test_acc: 57.35849056603774

Running: dataset=HIC, loss=UnimodalNet, model=resnet18_weights, lr=1e-4, lamda=5
HIC train: 1060 images, 5 decades
HIC test: 265 images, 5 decades
* Epoch 1/300
- 3s - train_Loss: 1.5166 - train_Acc: 32.74%
- 1s - test_Loss: 1.4080 - test_Acc: 35.85%
* Epoch 31/300
- 3s - train_Loss: 0.3651 - train_Acc: 86.32%
- 1s - test_Loss: 1.7845 - test_Acc: 50.19%
* Epoch 61/300
- 3s - train_Loss: 0.2930 - train_Acc: 88.96%
- 1s - test_Loss: 2.0371 - test_Acc: 52.08%
* Epoch 91/300
- 3s - train_Loss: 0.1941 - train_Acc: 93.21%
- 1s - test_Loss: 1.8119 - test_Acc: 52.08%
* Epoch 121/300
- 3s - train_Loss: 0.1869 - train_Acc: 93.40%
- 1s - test_Loss: 1.7757 - test_Acc: 52.83%
* Epoch 151/300
- 3s - train_Loss: 0.1730 - train_Acc: 95.47%
- 1s - test_Loss: 2.0009 - test_Acc: 53.21%
* Epoch 181/300
- 3s - train_Loss: 0.1318 - train_Acc: 94.91%
- 1s - test_Loss: 2.0117 - test_Acc: 50.94%
* Epoch 211/300
- 3s - train_Loss: 0.1586 - train_Acc: 95.57%
- 1s - test_Loss: 2.0722 - test_Acc: 51.32%
* Epoch 241/300
- 3s - train_Loss: 0.1723 - train_Acc: 96.04%
- 1s - test_Loss: 2.0476 - test_Acc: 50.57%
* Epoch 271/300
- 3s - train_Loss: 0.1020 - train_Acc: 97.36%
- 1s - test_Loss: 2.0282 - test_Acc: 47.17%
dataset: HIC, loss_fn: UnimodalNet, non_pre_weighted
batch_size: 4, lr: 0.0001, epochs: 300
time: 1108.08s, model: resnet18_weights
lamda: 5.0
batch_size: 4,Best_test_acc: 57.735849056603776

Running: dataset=HIC, loss=UnimodalNet, model=resnet18_GaussianFC_weights, lr=1e-3, lamda=5
HIC train: 1060 images, 5 decades
HIC test: 265 images, 5 decades
* Epoch 1/30
- 3s - train_Loss: 198.4767 - train_Acc: 22.08%
- 1s - test_Loss: 310.0075 - test_Acc: 22.26%
dataset: HIC, loss_fn: UnimodalNet, non_pre_weighted
batch_size: 4, lr: 0.001, epochs: 30
time: 111.02s, model: resnet18_GaussianFC_weights
lamda: 5.0
batch_size: 4,Best_test_acc: 23.39622641509434

Running: dataset=HIC, loss=UnimodalNet, model=resnet18_GaussianFC_weights, lr=5e-4, lamda=5
HIC train: 1060 images, 5 decades
HIC test: 265 images, 5 decades
* Epoch 1/30
- 3s - train_Loss: 222.5134 - train_Acc: 20.00%
- 1s - test_Loss: 11065.3143 - test_Acc: 22.64%
dataset: HIC, loss_fn: UnimodalNet, non_pre_weighted
batch_size: 4, lr: 0.0005, epochs: 30
time: 111.79s, model: resnet18_GaussianFC_weights
lamda: 5.0
batch_size: 4,Best_test_acc: 24.150943396226417

Running: dataset=HIC, loss=UnimodalNet, model=resnet18_GaussianFC_weights, lr=1e-4, lamda=5
HIC train: 1060 images, 5 decades
HIC test: 265 images, 5 decades
* Epoch 1/30
- 3s - train_Loss: 366.3282 - train_Acc: 20.85%
- 1s - test_Loss: 661.7036 - test_Acc: 18.11%
dataset: HIC, loss_fn: UnimodalNet, non_pre_weighted
batch_size: 4, lr: 0.0001, epochs: 30
time: 111.17s, model: resnet18_GaussianFC_weights
lamda: 5.0
batch_size: 4,Best_test_acc: 24.528301886792452

Running: dataset=HIC, loss=UnimodalNet_absdistance, model=resnet18, lr=1e-3, lamda=5
HIC train: 1060 images, 5 decades
HIC test: 265 images, 5 decades
* Epoch 1/30
- 3s - train_Loss: 4.9648 - train_Acc: 23.68%
- 1s - test_Loss: 4.8812 - test_Acc: 26.04%
dataset: HIC, loss_fn: UnimodalNet_absdistance, non_pre_weighted
batch_size: 4, lr: 0.001, epochs: 30
time: 110.72s, model: resnet18
lamda: 5.0
batch_size: 4,Best_test_acc: 39.62264150943396

Running: dataset=HIC, loss=UnimodalNet_absdistance, model=resnet18, lr=5e-4, lamda=5
HIC train: 1060 images, 5 decades
HIC test: 265 images, 5 decades
* Epoch 1/30
- 3s - train_Loss: 4.9809 - train_Acc: 22.26%
- 1s - test_Loss: 4.7731 - test_Acc: 22.64%
dataset: HIC, loss_fn: UnimodalNet_absdistance, non_pre_weighted
batch_size: 4, lr: 0.0005, epochs: 30
time: 110.30s, model: resnet18
lamda: 5.0
batch_size: 4,Best_test_acc: 40.75471698113208

Running: dataset=HIC, loss=UnimodalNet_absdistance, model=resnet18, lr=1e-4, lamda=5
HIC train: 1060 images, 5 decades
HIC test: 265 images, 5 decades
* Epoch 1/30
- 3s - train_Loss: 4.9647 - train_Acc: 24.53%
- 1s - test_Loss: 4.6462 - test_Acc: 29.06%
dataset: HIC, loss_fn: UnimodalNet_absdistance, non_pre_weighted
batch_size: 4, lr: 0.0001, epochs: 30
time: 110.65s, model: resnet18
lamda: 5.0
batch_size: 4,Best_test_acc: 43.77358490566038

Running: dataset=HIC, loss=UnimodalNet_absdistance, model=resnet18_GaussianFC, lr=1e-3, lamda=5
HIC train: 1060 images, 5 decades
HIC test: 265 images, 5 decades
* Epoch 1/30
- 3s - train_Loss: 258.4847 - train_Acc: 19.81%
- 1s - test_Loss: 120.9132 - test_Acc: 19.62%
dataset: HIC, loss_fn: UnimodalNet_absdistance, non_pre_weighted
batch_size: 4, lr: 0.001, epochs: 30
time: 112.88s, model: resnet18_GaussianFC
lamda: 5.0
batch_size: 4,Best_test_acc: 29.81132075471698

Running: dataset=HIC, loss=UnimodalNet_absdistance, model=resnet18_GaussianFC, lr=5e-4, lamda=5
HIC train: 1060 images, 5 decades
HIC test: 265 images, 5 decades
* Epoch 1/30
- 3s - train_Loss: 323.4189 - train_Acc: 18.58%
- 1s - test_Loss: 1039.8398 - test_Acc: 22.26%
dataset: HIC, loss_fn: UnimodalNet_absdistance, non_pre_weighted
batch_size: 4, lr: 0.0005, epochs: 30
time: 114.72s, model: resnet18_GaussianFC
lamda: 5.0
batch_size: 4,Best_test_acc: 32.45283018867924

Running: dataset=HIC, loss=UnimodalNet_absdistance, model=resnet18_GaussianFC, lr=1e-4, lamda=5
HIC train: 1060 images, 5 decades
HIC test: 265 images, 5 decades
* Epoch 1/30
- 3s - train_Loss: 716.0797 - train_Acc: 20.09%
- 1s - test_Loss: 236.5240 - test_Acc: 19.62%
dataset: HIC, loss_fn: UnimodalNet_absdistance, non_pre_weighted
batch_size: 4, lr: 0.0001, epochs: 30
time: 112.16s, model: resnet18_GaussianFC
lamda: 5.0
batch_size: 4,Best_test_acc: 21.50943396226415

Running: dataset=HIC, loss=UnimodalNet_absdistance, model=resnet18_weights, lr=1e-3, lamda=5
HIC train: 1060 images, 5 decades
HIC test: 265 images, 5 decades
* Epoch 1/300
- 3s - train_Loss: 4.8863 - train_Acc: 25.00%
- 1s - test_Loss: 4.7794 - test_Acc: 30.19%
* Epoch 31/300
- 3s - train_Loss: 4.0283 - train_Acc: 38.58%
- 1s - test_Loss: 4.0418 - test_Acc: 39.62%
* Epoch 61/300
- 3s - train_Loss: 3.8659 - train_Acc: 40.09%
- 1s - test_Loss: 3.7449 - test_Acc: 40.38%
* Epoch 91/300
- 3s - train_Loss: 3.8384 - train_Acc: 43.02%
- 1s - test_Loss: 3.8219 - test_Acc: 45.28%
* Epoch 121/300
- 3s - train_Loss: 3.7594 - train_Acc: 41.51%
- 1s - test_Loss: 3.5238 - test_Acc: 44.15%
* Epoch 151/300
- 3s - train_Loss: 3.6161 - train_Acc: 45.00%
- 1s - test_Loss: 3.9351 - test_Acc: 40.75%
* Epoch 181/300
- 3s - train_Loss: 3.3402 - train_Acc: 48.58%
- 1s - test_Loss: 4.0915 - test_Acc: 36.60%
* Epoch 211/300
- 3s - train_Loss: 3.0622 - train_Acc: 50.75%
- 1s - test_Loss: 3.8204 - test_Acc: 50.94%
* Epoch 241/300
- 3s - train_Loss: 3.1012 - train_Acc: 51.23%
- 1s - test_Loss: 4.0758 - test_Acc: 44.53%
* Epoch 271/300
- 3s - train_Loss: 3.0777 - train_Acc: 53.11%
- 1s - test_Loss: 3.6268 - test_Acc: 46.79%
dataset: HIC, loss_fn: UnimodalNet_absdistance, non_pre_weighted
batch_size: 4, lr: 0.001, epochs: 300
time: 1108.41s, model: resnet18_weights
lamda: 5.0
batch_size: 4,Best_test_acc: 51.320754716981135

Running: dataset=HIC, loss=UnimodalNet_absdistance, model=resnet18_weights, lr=5e-4, lamda=5
HIC train: 1060 images, 5 decades
HIC test: 265 images, 5 decades
* Epoch 1/300
- 3s - train_Loss: 4.4843 - train_Acc: 33.11%
- 1s - test_Loss: 4.8966 - test_Acc: 25.66%
* Epoch 31/300
- 3s - train_Loss: 3.2582 - train_Acc: 49.15%
- 1s - test_Loss: 3.8126 - test_Acc: 45.66%
* Epoch 61/300
- 3s - train_Loss: 2.5165 - train_Acc: 62.36%
- 1s - test_Loss: 4.6811 - test_Acc: 44.53%
* Epoch 91/300
- 3s - train_Loss: 1.7283 - train_Acc: 75.28%
- 1s - test_Loss: 4.8904 - test_Acc: 46.42%
* Epoch 121/300
- 3s - train_Loss: 1.4405 - train_Acc: 82.08%
- 1s - test_Loss: 5.2739 - test_Acc: 50.57%
* Epoch 151/300
- 3s - train_Loss: 1.3377 - train_Acc: 84.15%
- 1s - test_Loss: 5.2109 - test_Acc: 51.32%
* Epoch 181/300
- 3s - train_Loss: 1.0457 - train_Acc: 87.64%
- 1s - test_Loss: 5.4526 - test_Acc: 52.83%
* Epoch 211/300
- 3s - train_Loss: 0.8407 - train_Acc: 89.15%
- 1s - test_Loss: 5.4959 - test_Acc: 52.45%
* Epoch 241/300
- 3s - train_Loss: 0.7395 - train_Acc: 91.42%
- 1s - test_Loss: 6.0910 - test_Acc: 48.68%
* Epoch 271/300
- 3s - train_Loss: 0.8895 - train_Acc: 91.79%
- 1s - test_Loss: 5.7190 - test_Acc: 52.08%
dataset: HIC, loss_fn: UnimodalNet_absdistance, non_pre_weighted
batch_size: 4, lr: 0.0005, epochs: 300
time: 1106.38s, model: resnet18_weights
lamda: 5.0
batch_size: 4,Best_test_acc: 56.22641509433962

Running: dataset=HIC, loss=UnimodalNet_absdistance, model=resnet18_weights, lr=1e-4, lamda=5
HIC train: 1060 images, 5 decades
HIC test: 265 images, 5 decades
* Epoch 1/300
- 3s - train_Loss: 4.6343 - train_Acc: 29.15%
- 1s - test_Loss: 4.2324 - test_Acc: 38.87%
* Epoch 31/300
- 3s - train_Loss: 1.2553 - train_Acc: 83.68%
- 1s - test_Loss: 4.9789 - test_Acc: 51.70%
* Epoch 61/300
- 3s - train_Loss: 0.8102 - train_Acc: 91.79%
- 1s - test_Loss: 5.6904 - test_Acc: 50.94%
* Epoch 91/300
- 3s - train_Loss: 0.5182 - train_Acc: 93.96%
- 1s - test_Loss: 6.8426 - test_Acc: 47.17%
* Epoch 121/300
- 3s - train_Loss: 0.6002 - train_Acc: 92.45%
- 1s - test_Loss: 6.2475 - test_Acc: 49.43%
* Epoch 151/300
- 3s - train_Loss: 0.5361 - train_Acc: 94.53%
- 1s - test_Loss: 6.1814 - test_Acc: 48.30%
* Epoch 181/300
- 3s - train_Loss: 0.6312 - train_Acc: 93.58%
- 1s - test_Loss: 5.9692 - test_Acc: 49.43%
* Epoch 211/300
- 3s - train_Loss: 0.4778 - train_Acc: 95.09%
- 1s - test_Loss: 6.2680 - test_Acc: 49.81%
* Epoch 241/300
- 3s - train_Loss: 0.3982 - train_Acc: 96.32%
- 1s - test_Loss: 6.1158 - test_Acc: 51.70%
* Epoch 271/300
- 3s - train_Loss: 0.4835 - train_Acc: 95.85%
- 1s - test_Loss: 7.2462 - test_Acc: 50.94%
dataset: HIC, loss_fn: UnimodalNet_absdistance, non_pre_weighted
batch_size: 4, lr: 0.0001, epochs: 300
time: 1107.41s, model: resnet18_weights
lamda: 5.0
batch_size: 4,Best_test_acc: 55.094339622641506

Running: dataset=HIC, loss=UnimodalNet_absdistance, model=resnet18_GaussianFC_weights, lr=1e-3, lamda=5
HIC train: 1060 images, 5 decades
HIC test: 265 images, 5 decades
* Epoch 1/30
- 3s - train_Loss: 570.9404 - train_Acc: 19.43%
- 1s - test_Loss: 181267.5625 - test_Acc: 19.25%
dataset: HIC, loss_fn: UnimodalNet_absdistance, non_pre_weighted
batch_size: 4, lr: 0.001, epochs: 30
time: 110.82s, model: resnet18_GaussianFC_weights
lamda: 5.0
batch_size: 4,Best_test_acc: 21.50943396226415

Running: dataset=HIC, loss=UnimodalNet_absdistance, model=resnet18_GaussianFC_weights, lr=5e-4, lamda=5
HIC train: 1060 images, 5 decades
HIC test: 265 images, 5 decades
* Epoch 1/30
- 3s - train_Loss: 688.8620 - train_Acc: 19.91%
- 1s - test_Loss: 9871.8641 - test_Acc: 20.75%
dataset: HIC, loss_fn: UnimodalNet_absdistance, non_pre_weighted
batch_size: 4, lr: 0.0005, epochs: 30
time: 110.71s, model: resnet18_GaussianFC_weights
lamda: 5.0
batch_size: 4,Best_test_acc: 20.754716981132077

Running: dataset=HIC, loss=UnimodalNet_absdistance, model=resnet18_GaussianFC_weights, lr=1e-4, lamda=5
HIC train: 1060 images, 5 decades
HIC test: 265 images, 5 decades
* Epoch 1/30
- 3s - train_Loss: 1159.1594 - train_Acc: 20.28%
- 1s - test_Loss: 3422.3991 - test_Acc: 20.00%
dataset: HIC, loss_fn: UnimodalNet_absdistance, non_pre_weighted
batch_size: 4, lr: 0.0001, epochs: 30
time: 115.49s, model: resnet18_GaussianFC_weights
lamda: 5.0
batch_size: 4,Best_test_acc: 25.28301886792453

